{"total": {"lines":{"total":1691,"covered":1354,"skipped":0,"pct":80.07},"statements":{"total":1921,"covered":1532,"skipped":0,"pct":79.75},"functions":{"total":594,"covered":464,"skipped":0,"pct":78.11},"branches":{"total":1183,"covered":860,"skipped":0,"pct":72.69},"branchesTrue":{"total":0,"covered":0,"skipped":0,"pct":100}}
,"/home/phuc/aurum-wallet/src/components/BudgetProgressCard.tsx": {"lines":{"total":15,"covered":15,"skipped":0,"pct":100},"functions":{"total":7,"covered":7,"skipped":0,"pct":100},"statements":{"total":20,"covered":20,"skipped":0,"pct":100},"branches":{"total":12,"covered":12,"skipped":0,"pct":100}}
,"/home/phuc/aurum-wallet/src/components/CategoryPicker.tsx": {"lines":{"total":15,"covered":14,"skipped":0,"pct":93.33},"functions":{"total":10,"covered":9,"skipped":0,"pct":90},"statements":{"total":17,"covered":16,"skipped":0,"pct":94.11},"branches":{"total":14,"covered":13,"skipped":0,"pct":92.85}}
,"/home/phuc/aurum-wallet/src/components/FilterModal.tsx": {"lines":{"total":42,"covered":42,"skipped":0,"pct":100},"functions":{"total":23,"covered":23,"skipped":0,"pct":100},"statements":{"total":50,"covered":50,"skipped":0,"pct":100},"branches":{"total":36,"covered":36,"skipped":0,"pct":100}}
,"/home/phuc/aurum-wallet/src/components/GlobalFAB.tsx": {"lines":{"total":22,"covered":22,"skipped":0,"pct":100},"functions":{"total":8,"covered":8,"skipped":0,"pct":100},"statements":{"total":22,"covered":22,"skipped":0,"pct":100},"branches":{"total":14,"covered":14,"skipped":0,"pct":100}}
,"/home/phuc/aurum-wallet/src/components/InsightCard.tsx": {"lines":{"total":11,"covered":11,"skipped":0,"pct":100},"functions":{"total":3,"covered":3,"skipped":0,"pct":100},"statements":{"total":11,"covered":11,"skipped":0,"pct":100},"branches":{"total":12,"covered":12,"skipped":0,"pct":100}}
,"/home/phuc/aurum-wallet/src/components/MetricCard.tsx": {"lines":{"total":3,"covered":3,"skipped":0,"pct":100},"functions":{"total":1,"covered":1,"skipped":0,"pct":100},"statements":{"total":3,"covered":3,"skipped":0,"pct":100},"branches":{"total":7,"covered":7,"skipped":0,"pct":100}}
,"/home/phuc/aurum-wallet/src/components/MoneyAmount.tsx": {"lines":{"total":19,"covered":19,"skipped":0,"pct":100},"functions":{"total":2,"covered":2,"skipped":0,"pct":100},"statements":{"total":22,"covered":21,"skipped":0,"pct":95.45},"branches":{"total":24,"covered":23,"skipped":0,"pct":95.83}}
,"/home/phuc/aurum-wallet/src/components/SavingsGoalCard.tsx": {"lines":{"total":14,"covered":13,"skipped":0,"pct":92.85},"functions":{"total":1,"covered":1,"skipped":0,"pct":100},"statements":{"total":15,"covered":14,"skipped":0,"pct":93.33},"branches":{"total":21,"covered":19,"skipped":0,"pct":90.47}}
,"/home/phuc/aurum-wallet/src/components/SummaryCard.tsx": {"lines":{"total":9,"covered":9,"skipped":0,"pct":100},"functions":{"total":2,"covered":2,"skipped":0,"pct":100},"statements":{"total":9,"covered":9,"skipped":0,"pct":100},"branches":{"total":3,"covered":3,"skipped":0,"pct":100}}
,"/home/phuc/aurum-wallet/src/components/TagPicker.tsx": {"lines":{"total":29,"covered":29,"skipped":0,"pct":100},"functions":{"total":15,"covered":15,"skipped":0,"pct":100},"statements":{"total":36,"covered":36,"skipped":0,"pct":100},"branches":{"total":12,"covered":12,"skipped":0,"pct":100}}
,"/home/phuc/aurum-wallet/src/components/TransactionItem.tsx": {"lines":{"total":31,"covered":30,"skipped":0,"pct":96.77},"functions":{"total":12,"covered":11,"skipped":0,"pct":91.66},"statements":{"total":39,"covered":38,"skipped":0,"pct":97.43},"branches":{"total":27,"covered":20,"skipped":0,"pct":74.07}}
,"/home/phuc/aurum-wallet/src/components/WalletCard.tsx": {"lines":{"total":4,"covered":4,"skipped":0,"pct":100},"functions":{"total":2,"covered":2,"skipped":0,"pct":100},"statements":{"total":4,"covered":4,"skipped":0,"pct":100},"branches":{"total":2,"covered":2,"skipped":0,"pct":100}}
,"/home/phuc/aurum-wallet/src/components/WalletPicker.tsx": {"lines":{"total":13,"covered":12,"skipped":0,"pct":92.3},"functions":{"total":9,"covered":8,"skipped":0,"pct":88.88},"statements":{"total":16,"covered":15,"skipped":0,"pct":93.75},"branches":{"total":12,"covered":9,"skipped":0,"pct":75}}
,"/home/phuc/aurum-wallet/src/database/db.ts": {"lines":{"total":47,"covered":34,"skipped":0,"pct":72.34},"functions":{"total":9,"covered":7,"skipped":0,"pct":77.77},"statements":{"total":48,"covered":34,"skipped":0,"pct":70.83},"branches":{"total":4,"covered":3,"skipped":0,"pct":75}}
,"/home/phuc/aurum-wallet/src/database/schema.ts": {"lines":{"total":11,"covered":11,"skipped":0,"pct":100},"functions":{"total":0,"covered":0,"skipped":0,"pct":100},"statements":{"total":11,"covered":11,"skipped":0,"pct":100},"branches":{"total":0,"covered":0,"skipped":0,"pct":100}}
,"/home/phuc/aurum-wallet/src/navigation/AppNavigator.tsx": {"lines":{"total":24,"covered":0,"skipped":0,"pct":0},"functions":{"total":7,"covered":0,"skipped":0,"pct":0},"statements":{"total":24,"covered":0,"skipped":0,"pct":0},"branches":{"total":14,"covered":0,"skipped":0,"pct":0}}
,"/home/phuc/aurum-wallet/src/screens/AddEditBudgetScreen.tsx": {"lines":{"total":48,"covered":44,"skipped":0,"pct":91.66},"functions":{"total":14,"covered":14,"skipped":0,"pct":100},"statements":{"total":56,"covered":52,"skipped":0,"pct":92.85},"branches":{"total":39,"covered":35,"skipped":0,"pct":89.74}}
,"/home/phuc/aurum-wallet/src/screens/AddEditRecurringTransactionScreen.tsx": {"lines":{"total":86,"covered":67,"skipped":0,"pct":77.9},"functions":{"total":13,"covered":11,"skipped":0,"pct":84.61},"statements":{"total":91,"covered":72,"skipped":0,"pct":79.12},"branches":{"total":77,"covered":50,"skipped":0,"pct":64.93}}
,"/home/phuc/aurum-wallet/src/screens/AddEditSavingsGoalScreen.tsx": {"lines":{"total":58,"covered":42,"skipped":0,"pct":72.41},"functions":{"total":14,"covered":7,"skipped":0,"pct":50},"statements":{"total":60,"covered":42,"skipped":0,"pct":70},"branches":{"total":54,"covered":33,"skipped":0,"pct":61.11}}
,"/home/phuc/aurum-wallet/src/screens/AddEditTemplateScreen.tsx": {"lines":{"total":57,"covered":35,"skipped":0,"pct":61.4},"functions":{"total":11,"covered":8,"skipped":0,"pct":72.72},"statements":{"total":62,"covered":38,"skipped":0,"pct":61.29},"branches":{"total":48,"covered":24,"skipped":0,"pct":50}}
,"/home/phuc/aurum-wallet/src/screens/AddEditWalletScreen.tsx": {"lines":{"total":46,"covered":0,"skipped":0,"pct":0},"functions":{"total":14,"covered":0,"skipped":0,"pct":0},"statements":{"total":54,"covered":0,"skipped":0,"pct":0},"branches":{"total":34,"covered":0,"skipped":0,"pct":0}}
,"/home/phuc/aurum-wallet/src/screens/AddTransactionScreen.tsx": {"lines":{"total":80,"covered":74,"skipped":0,"pct":92.5},"functions":{"total":21,"covered":18,"skipped":0,"pct":85.71},"statements":{"total":92,"covered":84,"skipped":0,"pct":91.3},"branches":{"total":88,"covered":70,"skipped":0,"pct":79.54}}
,"/home/phuc/aurum-wallet/src/screens/BudgetsScreen.tsx": {"lines":{"total":15,"covered":15,"skipped":0,"pct":100},"functions":{"total":12,"covered":12,"skipped":0,"pct":100},"statements":{"total":22,"covered":22,"skipped":0,"pct":100},"branches":{"total":0,"covered":0,"skipped":0,"pct":100}}
,"/home/phuc/aurum-wallet/src/screens/CalendarScreen.tsx": {"lines":{"total":46,"covered":35,"skipped":0,"pct":76.08},"functions":{"total":20,"covered":13,"skipped":0,"pct":65},"statements":{"total":53,"covered":40,"skipped":0,"pct":75.47},"branches":{"total":26,"covered":17,"skipped":0,"pct":65.38}}
,"/home/phuc/aurum-wallet/src/screens/DashboardScreen.tsx": {"lines":{"total":30,"covered":30,"skipped":0,"pct":100},"functions":{"total":18,"covered":18,"skipped":0,"pct":100},"statements":{"total":37,"covered":37,"skipped":0,"pct":100},"branches":{"total":20,"covered":20,"skipped":0,"pct":100}}
,"/home/phuc/aurum-wallet/src/screens/OnboardingScreen.tsx": {"lines":{"total":34,"covered":0,"skipped":0,"pct":0},"functions":{"total":8,"covered":0,"skipped":0,"pct":0},"statements":{"total":35,"covered":0,"skipped":0,"pct":0},"branches":{"total":18,"covered":0,"skipped":0,"pct":0}}
,"/home/phuc/aurum-wallet/src/screens/PendingRecurringScreen.tsx": {"lines":{"total":53,"covered":44,"skipped":0,"pct":83.01},"functions":{"total":25,"covered":20,"skipped":0,"pct":80},"statements":{"total":65,"covered":53,"skipped":0,"pct":81.53},"branches":{"total":42,"covered":29,"skipped":0,"pct":69.04}}
,"/home/phuc/aurum-wallet/src/screens/PinLockScreen.tsx": {"lines":{"total":3,"covered":0,"skipped":0,"pct":0},"functions":{"total":1,"covered":0,"skipped":0,"pct":0},"statements":{"total":3,"covered":0,"skipped":0,"pct":0},"branches":{"total":0,"covered":0,"skipped":0,"pct":100}}
,"/home/phuc/aurum-wallet/src/screens/RecurringTransactionsScreen.tsx": {"lines":{"total":17,"covered":15,"skipped":0,"pct":88.23},"functions":{"total":12,"covered":9,"skipped":0,"pct":75},"statements":{"total":24,"covered":21,"skipped":0,"pct":87.5},"branches":{"total":27,"covered":23,"skipped":0,"pct":85.18}}
,"/home/phuc/aurum-wallet/src/screens/ReportsScreen.tsx": {"lines":{"total":9,"covered":3,"skipped":0,"pct":33.33},"functions":{"total":7,"covered":1,"skipped":0,"pct":14.28},"statements":{"total":9,"covered":3,"skipped":0,"pct":33.33},"branches":{"total":0,"covered":0,"skipped":0,"pct":100}}
,"/home/phuc/aurum-wallet/src/screens/SavingsGoalDetailScreen.tsx": {"lines":{"total":59,"covered":53,"skipped":0,"pct":89.83},"functions":{"total":13,"covered":9,"skipped":0,"pct":69.23},"statements":{"total":69,"covered":58,"skipped":0,"pct":84.05},"branches":{"total":38,"covered":23,"skipped":0,"pct":60.52}}
,"/home/phuc/aurum-wallet/src/screens/SavingsGoalsScreen.tsx": {"lines":{"total":7,"covered":0,"skipped":0,"pct":0},"functions":{"total":6,"covered":0,"skipped":0,"pct":0},"statements":{"total":9,"covered":0,"skipped":0,"pct":0},"branches":{"total":0,"covered":0,"skipped":0,"pct":100}}
,"/home/phuc/aurum-wallet/src/screens/SettingsScreen.tsx": {"lines":{"total":35,"covered":25,"skipped":0,"pct":71.42},"functions":{"total":14,"covered":7,"skipped":0,"pct":50},"statements":{"total":36,"covered":26,"skipped":0,"pct":72.22},"branches":{"total":10,"covered":3,"skipped":0,"pct":30}}
,"/home/phuc/aurum-wallet/src/screens/SpendingChartsScreen.tsx": {"lines":{"total":45,"covered":0,"skipped":0,"pct":0},"functions":{"total":16,"covered":0,"skipped":0,"pct":0},"statements":{"total":50,"covered":0,"skipped":0,"pct":0},"branches":{"total":28,"covered":0,"skipped":0,"pct":0}}
,"/home/phuc/aurum-wallet/src/screens/SubscriptionsScreen.tsx": {"lines":{"total":32,"covered":24,"skipped":0,"pct":75},"functions":{"total":12,"covered":8,"skipped":0,"pct":66.66},"statements":{"total":39,"covered":28,"skipped":0,"pct":71.79},"branches":{"total":18,"covered":12,"skipped":0,"pct":66.66}}
,"/home/phuc/aurum-wallet/src/screens/TagsScreen.tsx": {"lines":{"total":40,"covered":32,"skipped":0,"pct":80},"functions":{"total":16,"covered":14,"skipped":0,"pct":87.5},"statements":{"total":46,"covered":37,"skipped":0,"pct":80.43},"branches":{"total":14,"covered":7,"skipped":0,"pct":50}}
,"/home/phuc/aurum-wallet/src/screens/TemplatesScreen.tsx": {"lines":{"total":20,"covered":18,"skipped":0,"pct":90},"functions":{"total":15,"covered":11,"skipped":0,"pct":73.33},"statements":{"total":26,"covered":22,"skipped":0,"pct":84.61},"branches":{"total":6,"covered":5,"skipped":0,"pct":83.33}}
,"/home/phuc/aurum-wallet/src/screens/TransactionsScreen.tsx": {"lines":{"total":12,"covered":12,"skipped":0,"pct":100},"functions":{"total":6,"covered":6,"skipped":0,"pct":100},"statements":{"total":12,"covered":12,"skipped":0,"pct":100},"branches":{"total":2,"covered":2,"skipped":0,"pct":100}}
,"/home/phuc/aurum-wallet/src/screens/WalletsScreen.tsx": {"lines":{"total":8,"covered":8,"skipped":0,"pct":100},"functions":{"total":6,"covered":6,"skipped":0,"pct":100},"statements":{"total":10,"covered":10,"skipped":0,"pct":100},"branches":{"total":0,"covered":0,"skipped":0,"pct":100}}
,"/home/phuc/aurum-wallet/src/services/BudgetService.ts": {"lines":{"total":26,"covered":26,"skipped":0,"pct":100},"functions":{"total":8,"covered":8,"skipped":0,"pct":100},"statements":{"total":30,"covered":30,"skipped":0,"pct":100},"branches":{"total":10,"covered":10,"skipped":0,"pct":100}}
,"/home/phuc/aurum-wallet/src/services/CategoryService.ts": {"lines":{"total":21,"covered":21,"skipped":0,"pct":100},"functions":{"total":6,"covered":6,"skipped":0,"pct":100},"statements":{"total":22,"covered":22,"skipped":0,"pct":100},"branches":{"total":22,"covered":22,"skipped":0,"pct":100}}
,"/home/phuc/aurum-wallet/src/services/FinancialIntegrityService.ts": {"lines":{"total":35,"covered":35,"skipped":0,"pct":100},"functions":{"total":6,"covered":6,"skipped":0,"pct":100},"statements":{"total":37,"covered":37,"skipped":0,"pct":100},"branches":{"total":19,"covered":16,"skipped":0,"pct":84.21}}
,"/home/phuc/aurum-wallet/src/services/InsightEngine.ts": {"lines":{"total":40,"covered":40,"skipped":0,"pct":100},"functions":{"total":15,"covered":15,"skipped":0,"pct":100},"statements":{"total":49,"covered":49,"skipped":0,"pct":100},"branches":{"total":38,"covered":34,"skipped":0,"pct":89.47}}
,"/home/phuc/aurum-wallet/src/services/RecurringTransactionService.ts": {"lines":{"total":32,"covered":32,"skipped":0,"pct":100},"functions":{"total":10,"covered":10,"skipped":0,"pct":100},"statements":{"total":34,"covered":34,"skipped":0,"pct":100},"branches":{"total":32,"covered":26,"skipped":0,"pct":81.25}}
,"/home/phuc/aurum-wallet/src/services/SavingsGoalService.ts": {"lines":{"total":19,"covered":19,"skipped":0,"pct":100},"functions":{"total":6,"covered":6,"skipped":0,"pct":100},"statements":{"total":21,"covered":21,"skipped":0,"pct":100},"branches":{"total":28,"covered":28,"skipped":0,"pct":100}}
,"/home/phuc/aurum-wallet/src/services/SettingsService.ts": {"lines":{"total":15,"covered":1,"skipped":0,"pct":6.66},"functions":{"total":7,"covered":0,"skipped":0,"pct":0},"statements":{"total":15,"covered":1,"skipped":0,"pct":6.66},"branches":{"total":6,"covered":0,"skipped":0,"pct":0}}
,"/home/phuc/aurum-wallet/src/services/TagService.ts": {"lines":{"total":18,"covered":18,"skipped":0,"pct":100},"functions":{"total":6,"covered":6,"skipped":0,"pct":100},"statements":{"total":18,"covered":18,"skipped":0,"pct":100},"branches":{"total":4,"covered":4,"skipped":0,"pct":100}}
,"/home/phuc/aurum-wallet/src/services/TransactionService.ts": {"lines":{"total":70,"covered":70,"skipped":0,"pct":100},"functions":{"total":7,"covered":7,"skipped":0,"pct":100},"statements":{"total":72,"covered":72,"skipped":0,"pct":100},"branches":{"total":78,"covered":75,"skipped":0,"pct":96.15}}
,"/home/phuc/aurum-wallet/src/services/TransactionTemplateService.ts": {"lines":{"total":14,"covered":14,"skipped":0,"pct":100},"functions":{"total":4,"covered":4,"skipped":0,"pct":100},"statements":{"total":14,"covered":14,"skipped":0,"pct":100},"branches":{"total":16,"covered":16,"skipped":0,"pct":100}}
,"/home/phuc/aurum-wallet/src/services/WalletService.ts": {"lines":{"total":16,"covered":16,"skipped":0,"pct":100},"functions":{"total":7,"covered":7,"skipped":0,"pct":100},"statements":{"total":18,"covered":18,"skipped":0,"pct":100},"branches":{"total":18,"covered":18,"skipped":0,"pct":100}}
,"/home/phuc/aurum-wallet/src/store/useFinanceStore.ts": {"lines":{"total":166,"covered":150,"skipped":0,"pct":90.36},"functions":{"total":78,"covered":69,"skipped":0,"pct":88.46},"statements":{"total":196,"covered":170,"skipped":0,"pct":86.73},"branches":{"total":87,"covered":55,"skipped":0,"pct":63.21}}
,"/home/phuc/aurum-wallet/src/store/useSettingsStore.ts": {"lines":{"total":18,"covered":16,"skipped":0,"pct":88.88},"functions":{"total":8,"covered":8,"skipped":0,"pct":100},"statements":{"total":22,"covered":20,"skipped":0,"pct":90.9},"branches":{"total":0,"covered":0,"skipped":0,"pct":100}}
,"/home/phuc/aurum-wallet/src/utils/chartHelpers.ts": {"lines":{"total":52,"covered":52,"skipped":0,"pct":100},"functions":{"total":21,"covered":21,"skipped":0,"pct":100},"statements":{"total":66,"covered":65,"skipped":0,"pct":98.48},"branches":{"total":22,"covered":18,"skipped":0,"pct":81.81}}
}
