TN:
SF:src/components/BudgetProgressCard.tsx
FN:12,(anonymous_0)
FN:13,(anonymous_1)
FN:14,(anonymous_2)
FN:16,(anonymous_3)
FN:19,(anonymous_4)
FN:21,(anonymous_5)
FN:22,(anonymous_6)
FN:26,(anonymous_7)
FNF:8
FNH:7
FNDA:4,(anonymous_0)
FNDA:4,(anonymous_1)
FNDA:4,(anonymous_2)
FNDA:3,(anonymous_3)
FNDA:4,(anonymous_4)
FNDA:7,(anonymous_5)
FNDA:5,(anonymous_6)
FNDA:0,(anonymous_7)
DA:12,1
DA:13,4
DA:14,4
DA:16,4
DA:19,4
DA:20,4
DA:21,7
DA:23,5
DA:24,5
DA:26,0
DA:29,4
DA:31,4
DA:32,4
DA:33,4
DA:35,4
DA:58,1
LF:16
LH:15
BRDA:21,0,0,7
BRDA:21,0,1,6
BRDA:24,1,0,5
BRDA:24,1,1,4
BRDA:32,2,0,0
BRDA:32,2,1,4
BRDA:33,3,0,0
BRDA:33,3,1,4
BRDA:38,4,0,4
BRDA:38,4,1,1
BRDA:51,5,0,0
BRDA:51,5,1,4
BRF:12
BRH:9
end_of_record
TN:
SF:src/components/CategoryPicker.tsx
FN:14,(anonymous_0)
FN:16,(anonymous_1)
FN:19,(anonymous_2)
FN:20,(anonymous_3)
FN:22,(anonymous_4)
FN:29,(anonymous_5)
FN:42,(anonymous_6)
FN:48,(anonymous_7)
FN:49,(anonymous_8)
FN:52,(anonymous_9)
FNF:10
FNH:9
FNDA:13,(anonymous_0)
FNDA:13,(anonymous_1)
FNDA:10,(anonymous_2)
FNDA:18,(anonymous_3)
FNDA:26,(anonymous_4)
FNDA:2,(anonymous_5)
FNDA:0,(anonymous_6)
FNDA:5,(anonymous_7)
FNDA:3,(anonymous_8)
FNDA:1,(anonymous_9)
DA:14,2
DA:15,13
DA:16,13
DA:18,13
DA:19,10
DA:20,18
DA:22,26
DA:24,13
DA:29,2
DA:42,0
DA:48,5
DA:50,3
DA:53,1
DA:54,1
DA:69,2
LF:15
LH:14
BRDA:18,0,0,7
BRDA:18,0,1,6
BRDA:19,1,0,10
BRDA:19,1,1,6
BRDA:28,2,0,1
BRDA:28,2,1,12
BRDA:31,3,0,2
BRDA:31,3,1,11
BRDA:32,4,0,2
BRDA:32,4,1,11
BRDA:35,5,0,13
BRDA:35,5,1,1
BRDA:58,6,0,3
BRDA:58,6,1,0
BRF:14
BRH:13
end_of_record
TN:
SF:src/components/CustomHeader.tsx
FN:14,(anonymous_0)
FN:24,(anonymous_1)
FNF:2
FNH:1
FNDA:116,(anonymous_0)
FNDA:0,(anonymous_1)
DA:14,16
DA:15,116
DA:16,116
DA:18,116
DA:24,0
DA:41,16
LF:6
LH:5
BRDA:14,0,0,15
BRDA:21,1,0,116
BRDA:21,1,1,101
BRDA:32,2,0,116
BRDA:32,2,1,8
BRF:5
BRH:5
end_of_record
TN:
SF:src/components/EmptyState.tsx
FN:13,(anonymous_0)
FNF:1
FNH:0
FNDA:0,(anonymous_0)
DA:13,0
DA:19,0
DA:31,0
LF:3
LH:0
BRDA:16,0,0,0
BRDA:25,1,0,0
BRDA:25,1,1,0
BRDA:26,2,0,0
BRDA:26,2,1,0
BRF:5
BRH:0
end_of_record
TN:
SF:src/components/FilterModal.tsx
FN:13,(anonymous_0)
FN:14,(anonymous_1)
FN:15,(anonymous_2)
FN:16,(anonymous_3)
FN:17,(anonymous_4)
FN:19,(anonymous_5)
FN:20,(anonymous_6)
FN:21,(anonymous_7)
FN:26,(anonymous_8)
FN:33,(anonymous_9)
FN:39,(anonymous_10)
FN:44,(anonymous_11)
FN:47,(anonymous_12)
FN:71,(anonymous_13)
FN:75,(anonymous_14)
FN:87,(anonymous_15)
FN:93,(anonymous_16)
FN:106,(anonymous_17)
FN:112,(anonymous_18)
FN:123,(anonymous_19)
FN:129,(anonymous_20)
FN:142,(anonymous_21)
FN:148,(anonymous_22)
FNF:23
FNH:23
FNDA:16,(anonymous_0)
FNDA:16,(anonymous_1)
FNDA:16,(anonymous_2)
FNDA:16,(anonymous_3)
FNDA:16,(anonymous_4)
FNDA:16,(anonymous_5)
FNDA:16,(anonymous_6)
FNDA:16,(anonymous_7)
FNDA:9,(anonymous_8)
FNDA:6,(anonymous_9)
FNDA:1,(anonymous_10)
FNDA:5,(anonymous_11)
FNDA:1,(anonymous_12)
FNDA:64,(anonymous_13)
FNDA:1,(anonymous_14)
FNDA:48,(anonymous_15)
FNDA:2,(anonymous_16)
FNDA:16,(anonymous_17)
FNDA:1,(anonymous_18)
FNDA:16,(anonymous_19)
FNDA:1,(anonymous_20)
FNDA:16,(anonymous_21)
FNDA:1,(anonymous_22)
DA:13,1
DA:14,16
DA:15,16
DA:16,16
DA:17,16
DA:19,16
DA:20,16
DA:21,16
DA:23,16
DA:24,16
DA:26,16
DA:27,9
DA:28,8
DA:29,8
DA:33,16
DA:34,6
DA:35,6
DA:36,6
DA:39,16
DA:40,1
DA:41,1
DA:44,16
DA:45,5
DA:46,5
DA:47,1
DA:49,4
DA:53,16
DA:72,64
DA:75,1
DA:88,48
DA:89,48
DA:93,2
DA:107,16
DA:108,16
DA:112,1
DA:124,16
DA:125,16
DA:129,1
DA:143,16
DA:144,16
DA:148,1
DA:169,1
LF:42
LH:42
BRDA:27,0,0,8
BRDA:27,0,1,1
BRDA:45,1,0,5
BRDA:45,1,1,3
BRDA:46,2,0,1
BRDA:46,2,1,4
BRDA:74,3,0,64
BRDA:74,3,1,16
BRDA:77,4,0,64
BRDA:77,4,1,16
BRDA:88,5,0,48
BRDA:88,5,1,3
BRDA:92,6,0,48
BRDA:92,6,1,14
BRDA:95,7,0,48
BRDA:95,7,1,14
BRDA:107,8,0,16
BRDA:107,8,1,15
BRDA:111,9,0,16
BRDA:111,9,1,1
BRDA:114,10,0,16
BRDA:114,10,1,1
BRDA:124,11,0,16
BRDA:124,11,1,15
BRDA:128,12,0,16
BRDA:128,12,1,1
BRDA:131,13,0,16
BRDA:131,13,1,1
BRDA:138,14,0,16
BRDA:138,14,1,16
BRDA:143,15,0,16
BRDA:143,15,1,15
BRDA:147,16,0,16
BRDA:147,16,1,1
BRDA:150,17,0,16
BRDA:150,17,1,1
BRF:36
BRH:36
end_of_record
TN:
SF:src/components/GlobalFAB.tsx
FN:11,(anonymous_0)
FN:15,(anonymous_1)
FN:19,(anonymous_2)
FN:45,(anonymous_3)
FN:55,(anonymous_4)
FN:65,(anonymous_5)
FN:78,(anonymous_6)
FN:88,(anonymous_7)
FNF:8
FNH:8
FNDA:23,(anonymous_0)
FNDA:8,(anonymous_1)
FNDA:4,(anonymous_2)
FNDA:1,(anonymous_3)
FNDA:1,(anonymous_4)
FNDA:1,(anonymous_5)
FNDA:1,(anonymous_6)
FNDA:1,(anonymous_7)
DA:11,2
DA:12,23
DA:13,23
DA:15,23
DA:16,8
DA:19,23
DA:20,4
DA:22,4
DA:23,1
DA:24,3
DA:25,1
DA:26,2
DA:27,1
DA:29,1
DA:33,23
DA:45,1
DA:55,1
DA:66,1
DA:67,1
DA:78,1
DA:88,1
DA:110,2
LF:22
LH:22
BRDA:22,0,0,1
BRDA:22,0,1,3
BRDA:24,1,0,1
BRDA:24,1,1,2
BRDA:26,2,0,1
BRDA:26,2,1,1
BRDA:35,3,0,23
BRDA:35,3,1,7
BRDA:101,4,0,23
BRDA:101,4,1,7
BRDA:104,5,0,7
BRDA:104,5,1,16
BRDA:104,6,0,7
BRDA:104,6,1,16
BRF:14
BRH:14
end_of_record
TN:
SF:src/components/InsightCard.tsx
FN:12,(anonymous_0)
FN:13,(anonymous_1)
FN:44,(anonymous_2)
FNF:3
FNH:3
FNDA:6,(anonymous_0)
FNDA:6,(anonymous_1)
FNDA:1,(anonymous_2)
DA:12,1
DA:13,6
DA:14,6
DA:16,1
DA:18,1
DA:20,1
DA:23,3
DA:27,6
DA:29,6
DA:44,1
DA:53,1
LF:11
LH:11
BRDA:14,0,0,1
BRDA:14,0,1,1
BRDA:14,0,2,1
BRDA:14,0,3,3
BRDA:14,0,4,3
BRDA:32,1,0,6
BRDA:32,1,1,1
BRDA:41,2,0,6
BRDA:41,2,1,2
BRDA:41,2,2,1
BRDA:44,3,0,1
BRDA:44,3,1,1
BRF:12
BRH:12
end_of_record
TN:
SF:src/components/MetricCard.tsx
FN:16,(anonymous_0)
FNF:1
FNH:1
FNDA:4,(anonymous_0)
DA:16,1
DA:17,4
DA:41,1
LF:3
LH:3
BRDA:16,0,0,4
BRDA:29,1,0,4
BRDA:29,1,1,3
BRDA:31,2,0,3
BRDA:31,2,1,1
BRDA:32,3,0,3
BRDA:32,3,1,1
BRF:7
BRH:7
end_of_record
TN:
SF:src/components/MoneyAmount.tsx
FN:13,(anonymous_0)
FN:21,(anonymous_1)
FNF:2
FNH:2
FNDA:47,(anonymous_0)
FNDA:107,(anonymous_1)
DA:13,11
DA:21,107
DA:22,47
DA:24,47
DA:30,47
DA:31,47
DA:32,1
DA:33,46
DA:34,2
DA:36,47
DA:38,47
DA:39,47
DA:40,15
DA:41,15
DA:42,32
DA:43,5
DA:44,27
DA:45,1
DA:48,47
LF:19
LH:19
BRDA:16,0,0,44
BRDA:17,1,0,12
BRDA:22,2,0,47
BRDA:22,2,1,29
BRDA:27,3,0,26
BRDA:27,3,1,21
BRDA:31,4,0,1
BRDA:31,4,1,46
BRDA:31,5,0,47
BRDA:31,5,1,47
BRDA:33,6,0,2
BRDA:33,6,1,44
BRDA:33,7,0,46
BRDA:33,7,1,2
BRDA:39,8,0,15
BRDA:39,8,1,32
BRDA:40,9,0,13
BRDA:40,9,1,2
BRDA:41,10,0,0
BRDA:41,10,1,15
BRDA:42,11,0,5
BRDA:42,11,1,27
BRDA:44,12,0,1
BRDA:44,12,1,26
BRF:24
BRH:23
end_of_record
TN:
SF:src/components/SavingsDepositCard.tsx
FN:13,(anonymous_0)
FN:16,(anonymous_1)
FN:25,(anonymous_2)
FNF:3
FNH:0
FNDA:0,(anonymous_0)
FNDA:0,(anonymous_1)
FNDA:0,(anonymous_2)
DA:13,0
DA:14,0
DA:16,0
DA:17,0
DA:18,0
DA:19,0
DA:20,0
DA:21,0
DA:25,0
DA:26,0
DA:27,0
DA:28,0
DA:29,0
DA:30,0
DA:34,0
DA:73,0
LF:16
LH:0
BRDA:17,0,0,0
BRDA:17,0,1,0
BRDA:17,0,2,0
BRDA:17,0,3,0
BRDA:26,1,0,0
BRDA:26,1,1,0
BRDA:26,1,2,0
BRDA:26,1,3,0
BRF:8
BRH:0
end_of_record
TN:
SF:src/components/SavingsGoalCard.tsx
FN:13,(anonymous_0)
FNF:1
FNH:1
FNDA:7,(anonymous_0)
DA:13,2
DA:14,7
DA:16,7
DA:17,7
DA:19,7
DA:20,7
DA:21,6
DA:22,6
DA:23,1
DA:24,5
DA:25,0
DA:27,5
DA:31,7
DA:65,2
LF:14
LH:13
BRDA:16,0,0,7
BRDA:16,0,1,6
BRDA:17,1,0,1
BRDA:17,1,1,6
BRDA:17,2,0,7
BRDA:17,2,1,6
BRDA:20,3,0,6
BRDA:20,3,1,1
BRDA:20,4,0,7
BRDA:20,4,1,6
BRDA:20,4,2,6
BRDA:22,5,0,1
BRDA:22,5,1,5
BRDA:24,6,0,0
BRDA:24,6,1,5
BRDA:35,7,0,6
BRDA:35,7,1,1
BRDA:35,8,0,7
BRDA:35,8,1,1
BRDA:36,9,0,6
BRDA:36,9,1,6
BRDA:55,10,0,6
BRDA:55,10,1,1
BRDA:58,11,0,1
BRDA:58,11,1,0
BRF:25
BRH:23
end_of_record
TN:
SF:src/components/SummaryCard.tsx
FN:14,(anonymous_0)
FN:15,(anonymous_1)
FNF:2
FNH:2
FNDA:3,(anonymous_0)
FNDA:3,(anonymous_1)
DA:14,1
DA:15,3
DA:16,3
DA:17,1
DA:18,1
DA:19,1
DA:23,3
DA:25,3
DA:38,1
LF:9
LH:9
BRDA:16,0,0,1
BRDA:16,0,1,1
BRDA:16,0,2,1
BRDA:26,1,0,1
BRDA:26,1,1,2
BRF:5
BRH:5
end_of_record
TN:
SF:src/components/TagPicker.tsx
FN:15,(anonymous_0)
FN:16,(anonymous_1)
FN:17,(anonymous_2)
FN:21,(anonymous_3)
FN:23,(anonymous_4)
FN:29,(anonymous_5)
FN:33,(anonymous_6)
FN:46,(anonymous_7)
FN:53,(anonymous_8)
FN:54,(anonymous_9)
FN:59,(anonymous_10)
FN:69,(anonymous_11)
FN:88,(anonymous_12)
FN:94,(anonymous_13)
FN:105,(anonymous_14)
FNF:15
FNH:14
FNDA:26,(anonymous_0)
FNDA:26,(anonymous_1)
FNDA:26,(anonymous_2)
FNDA:3,(anonymous_3)
FNDA:2,(anonymous_4)
FNDA:4,(anonymous_5)
FNDA:5,(anonymous_6)
FNDA:52,(anonymous_7)
FNDA:4,(anonymous_8)
FNDA:1,(anonymous_9)
FNDA:9,(anonymous_10)
FNDA:0,(anonymous_11)
FNDA:52,(anonymous_12)
FNDA:2,(anonymous_13)
FNDA:2,(anonymous_14)
DA:15,1
DA:16,26
DA:17,26
DA:18,26
DA:19,26
DA:21,26
DA:22,3
DA:23,2
DA:25,1
DA:29,26
DA:30,4
DA:31,4
DA:33,5
DA:34,1
DA:35,1
DA:38,2
DA:39,2
DA:40,1
DA:42,1
DA:46,52
DA:48,26
DA:54,4
DA:59,9
DA:69,0
DA:89,52
DA:90,52
DA:94,2
DA:105,2
DA:115,1
LF:29
LH:28
BRDA:22,0,0,2
BRDA:22,0,1,1
BRDA:31,1,0,1
BRDA:31,1,1,3
BRDA:33,2,0,1
BRDA:33,2,1,2
BRDA:93,3,0,52
BRDA:93,3,1,4
BRDA:96,4,0,52
BRDA:96,4,1,4
BRDA:99,5,0,52
BRDA:99,5,1,4
BRF:12
BRH:12
end_of_record
TN:
SF:src/components/TransactionItem.tsx
FN:15,(anonymous_0)
FN:16,(anonymous_1)
FN:17,(anonymous_2)
FN:19,(anonymous_3)
FN:20,(anonymous_4)
FN:21,(anonymous_5)
FN:27,(anonymous_6)
FN:32,(anonymous_7)
FN:39,(anonymous_8)
FN:50,(anonymous_9)
FN:59,(anonymous_10)
FN:75,(anonymous_11)
FNF:12
FNH:11
FNDA:3,(anonymous_0)
FNDA:3,(anonymous_1)
FNDA:3,(anonymous_2)
FNDA:4,(anonymous_3)
FNDA:5,(anonymous_4)
FNDA:3,(anonymous_5)
FNDA:9,(anonymous_6)
FNDA:3,(anonymous_7)
FNDA:3,(anonymous_8)
FNDA:3,(anonymous_9)
FNDA:1,(anonymous_10)
FNDA:0,(anonymous_11)
DA:15,2
DA:16,3
DA:17,3
DA:19,4
DA:20,5
DA:21,3
DA:23,3
DA:24,3
DA:25,3
DA:27,3
DA:28,9
DA:29,6
DA:32,3
DA:33,3
DA:34,1
DA:36,2
DA:39,3
DA:40,3
DA:41,3
DA:42,3
DA:44,3
DA:45,3
DA:47,3
DA:50,3
DA:51,3
DA:52,2
DA:53,1
DA:56,3
DA:59,1
DA:76,0
DA:102,2
LF:31
LH:30
BRDA:28,0,0,3
BRDA:28,0,1,6
BRDA:29,1,0,6
BRDA:29,1,1,3
BRDA:29,2,0,0
BRDA:29,2,1,3
BRDA:33,3,0,1
BRDA:33,3,1,2
BRDA:34,4,0,1
BRDA:34,4,1,0
BRDA:36,5,0,2
BRDA:36,5,1,1
BRDA:41,6,0,3
BRDA:41,6,1,0
BRDA:44,7,0,3
BRDA:44,7,1,0
BRDA:51,8,0,1
BRDA:51,8,1,2
BRDA:52,9,0,1
BRDA:52,9,1,1
BRDA:62,10,0,3
BRDA:62,10,1,3
BRDA:63,11,0,2
BRDA:63,11,1,1
BRDA:63,12,0,3
BRDA:63,12,1,3
BRDA:73,13,0,3
BRDA:73,13,1,0
BRDA:73,13,2,0
BRDA:76,14,0,0
BRDA:76,14,1,0
BRDA:92,15,0,3
BRDA:92,15,1,0
BRDA:92,16,0,3
BRDA:92,16,1,3
BRF:35
BRH:26
end_of_record
TN:
SF:src/components/WalletCard.tsx
FN:13,(anonymous_0)
FN:14,(anonymous_1)
FN:15,(anonymous_2)
FN:20,(anonymous_3)
FNF:4
FNH:3
FNDA:3,(anonymous_0)
FNDA:3,(anonymous_1)
FNDA:0,(anonymous_2)
FNDA:1,(anonymous_3)
DA:13,1
DA:14,3
DA:15,3
DA:17,3
DA:20,1
DA:47,1
LF:6
LH:6
BRDA:19,0,0,3
BRDA:19,0,1,3
BRDA:26,1,0,3
BRDA:26,1,1,0
BRF:4
BRH:3
end_of_record
TN:
SF:src/components/WalletPicker.tsx
FN:18,(anonymous_0)
FN:20,(anonymous_1)
FN:21,(anonymous_2)
FN:23,(anonymous_3)
FN:27,(anonymous_4)
FN:35,(anonymous_5)
FN:42,(anonymous_6)
FN:55,(anonymous_7)
FN:61,(anonymous_8)
FN:62,(anonymous_9)
FN:65,(anonymous_10)
FNF:11
FNH:9
FNDA:16,(anonymous_0)
FNDA:16,(anonymous_1)
FNDA:16,(anonymous_2)
FNDA:29,(anonymous_3)
FNDA:0,(anonymous_4)
FNDA:27,(anonymous_5)
FNDA:2,(anonymous_6)
FNDA:0,(anonymous_7)
FNDA:5,(anonymous_8)
FNDA:3,(anonymous_9)
FNDA:1,(anonymous_10)
DA:18,3
DA:19,16
DA:20,16
DA:21,16
DA:23,16
DA:24,29
DA:26,20
DA:27,4
DA:28,4
DA:29,0
DA:33,20
DA:35,27
DA:37,16
DA:42,2
DA:55,0
DA:61,5
DA:63,3
DA:66,1
DA:67,1
DA:85,3
LF:20
LH:18
BRDA:24,0,0,9
BRDA:24,0,1,20
BRDA:24,1,0,29
BRDA:24,1,1,22
BRDA:26,2,0,4
BRDA:26,2,1,16
BRDA:28,3,0,0
BRDA:28,3,1,4
BRDA:28,4,0,4
BRDA:28,4,1,0
BRDA:41,5,0,0
BRDA:41,5,1,16
BRDA:44,6,0,5
BRDA:44,6,1,11
BRDA:45,7,0,5
BRDA:45,7,1,11
BRDA:48,8,0,16
BRDA:48,8,1,0
BRDA:74,9,0,3
BRDA:74,9,1,0
BRF:20
BRH:15
end_of_record
TN:
SF:src/components/charts/SpendingBreakdownChart.tsx
FN:12,SpendingBreakdownChart
FN:24,(anonymous_1)
FNF:2
FNH:0
FNDA:0,SpendingBreakdownChart
FNDA:0,(anonymous_1)
DA:13,0
DA:14,0
DA:17,0
DA:25,0
DA:57,0
LF:5
LH:0
BRDA:13,0,0,0
BRDA:13,0,1,0
BRDA:13,1,0,0
BRDA:13,1,1,0
BRF:4
BRH:0
end_of_record
TN:
SF:src/components/dashboard/FeatureTile.tsx
FN:15,(anonymous_0)
FN:24,(anonymous_1)
FN:33,(anonymous_2)
FNF:3
FNH:0
FNDA:0,(anonymous_0)
FNDA:0,(anonymous_1)
FNDA:0,(anonymous_2)
DA:15,0
DA:22,0
DA:24,0
DA:25,0
DA:33,0
DA:34,0
DA:42,0
DA:64,0
LF:8
LH:0
BRDA:20,0,0,0
BRDA:55,1,0,0
BRDA:55,1,1,0
BRF:3
BRH:0
end_of_record
TN:
SF:src/components/dashboard/SummaryMetricCard.tsx
FN:17,(anonymous_0)
FNF:1
FNH:0
FNDA:0,(anonymous_0)
DA:17,0
DA:25,0
DA:49,0
LF:3
LH:0
BRDA:23,0,0,0
BRDA:29,1,0,0
BRDA:29,1,1,0
BRDA:37,2,0,0
BRDA:37,2,1,0
BRDA:39,3,0,0
BRDA:39,3,1,0
BRDA:40,4,0,0
BRDA:40,4,1,0
BRF:9
BRH:0
end_of_record
TN:
SF:src/components/glass/AmountInput.tsx
FN:15,(anonymous_0)
FN:27,(anonymous_1)
FNF:2
FNH:1
FNDA:96,(anonymous_0)
FNDA:0,(anonymous_1)
DA:15,6
DA:24,96
DA:25,96
DA:27,96
DA:28,0
DA:37,96
DA:38,96
DA:40,96
DA:47,96
DA:63,6
LF:10
LH:9
BRDA:37,0,0,96
BRDA:37,0,1,0
BRDA:41,1,0,96
BRDA:41,1,1,0
BRDA:42,2,0,96
BRDA:42,2,1,81
BRDA:43,3,0,96
BRDA:43,3,1,15
BRDA:44,4,0,96
BRDA:44,4,1,0
BRF:10
BRH:7
end_of_record
TN:
SF:src/components/glass/AppAlert.tsx
FN:35,appAlert
FN:61,(anonymous_1)
FN:78,(anonymous_2)
FN:81,(anonymous_3)
FN:83,(anonymous_4)
FN:86,(anonymous_5)
FN:88,(anonymous_6)
FN:119,(anonymous_7)
FN:131,(anonymous_8)
FNF:9
FNH:0
FNDA:0,appAlert
FNDA:0,(anonymous_1)
FNDA:0,(anonymous_2)
FNDA:0,(anonymous_3)
FNDA:0,(anonymous_4)
FNDA:0,(anonymous_5)
FNDA:0,(anonymous_6)
FNDA:0,(anonymous_7)
FNDA:0,(anonymous_8)
DA:22,1
DA:40,0
DA:42,0
DA:43,0
DA:44,0
DA:46,0
DA:54,1
DA:61,1
DA:62,0
DA:63,0
DA:64,0
DA:65,0
DA:66,0
DA:67,0
DA:68,0
DA:69,0
DA:70,0
DA:71,0
DA:72,0
DA:73,0
DA:74,0
DA:75,0
DA:78,1
DA:79,0
DA:81,0
DA:82,0
DA:83,0
DA:86,0
DA:88,0
DA:89,0
DA:90,0
DA:93,0
DA:95,0
DA:97,0
DA:120,0
DA:121,0
DA:122,0
DA:131,0
DA:152,1
LF:39
LH:5
BRDA:40,0,0,0
BRDA:40,0,1,0
BRDA:50,1,0,0
BRDA:50,1,1,0
BRDA:63,2,0,0
BRDA:63,2,1,0
BRDA:63,3,0,0
BRDA:63,3,1,0
BRDA:63,3,2,0
BRDA:64,4,0,0
BRDA:64,4,1,0
BRDA:65,5,0,0
BRDA:65,5,1,0
BRDA:65,6,0,0
BRDA:65,6,1,0
BRDA:65,6,2,0
BRDA:67,7,0,0
BRDA:67,7,1,0
BRDA:67,8,0,0
BRDA:67,8,1,0
BRDA:67,8,2,0
BRDA:69,9,0,0
BRDA:69,9,1,0
BRDA:69,10,0,0
BRDA:69,10,1,0
BRDA:69,10,2,0
BRDA:71,11,0,0
BRDA:71,11,1,0
BRDA:71,12,0,0
BRDA:71,12,1,0
BRDA:71,12,2,0
BRDA:73,13,0,0
BRDA:73,13,1,0
BRDA:73,14,0,0
BRDA:73,14,1,0
BRDA:93,15,0,0
BRDA:93,15,1,0
BRDA:117,16,0,0
BRDA:117,16,1,0
BRDA:127,17,0,0
BRDA:127,17,1,0
BRDA:128,18,0,0
BRDA:128,18,1,0
BRDA:129,19,0,0
BRDA:129,19,1,0
BRDA:129,19,2,0
BRDA:136,20,0,0
BRDA:136,20,1,0
BRDA:137,21,0,0
BRDA:137,21,1,0
BRDA:138,22,0,0
BRDA:138,22,1,0
BRDA:138,22,2,0
BRF:53
BRH:0
end_of_record
TN:
SF:src/components/glass/ArchiveWalletModal.tsx
FN:27,(anonymous_0)
FN:34,(anonymous_1)
FN:35,(anonymous_2)
FN:43,(anonymous_3)
FN:50,(anonymous_4)
FN:104,(anonymous_5)
FNF:6
FNH:0
FNDA:0,(anonymous_0)
FNDA:0,(anonymous_1)
FNDA:0,(anonymous_2)
FNDA:0,(anonymous_3)
FNDA:0,(anonymous_4)
FNDA:0,(anonymous_5)
DA:27,0
DA:28,0
DA:34,0
DA:35,0
DA:39,0
DA:43,0
DA:44,0
DA:45,0
DA:47,0
DA:50,0
DA:63,0
DA:104,0
DA:115,0
LF:13
LH:0
BRDA:39,0,0,0
BRDA:39,0,1,0
BRDA:39,0,2,0
BRDA:44,1,0,0
BRDA:44,1,1,0
BRDA:54,2,0,0
BRDA:54,2,1,0
BRDA:56,3,0,0
BRDA:56,3,1,0
BRDA:73,4,0,0
BRDA:73,4,1,0
BRF:11
BRH:0
end_of_record
TN:
SF:src/components/glass/CustomKeypad.tsx
FN:13,(anonymous_0)
FN:14,(anonymous_1)
FN:17,(anonymous_2)
FNF:3
FNH:0
FNDA:0,(anonymous_0)
FNDA:0,(anonymous_1)
FNDA:0,(anonymous_2)
DA:13,0
DA:14,0
DA:15,0
DA:17,0
DA:28,0
DA:63,0
LF:6
LH:0
BRDA:14,0,0,0
BRDA:20,1,0,0
BRDA:20,1,1,0
BRDA:20,2,0,0
BRDA:20,2,1,0
BRDA:21,3,0,0
BRDA:21,3,1,0
BRDA:51,4,0,0
BRDA:51,4,1,0
BRF:9
BRH:0
end_of_record
TN:
SF:src/components/glass/GlassAlert.tsx
FN:15,(anonymous_0)
FNF:1
FNH:1
FNDA:27,(anonymous_0)
DA:15,1
DA:24,27
DA:47,1
LF:3
LH:3
BRDA:19,0,0,0
BRDA:32,1,0,27
BRDA:32,1,1,27
BRF:3
BRH:2
end_of_record
TN:
SF:src/components/glass/GlassBottomTab.tsx
FN:7,GlassBottomTab
FN:10,(anonymous_1)
FN:14,(anonymous_2)
FNF:3
FNH:0
FNDA:0,GlassBottomTab
FNDA:0,(anonymous_1)
FNDA:0,(anonymous_2)
DA:8,0
DA:11,0
DA:12,0
DA:14,0
DA:15,0
DA:21,0
DA:22,0
DA:26,0
DA:27,0
DA:28,0
DA:29,0
DA:30,0
DA:31,0
DA:32,0
DA:33,0
DA:34,0
DA:35,0
DA:36,0
DA:39,0
DA:63,0
LF:20
LH:0
BRDA:21,0,0,0
BRDA:21,0,1,0
BRDA:21,1,0,0
BRDA:21,1,1,0
BRDA:27,2,0,0
BRDA:27,2,1,0
BRDA:28,3,0,0
BRDA:28,3,1,0
BRDA:29,4,0,0
BRDA:29,4,1,0
BRDA:30,5,0,0
BRDA:30,5,1,0
BRDA:31,6,0,0
BRDA:31,6,1,0
BRDA:32,7,0,0
BRDA:32,7,1,0
BRDA:33,8,0,0
BRDA:33,8,1,0
BRDA:34,9,0,0
BRDA:34,9,1,0
BRDA:35,10,0,0
BRDA:35,10,1,0
BRDA:36,11,0,0
BRDA:36,11,1,0
BRDA:46,12,0,0
BRDA:46,12,1,0
BRDA:50,13,0,0
BRDA:50,13,1,0
BRDA:53,14,0,0
BRDA:53,14,1,0
BRDA:54,15,0,0
BRDA:54,15,1,0
BRF:32
BRH:0
end_of_record
TN:
SF:src/components/glass/GlassButton.tsx
FN:12,(anonymous_0)
FNF:1
FNH:0
FNDA:0,(anonymous_0)
DA:12,0
DA:20,0
DA:22,0
DA:23,0
DA:47,0
DA:49,0
DA:73,0
LF:7
LH:0
BRDA:14,0,0,0
BRDA:15,1,0,0
BRDA:20,2,0,0
BRDA:20,2,1,0
BRDA:22,3,0,0
BRDA:22,3,1,0
BRDA:25,4,0,0
BRDA:25,4,1,0
BRDA:36,5,0,0
BRDA:36,5,1,0
BRDA:54,6,0,0
BRDA:54,6,1,0
BRDA:55,7,0,0
BRDA:55,7,1,0
BRDA:62,8,0,0
BRDA:62,8,1,0
BRDA:63,9,0,0
BRDA:63,9,1,0
BRDA:65,10,0,0
BRDA:65,10,1,0
BRF:20
BRH:0
end_of_record
TN:
SF:src/components/glass/GlassCard.tsx
FN:11,(anonymous_0)
FN:17,(anonymous_1)
FNF:2
FNH:2
FNDA:11,(anonymous_0)
FNDA:11,(anonymous_1)
DA:11,3
DA:17,11
DA:18,11
DA:19,5
DA:20,6
DA:21,0
DA:25,11
DA:41,3
LF:8
LH:7
BRDA:14,0,0,0
BRDA:18,1,0,5
BRDA:18,1,1,6
BRDA:18,1,2,0
BRF:4
BRH:2
end_of_record
TN:
SF:src/components/glass/GlassInput.tsx
FN:11,(anonymous_0)
FN:34,(anonymous_1)
FN:38,(anonymous_2)
FNF:3
FNH:0
FNDA:0,(anonymous_0)
FNDA:0,(anonymous_1)
FNDA:0,(anonymous_2)
DA:11,0
DA:19,0
DA:21,0
DA:35,0
DA:36,0
DA:39,0
DA:40,0
DA:50,0
LF:8
LH:0
BRDA:27,0,0,0
BRDA:27,0,1,0
BRDA:28,1,0,0
BRDA:28,1,1,0
BRDA:45,2,0,0
BRDA:45,2,1,0
BRF:6
BRH:0
end_of_record
TN:
SF:src/components/glass/GlassSelect.tsx
FN:20,(anonymous_0)
FN:29,(anonymous_1)
FN:37,(anonymous_2)
FN:49,(anonymous_3)
FN:53,(anonymous_4)
FN:59,(anonymous_5)
FN:60,(anonymous_6)
FN:63,(anonymous_7)
FNF:8
FNH:0
FNDA:0,(anonymous_0)
FNDA:0,(anonymous_1)
FNDA:0,(anonymous_2)
FNDA:0,(anonymous_3)
FNDA:0,(anonymous_4)
FNDA:0,(anonymous_5)
FNDA:0,(anonymous_6)
FNDA:0,(anonymous_7)
DA:20,0
DA:28,0
DA:29,0
DA:31,0
DA:37,0
DA:49,0
DA:53,0
DA:59,0
DA:61,0
DA:64,0
DA:65,0
DA:82,0
LF:12
LH:0
BRDA:25,0,0,0
BRDA:33,1,0,0
BRDA:33,1,1,0
BRDA:36,2,0,0
BRDA:36,2,1,0
BRDA:39,3,0,0
BRDA:39,3,1,0
BRDA:40,4,0,0
BRDA:40,4,1,0
BRDA:45,5,0,0
BRDA:45,5,1,0
BRDA:52,6,0,0
BRDA:52,6,1,0
BRDA:68,7,0,0
BRDA:68,7,1,0
BRDA:71,8,0,0
BRDA:71,8,1,0
BRF:17
BRH:0
end_of_record
TN:
SF:src/components/glass/MoneyDisplay.tsx
FN:14,(anonymous_0)
FN:26,(anonymous_1)
FN:35,(anonymous_2)
FN:45,(anonymous_3)
FNF:4
FNH:3
FNDA:4,(anonymous_0)
FNDA:4,(anonymous_1)
FNDA:0,(anonymous_2)
FNDA:4,(anonymous_3)
DA:14,1
DA:22,4
DA:26,4
DA:27,4
DA:28,4
DA:29,0
DA:30,0
DA:31,0
DA:35,4
DA:36,0
DA:37,0
DA:38,0
DA:39,0
DA:40,0
DA:41,0
DA:45,4
DA:46,4
DA:47,0
DA:48,0
DA:49,0
DA:50,4
DA:54,4
DA:75,1
LF:23
LH:11
BRDA:16,0,0,0
BRDA:17,1,0,0
BRDA:18,2,0,0
BRDA:20,3,0,4
BRDA:22,4,0,0
BRDA:22,4,1,4
BRDA:27,5,0,4
BRDA:27,5,1,0
BRDA:27,5,2,0
BRDA:27,5,3,0
BRDA:36,6,0,0
BRDA:36,6,1,0
BRDA:36,6,2,0
BRDA:36,6,3,0
BRDA:36,6,4,0
BRDA:46,7,0,0
BRDA:46,7,1,0
BRDA:46,7,2,0
BRDA:46,7,3,4
BRDA:56,8,0,4
BRDA:56,8,1,0
BRF:21
BRH:5
end_of_record
TN:
SF:src/components/layout/AppScreen.tsx
FN:11,(anonymous_0)
FNF:1
FNH:0
FNDA:0,(anonymous_0)
DA:11,0
DA:18,0
DA:24,0
DA:25,0
DA:35,0
DA:45,0
LF:6
LH:0
BRDA:13,0,0,0
BRDA:14,1,0,0
BRDA:20,2,0,0
BRDA:20,2,1,0
BRDA:24,3,0,0
BRDA:24,3,1,0
BRF:6
BRH:0
end_of_record
TN:
SF:src/components/layout/SectionHeader.tsx
FN:12,(anonymous_0)
FNF:1
FNH:0
FNDA:0,(anonymous_0)
DA:12,0
DA:17,0
DA:30,0
LF:3
LH:0
BRDA:20,0,0,0
BRDA:20,0,1,0
BRDA:20,0,2,0
BRF:3
BRH:0
end_of_record
TN:
SF:src/context/KeypadContext.tsx
FN:22,(anonymous_0)
FN:28,(anonymous_1)
FN:28,(anonymous_2)
FN:32,(anonymous_3)
FN:34,(anonymous_4)
FN:40,(anonymous_5)
FN:41,(anonymous_6)
FN:69,(anonymous_7)
FN:79,(anonymous_8)
FN:116,(anonymous_9)
FNF:10
FNH:0
FNDA:0,(anonymous_0)
FNDA:0,(anonymous_1)
FNDA:0,(anonymous_2)
FNDA:0,(anonymous_3)
FNDA:0,(anonymous_4)
FNDA:0,(anonymous_5)
FNDA:0,(anonymous_6)
FNDA:0,(anonymous_7)
FNDA:0,(anonymous_8)
FNDA:0,(anonymous_9)
DA:20,0
DA:22,0
DA:23,0
DA:24,0
DA:26,0
DA:27,0
DA:28,0
DA:29,0
DA:30,0
DA:32,0
DA:33,0
DA:34,0
DA:35,0
DA:36,0
DA:37,0
DA:39,0
DA:40,0
DA:41,0
DA:42,0
DA:44,0
DA:45,0
DA:49,0
DA:50,0
DA:51,0
DA:53,0
DA:54,0
DA:55,0
DA:58,0
DA:59,0
DA:69,0
DA:70,0
DA:71,0
DA:72,0
DA:79,0
DA:80,0
DA:82,0
DA:83,0
DA:84,0
DA:85,0
DA:86,0
DA:92,0
DA:93,0
DA:94,0
DA:97,0
DA:98,0
DA:101,0
DA:116,0
DA:117,0
DA:118,0
DA:119,0
DA:121,0
LF:51
LH:0
BRDA:36,0,0,0
BRDA:36,0,1,0
BRDA:39,1,0,0
BRDA:39,1,1,0
BRDA:39,2,0,0
BRDA:39,2,1,0
BRDA:42,3,0,0
BRDA:42,3,1,0
BRDA:54,4,0,0
BRDA:54,4,1,0
BRDA:82,5,0,0
BRDA:82,5,1,0
BRDA:84,6,0,0
BRDA:84,6,1,0
BRDA:92,7,0,0
BRDA:92,7,1,0
BRDA:92,8,0,0
BRDA:92,8,1,0
BRDA:93,9,0,0
BRDA:93,9,1,0
BRDA:93,10,0,0
BRDA:93,10,1,0
BRDA:118,11,0,0
BRDA:118,11,1,0
BRF:24
BRH:0
end_of_record
TN:
SF:src/database/db.ts
FN:8,(anonymous_0)
FN:29,(anonymous_1)
FN:41,(anonymous_2)
FN:57,(anonymous_3)
FN:68,(anonymous_4)
FN:79,(anonymous_5)
FN:90,(anonymous_6)
FN:105,(anonymous_7)
FN:112,(anonymous_8)
FN:119,(anonymous_9)
FN:130,(anonymous_10)
FN:139,(anonymous_11)
FN:164,(anonymous_12)
FN:186,(anonymous_13)
FN:204,(anonymous_14)
FN:226,(anonymous_15)
FNF:16
FNH:14
FNDA:7,(anonymous_0)
FNDA:1,(anonymous_1)
FNDA:1,(anonymous_2)
FNDA:1,(anonymous_3)
FNDA:1,(anonymous_4)
FNDA:1,(anonymous_5)
FNDA:1,(anonymous_6)
FNDA:1,(anonymous_7)
FNDA:1,(anonymous_8)
FNDA:1,(anonymous_9)
FNDA:1,(anonymous_10)
FNDA:1,(anonymous_11)
FNDA:1,(anonymous_12)
FNDA:1,(anonymous_13)
FNDA:0,(anonymous_14)
FNDA:0,(anonymous_15)
DA:4,18
DA:6,18
DA:8,18
DA:9,7
DA:10,2
DA:12,2
DA:13,2
DA:14,2
DA:16,7
DA:25,18
DA:30,1
DA:31,7
DA:33,1
DA:34,6
DA:42,1
DA:43,1
DA:47,1
DA:48,1
DA:58,1
DA:59,1
DA:60,1
DA:61,1
DA:62,1
DA:69,1
DA:70,1
DA:80,1
DA:81,1
DA:91,1
DA:92,1
DA:94,1
DA:95,1
DA:97,1
DA:98,1
DA:106,1
DA:113,1
DA:120,1
DA:121,1
DA:122,1
DA:123,1
DA:124,1
DA:131,1
DA:132,6
DA:141,1
DA:142,1
DA:148,1
DA:155,0
DA:156,0
DA:165,1
DA:166,1
DA:173,1
DA:178,0
DA:179,0
DA:186,18
DA:187,1
DA:188,1
DA:191,1
DA:194,1
DA:203,1
DA:204,1
DA:207,1
DA:208,12
DA:209,12
DA:210,12
DA:211,12
DA:219,1
DA:221,0
DA:222,0
DA:226,18
DA:227,0
DA:228,0
DA:229,0
DA:249,0
DA:251,0
DA:252,0
DA:255,0
DA:258,0
DA:260,0
DA:262,0
DA:263,0
LF:79
LH:62
BRDA:9,0,0,2
BRDA:9,0,1,5
BRDA:155,1,0,0
BRDA:155,1,1,0
BRDA:178,2,0,0
BRDA:178,2,1,0
BRDA:208,3,0,12
BRDA:208,3,1,0
BRF:8
BRH:3
end_of_record
TN:
SF:src/database/schema.ts
FNF:0
FNH:0
DA:1,18
DA:18,18
DA:32,18
DA:53,18
DA:66,18
DA:90,18
DA:107,18
DA:114,18
DA:133,18
DA:142,18
DA:152,18
DA:175,18
DA:195,18
DA:209,18
DA:237,18
DA:254,18
DA:264,18
LF:17
LH:17
BRF:0
BRH:0
end_of_record
TN:
SF:src/hooks/useYieldProcessor.ts
FN:9,(anonymous_0)
FN:10,(anonymous_1)
FN:11,(anonymous_2)
FN:12,(anonymous_3)
FN:15,(anonymous_4)
FN:93,(anonymous_5)
FN:98,(anonymous_6)
FN:105,(anonymous_7)
FNF:8
FNH:0
FNDA:0,(anonymous_0)
FNDA:0,(anonymous_1)
FNDA:0,(anonymous_2)
FNDA:0,(anonymous_3)
FNDA:0,(anonymous_4)
FNDA:0,(anonymous_5)
FNDA:0,(anonymous_6)
FNDA:0,(anonymous_7)
DA:9,0
DA:10,0
DA:11,0
DA:12,0
DA:13,0
DA:15,0
DA:16,0
DA:17,0
DA:18,0
DA:20,0
DA:21,0
DA:22,0
DA:24,0
DA:25,0
DA:26,0
DA:27,0
DA:28,0
DA:30,0
DA:31,0
DA:33,0
DA:34,0
DA:37,0
DA:38,0
DA:39,0
DA:42,0
DA:43,0
DA:45,0
DA:46,0
DA:48,0
DA:51,0
DA:52,0
DA:55,0
DA:67,0
DA:73,0
DA:74,0
DA:75,0
DA:76,0
DA:77,0
DA:80,0
DA:81,0
DA:82,0
DA:83,0
DA:88,0
DA:89,0
DA:93,0
DA:94,0
DA:96,0
DA:98,0
DA:99,0
DA:100,0
DA:102,0
DA:105,0
DA:106,0
LF:53
LH:0
BRDA:16,0,0,0
BRDA:16,0,1,0
BRDA:25,1,0,0
BRDA:25,1,1,0
BRDA:26,2,0,0
BRDA:26,2,1,0
BRDA:31,3,0,0
BRDA:31,3,1,0
BRDA:37,4,0,0
BRDA:37,4,1,0
BRDA:43,5,0,0
BRDA:43,5,1,0
BRDA:45,6,0,0
BRDA:45,6,1,0
BRDA:51,7,0,0
BRDA:51,7,1,0
BRDA:80,8,0,0
BRDA:80,8,1,0
BRDA:88,9,0,0
BRDA:88,9,1,0
BRDA:94,10,0,0
BRDA:94,10,1,0
BRDA:99,11,0,0
BRDA:99,11,1,0
BRDA:99,12,0,0
BRDA:99,12,1,0
BRF:26
BRH:0
end_of_record
TN:
SF:src/navigation/AppNavigator.tsx
FN:62,HomeTabs
FN:65,(anonymous_1)
FN:79,(anonymous_2)
FN:89,(anonymous_3)
FN:95,(anonymous_4)
FN:101,(anonymous_5)
FN:119,(anonymous_6)
FN:209,(anonymous_7)
FN:283,(anonymous_8)
FN:348,(anonymous_9)
FNF:10
FNH:0
FNDA:0,HomeTabs
FNDA:0,(anonymous_1)
FNDA:0,(anonymous_2)
FNDA:0,(anonymous_3)
FNDA:0,(anonymous_4)
FNDA:0,(anonymous_5)
FNDA:0,(anonymous_6)
FNDA:0,(anonymous_7)
FNDA:0,(anonymous_8)
FNDA:0,(anonymous_9)
DA:59,0
DA:60,0
DA:63,0
DA:65,0
DA:79,0
DA:80,0
DA:81,0
DA:82,0
DA:83,0
DA:84,0
DA:85,0
DA:87,0
DA:89,0
DA:90,0
DA:91,0
DA:95,0
DA:96,0
DA:97,0
DA:98,0
DA:101,0
DA:102,0
DA:105,0
DA:106,0
DA:107,0
DA:108,0
DA:109,0
DA:110,0
DA:111,0
DA:113,0
DA:114,0
DA:115,0
DA:119,0
DA:120,0
DA:123,0
DA:124,0
DA:125,0
DA:142,0
DA:143,0
DA:160,0
DA:167,0
DA:175,0
DA:209,0
DA:283,0
DA:348,0
LF:44
LH:0
BRDA:90,0,0,0
BRDA:90,0,1,0
BRDA:109,1,0,0
BRDA:109,1,1,0
BRDA:114,2,0,0
BRDA:114,2,1,0
BRDA:115,3,0,0
BRDA:115,3,1,0
BRDA:115,3,2,0
BRDA:123,4,0,0
BRDA:123,4,1,0
BRDA:123,5,0,0
BRDA:123,5,1,0
BRDA:124,6,0,0
BRDA:124,6,1,0
BRDA:142,7,0,0
BRDA:142,7,1,0
BRDA:179,8,0,0
BRDA:179,8,1,0
BRDA:210,9,0,0
BRDA:210,9,1,0
BRDA:284,10,0,0
BRDA:284,10,1,0
BRDA:349,11,0,0
BRDA:349,11,1,0
BRF:25
BRH:0
end_of_record
TN:
SF:src/screens/AddEditBudgetScreen.tsx
FN:18,(anonymous_0)
FN:21,(anonymous_1)
FN:22,(anonymous_2)
FN:23,(anonymous_3)
FN:24,(anonymous_4)
FN:25,(anonymous_5)
FN:28,(anonymous_6)
FN:39,(anonymous_7)
FN:41,(anonymous_8)
FN:47,(anonymous_9)
FN:61,(anonymous_10)
FN:94,(anonymous_11)
FN:97,(anonymous_12)
FN:106,(anonymous_13)
FNF:14
FNH:14
FNDA:17,(anonymous_0)
FNDA:17,(anonymous_1)
FNDA:17,(anonymous_2)
FNDA:17,(anonymous_3)
FNDA:17,(anonymous_4)
FNDA:17,(anonymous_5)
FNDA:4,(anonymous_6)
FNDA:17,(anonymous_7)
FNDA:15,(anonymous_8)
FNDA:4,(anonymous_9)
FNDA:1,(anonymous_10)
FNDA:1,(anonymous_11)
FNDA:1,(anonymous_12)
FNDA:4,(anonymous_13)
DA:18,1
DA:19,17
DA:21,17
DA:22,17
DA:23,17
DA:24,17
DA:25,17
DA:27,17
DA:28,17
DA:31,17
DA:32,17
DA:33,17
DA:35,17
DA:36,17
DA:39,17
DA:41,17
DA:42,15
DA:43,4
DA:47,17
DA:48,4
DA:49,4
DA:50,1
DA:51,1
DA:54,3
DA:55,0
DA:56,0
DA:60,3
DA:61,2
DA:62,2
DA:63,1
DA:64,1
DA:68,2
DA:69,2
DA:70,1
DA:77,1
DA:87,2
DA:89,0
DA:90,0
DA:94,17
DA:95,1
DA:98,1
DA:99,1
DA:100,1
DA:106,17
DA:108,4
DA:109,4
DA:112,17
DA:153,1
LF:48
LH:44
BRDA:28,0,0,4
BRDA:28,0,1,13
BRDA:32,1,0,17
BRDA:32,1,1,13
BRDA:32,1,2,0
BRDA:33,2,0,17
BRDA:33,2,1,13
BRDA:33,2,2,0
BRDA:35,3,0,17
BRDA:35,3,1,13
BRDA:36,4,0,17
BRDA:36,4,1,13
BRDA:42,5,0,4
BRDA:42,5,1,11
BRDA:42,6,0,15
BRDA:42,6,1,15
BRDA:49,7,0,1
BRDA:49,7,1,3
BRDA:49,8,0,4
BRDA:49,8,1,3
BRDA:54,9,0,0
BRDA:54,9,1,3
BRDA:60,10,0,2
BRDA:60,10,1,1
BRDA:61,11,0,1
BRDA:61,11,1,1
BRDA:61,11,2,1
BRDA:62,12,0,1
BRDA:62,12,1,1
BRDA:69,13,0,1
BRDA:69,13,1,1
BRDA:69,14,0,2
BRDA:69,14,1,1
BRDA:98,15,0,1
BRDA:98,15,1,0
BRDA:114,16,0,4
BRDA:114,16,1,13
BRDA:139,17,0,4
BRDA:139,17,1,13
BRDA:142,18,0,17
BRDA:142,18,1,4
BRF:41
BRH:37
end_of_record
TN:
SF:src/screens/AddEditDebtScreen.tsx
FN:20,(anonymous_0)
FN:23,(anonymous_1)
FN:34,(anonymous_2)
FN:55,(anonymous_3)
FN:64,(anonymous_4)
FN:76,(anonymous_5)
FN:126,(anonymous_6)
FN:129,(anonymous_7)
FN:157,(anonymous_8)
FNF:9
FNH:0
FNDA:0,(anonymous_0)
FNDA:0,(anonymous_1)
FNDA:0,(anonymous_2)
FNDA:0,(anonymous_3)
FNDA:0,(anonymous_4)
FNDA:0,(anonymous_5)
FNDA:0,(anonymous_6)
FNDA:0,(anonymous_7)
FNDA:0,(anonymous_8)
DA:20,0
DA:21,0
DA:22,0
DA:23,0
DA:25,0
DA:26,0
DA:27,0
DA:28,0
DA:29,0
DA:30,0
DA:31,0
DA:34,0
DA:35,0
DA:36,0
DA:41,0
DA:42,0
DA:43,0
DA:44,0
DA:45,0
DA:46,0
DA:47,0
DA:48,0
DA:52,0
DA:53,0
DA:55,0
DA:56,0
DA:57,0
DA:58,0
DA:61,0
DA:62,0
DA:63,0
DA:64,0
DA:66,0
DA:67,0
DA:69,0
DA:76,0
DA:82,0
DA:104,0
DA:105,0
DA:106,0
DA:108,0
DA:112,0
DA:126,0
DA:129,0
DA:157,0
DA:226,0
LF:46
LH:0
BRDA:21,0,0,0
BRDA:21,1,0,0
BRDA:21,1,1,0
BRDA:35,2,0,0
BRDA:35,2,1,0
BRDA:35,3,0,0
BRDA:35,3,1,0
BRDA:41,4,0,0
BRDA:41,4,1,0
BRDA:42,5,0,0
BRDA:42,5,1,0
BRDA:45,6,0,0
BRDA:45,6,1,0
BRDA:48,7,0,0
BRDA:48,7,1,0
BRDA:56,8,0,0
BRDA:56,8,1,0
BRDA:57,9,0,0
BRDA:57,9,1,0
BRDA:58,10,0,0
BRDA:58,10,1,0
BRDA:62,11,0,0
BRDA:62,11,1,0
BRDA:63,12,0,0
BRDA:63,12,1,0
BRDA:64,13,0,0
BRDA:64,13,1,0
BRDA:76,14,0,0
BRDA:76,14,1,0
BRDA:76,15,0,0
BRDA:76,15,1,0
BRDA:108,16,0,0
BRDA:108,16,1,0
BRDA:114,17,0,0
BRDA:114,17,1,0
BRDA:165,18,0,0
BRDA:165,18,1,0
BRF:37
BRH:0
end_of_record
TN:
SF:src/screens/AddEditPersonScreen.tsx
FN:25,(anonymous_0)
FN:29,(anonymous_1)
FN:37,(anonymous_2)
FN:109,(anonymous_3)
FN:113,(anonymous_4)
FNF:5
FNH:0
FNDA:0,(anonymous_0)
FNDA:0,(anonymous_1)
FNDA:0,(anonymous_2)
FNDA:0,(anonymous_3)
FNDA:0,(anonymous_4)
DA:14,0
DA:25,0
DA:26,0
DA:27,0
DA:29,0
DA:31,0
DA:32,0
DA:33,0
DA:34,0
DA:35,0
DA:37,0
DA:38,0
DA:40,0
DA:42,0
DA:43,0
DA:52,0
DA:54,0
DA:65,0
DA:68,0
DA:71,0
DA:110,0
DA:113,0
DA:138,0
LF:23
LH:0
BRDA:31,0,0,0
BRDA:31,0,1,0
BRDA:32,1,0,0
BRDA:32,1,1,0
BRDA:33,2,0,0
BRDA:33,2,1,0
BRDA:34,3,0,0
BRDA:34,3,1,0
BRDA:35,4,0,0
BRDA:35,4,1,0
BRDA:38,5,0,0
BRDA:38,5,1,0
BRDA:42,6,0,0
BRDA:42,6,1,0
BRDA:73,7,0,0
BRDA:73,7,1,0
BRDA:112,8,0,0
BRDA:112,8,1,0
BRF:18
BRH:0
end_of_record
TN:
SF:src/screens/AddEditRecurringTransactionScreen.tsx
FN:18,(anonymous_0)
FN:22,(anonymous_1)
FN:23,(anonymous_2)
FN:24,(anonymous_3)
FN:42,(anonymous_4)
FN:53,(anonymous_5)
FN:55,(anonymous_6)
FN:73,(anonymous_7)
FN:134,(anonymous_8)
FN:173,(anonymous_9)
FN:177,(anonymous_10)
FN:207,(anonymous_11)
FN:244,(anonymous_12)
FN:248,(anonymous_13)
FNF:14
FNH:11
FNDA:6,(anonymous_0)
FNDA:6,(anonymous_1)
FNDA:6,(anonymous_2)
FNDA:6,(anonymous_3)
FNDA:1,(anonymous_4)
FNDA:5,(anonymous_5)
FNDA:2,(anonymous_6)
FNDA:2,(anonymous_7)
FNDA:1,(anonymous_8)
FNDA:18,(anonymous_9)
FNDA:0,(anonymous_10)
FNDA:0,(anonymous_11)
FNDA:24,(anonymous_12)
FNDA:0,(anonymous_13)
DA:18,1
DA:19,6
DA:20,6
DA:22,6
DA:23,6
DA:24,6
DA:26,6
DA:27,6
DA:28,6
DA:29,6
DA:30,6
DA:31,6
DA:32,6
DA:33,6
DA:35,6
DA:38,6
DA:39,6
DA:40,6
DA:42,6
DA:43,1
DA:44,1
DA:45,1
DA:46,0
DA:47,0
DA:49,1
DA:50,1
DA:53,6
DA:54,5
DA:55,2
DA:56,2
DA:57,2
DA:58,2
DA:59,2
DA:60,2
DA:61,2
DA:62,2
DA:63,2
DA:64,2
DA:65,2
DA:66,2
DA:67,2
DA:68,2
DA:73,6
DA:74,2
DA:75,1
DA:76,1
DA:78,1
DA:79,0
DA:80,0
DA:82,1
DA:83,0
DA:84,0
DA:87,1
DA:88,1
DA:90,1
DA:91,1
DA:93,1
DA:94,0
DA:95,0
DA:97,1
DA:98,0
DA:99,0
DA:103,1
DA:104,1
DA:105,0
DA:106,0
DA:108,1
DA:109,1
DA:110,0
DA:111,0
DA:114,1
DA:116,1
DA:117,1
DA:133,1
DA:134,1
DA:135,1
DA:139,1
DA:140,1
DA:141,1
DA:144,1
DA:151,0
DA:159,1
DA:161,0
DA:162,0
DA:166,6
DA:174,18
DA:177,0
DA:208,0
DA:209,0
DA:210,0
DA:211,0
DA:245,24
DA:248,0
DA:293,1
LF:94
LH:71
BRDA:19,0,0,6
BRDA:19,0,1,0
BRDA:45,1,0,0
BRDA:45,1,1,1
BRDA:54,2,0,2
BRDA:54,2,1,3
BRDA:54,3,0,5
BRDA:54,3,1,2
BRDA:56,4,0,2
BRDA:56,4,1,0
BRDA:60,5,0,0
BRDA:60,5,1,2
BRDA:60,6,0,2
BRDA:60,6,1,0
BRDA:62,7,0,2
BRDA:62,7,1,2
BRDA:63,8,0,2
BRDA:63,8,1,0
BRDA:64,9,0,2
BRDA:64,9,1,0
BRDA:68,10,0,2
BRDA:68,10,1,2
BRDA:74,11,0,1
BRDA:74,11,1,1
BRDA:78,12,0,0
BRDA:78,12,1,1
BRDA:82,13,0,0
BRDA:82,13,1,1
BRDA:88,14,0,1
BRDA:88,14,1,0
BRDA:90,15,0,1
BRDA:90,15,1,1
BRDA:91,16,0,1
BRDA:91,16,1,0
BRDA:93,17,0,0
BRDA:93,17,1,1
BRDA:93,18,0,1
BRDA:93,18,1,0
BRDA:93,18,2,0
BRDA:97,19,0,0
BRDA:97,19,1,1
BRDA:97,20,0,1
BRDA:97,20,1,0
BRDA:97,20,2,1
BRDA:104,21,0,0
BRDA:104,21,1,1
BRDA:109,22,0,0
BRDA:109,22,1,1
BRDA:123,23,0,0
BRDA:123,23,1,1
BRDA:124,24,0,1
BRDA:124,24,1,0
BRDA:133,25,0,1
BRDA:133,25,1,0
BRDA:133,26,0,1
BRDA:133,26,1,1
BRDA:135,27,0,1
BRDA:135,27,1,0
BRDA:140,28,0,1
BRDA:140,28,1,0
BRDA:162,29,0,0
BRDA:162,29,1,0
BRDA:169,30,0,3
BRDA:169,30,1,3
BRDA:176,31,0,18
BRDA:176,31,1,6
BRDA:179,32,0,18
BRDA:179,32,1,6
BRDA:210,33,0,0
BRDA:210,33,1,0
BRDA:219,34,0,0
BRDA:219,34,1,6
BRDA:225,35,0,6
BRDA:225,35,1,0
BRDA:234,36,0,6
BRDA:234,36,1,0
BRDA:234,36,2,6
BRDA:247,37,0,24
BRDA:247,37,1,6
BRDA:250,38,0,24
BRDA:250,38,1,6
BRDA:269,39,0,6
BRDA:269,39,1,6
BRDA:286,40,0,3
BRDA:286,40,1,3
BRF:85
BRH:55
end_of_record
TN:
SF:src/screens/AddEditSavingsDepositScreen.tsx
FN:16,(anonymous_0)
FN:19,(anonymous_1)
FN:20,(anonymous_2)
FN:31,(anonymous_3)
FN:41,(anonymous_4)
FN:73,(anonymous_5)
FN:145,(anonymous_6)
FN:149,(anonymous_7)
FN:161,(anonymous_8)
FN:165,(anonymous_9)
FN:202,(anonymous_10)
FN:206,(anonymous_11)
FN:217,(anonymous_12)
FN:221,(anonymous_13)
FNF:14
FNH:0
FNDA:0,(anonymous_0)
FNDA:0,(anonymous_1)
FNDA:0,(anonymous_2)
FNDA:0,(anonymous_3)
FNDA:0,(anonymous_4)
FNDA:0,(anonymous_5)
FNDA:0,(anonymous_6)
FNDA:0,(anonymous_7)
FNDA:0,(anonymous_8)
FNDA:0,(anonymous_9)
FNDA:0,(anonymous_10)
FNDA:0,(anonymous_11)
FNDA:0,(anonymous_12)
FNDA:0,(anonymous_13)
DA:16,0
DA:17,0
DA:18,0
DA:19,0
DA:20,0
DA:22,0
DA:23,0
DA:24,0
DA:25,0
DA:26,0
DA:27,0
DA:28,0
DA:29,0
DA:31,0
DA:32,0
DA:33,0
DA:34,0
DA:35,0
DA:36,0
DA:38,0
DA:41,0
DA:42,0
DA:43,0
DA:44,0
DA:47,0
DA:48,0
DA:49,0
DA:50,0
DA:51,0
DA:54,0
DA:55,0
DA:56,0
DA:57,0
DA:60,0
DA:61,0
DA:62,0
DA:63,0
DA:66,0
DA:67,0
DA:68,0
DA:72,0
DA:73,0
DA:74,0
DA:75,0
DA:76,0
DA:80,0
DA:81,0
DA:82,0
DA:84,0
DA:103,0
DA:104,0
DA:106,0
DA:109,0
DA:112,0
DA:146,0
DA:149,0
DA:162,0
DA:165,0
DA:203,0
DA:206,0
DA:218,0
DA:221,0
DA:240,0
LF:63
LH:0
BRDA:19,0,0,0
BRDA:19,0,1,0
BRDA:22,1,0,0
BRDA:22,1,1,0
BRDA:23,2,0,0
BRDA:23,2,1,0
BRDA:24,3,0,0
BRDA:24,3,1,0
BRDA:24,3,2,0
BRDA:25,4,0,0
BRDA:25,4,1,0
BRDA:25,4,2,0
BRDA:26,5,0,0
BRDA:26,5,1,0
BRDA:27,6,0,0
BRDA:27,6,1,0
BRDA:28,7,0,0
BRDA:28,7,1,0
BRDA:29,8,0,0
BRDA:29,8,1,0
BRDA:34,9,0,0
BRDA:34,9,1,0
BRDA:42,10,0,0
BRDA:42,10,1,0
BRDA:48,11,0,0
BRDA:48,11,1,0
BRDA:49,12,0,0
BRDA:49,12,1,0
BRDA:55,13,0,0
BRDA:55,13,1,0
BRDA:55,14,0,0
BRDA:55,14,1,0
BRDA:61,15,0,0
BRDA:61,15,1,0
BRDA:61,16,0,0
BRDA:61,16,1,0
BRDA:66,17,0,0
BRDA:66,17,1,0
BRDA:66,18,0,0
BRDA:66,18,1,0
BRDA:72,19,0,0
BRDA:72,19,1,0
BRDA:74,20,0,0
BRDA:74,20,1,0
BRDA:74,21,0,0
BRDA:74,21,1,0
BRDA:80,22,0,0
BRDA:80,22,1,0
BRDA:85,23,0,0
BRDA:85,23,1,0
BRDA:98,24,0,0
BRDA:98,24,1,0
BRDA:99,25,0,0
BRDA:99,25,1,0
BRDA:103,26,0,0
BRDA:103,26,1,0
BRDA:114,27,0,0
BRDA:114,27,1,0
BRDA:141,28,0,0
BRDA:141,28,1,0
BRDA:148,29,0,0
BRDA:148,29,1,0
BRDA:151,30,0,0
BRDA:151,30,1,0
BRDA:164,31,0,0
BRDA:164,31,1,0
BRDA:167,32,0,0
BRDA:167,32,1,0
BRDA:205,33,0,0
BRDA:205,33,1,0
BRDA:206,34,0,0
BRDA:206,34,1,0
BRDA:208,35,0,0
BRDA:208,35,1,0
BRDA:220,36,0,0
BRDA:220,36,1,0
BRDA:221,37,0,0
BRDA:221,37,1,0
BRDA:223,38,0,0
BRDA:223,38,1,0
BRDA:232,39,0,0
BRDA:232,39,1,0
BRF:82
BRH:0
end_of_record
TN:
SF:src/screens/AddEditSavingsGoalScreen.tsx
FN:20,(anonymous_0)
FN:23,(anonymous_1)
FN:33,(anonymous_2)
FN:43,(anonymous_3)
FN:53,(anonymous_4)
FN:91,(anonymous_5)
FN:98,(anonymous_6)
FN:150,(anonymous_7)
FN:157,(anonymous_8)
FN:167,(anonymous_9)
FN:178,(anonymous_10)
FN:182,(anonymous_11)
FN:193,(anonymous_12)
FN:197,(anonymous_13)
FNF:14
FNH:7
FNDA:7,(anonymous_0)
FNDA:0,(anonymous_1)
FNDA:1,(anonymous_2)
FNDA:1,(anonymous_3)
FNDA:2,(anonymous_4)
FNDA:0,(anonymous_5)
FNDA:0,(anonymous_6)
FNDA:1,(anonymous_7)
FNDA:0,(anonymous_8)
FNDA:0,(anonymous_9)
FNDA:63,(anonymous_10)
FNDA:0,(anonymous_11)
FNDA:42,(anonymous_12)
FNDA:0,(anonymous_13)
DA:17,1
DA:18,1
DA:20,1
DA:21,7
DA:22,7
DA:23,7
DA:25,7
DA:26,7
DA:27,7
DA:28,7
DA:29,7
DA:30,7
DA:31,7
DA:33,7
DA:34,1
DA:35,1
DA:36,1
DA:37,0
DA:38,0
DA:40,1
DA:43,7
DA:44,1
DA:45,1
DA:46,1
DA:47,0
DA:48,0
DA:50,1
DA:53,7
DA:54,2
DA:55,1
DA:56,1
DA:59,1
DA:60,1
DA:61,1
DA:62,0
DA:63,0
DA:66,1
DA:67,1
DA:69,1
DA:82,1
DA:83,0
DA:85,1
DA:88,1
DA:91,7
DA:92,0
DA:93,0
DA:99,0
DA:100,0
DA:107,7
DA:150,1
DA:157,0
DA:168,0
DA:169,0
DA:179,63
DA:182,0
DA:194,42
DA:197,0
DA:217,1
LF:58
LH:42
BRDA:23,0,0,0
BRDA:23,0,1,7
BRDA:25,1,0,7
BRDA:25,1,1,7
BRDA:26,2,0,0
BRDA:26,2,1,7
BRDA:27,3,0,0
BRDA:27,3,1,7
BRDA:28,4,0,7
BRDA:28,4,1,7
BRDA:29,5,0,7
BRDA:29,5,1,7
BRDA:30,6,0,0
BRDA:30,6,1,7
BRDA:36,7,0,0
BRDA:36,7,1,1
BRDA:46,8,0,0
BRDA:46,8,1,1
BRDA:54,9,0,1
BRDA:54,9,1,1
BRDA:60,10,0,1
BRDA:60,10,1,0
BRDA:61,11,0,0
BRDA:61,11,1,1
BRDA:67,12,0,1
BRDA:67,12,1,0
BRDA:70,13,0,0
BRDA:70,13,1,1
BRDA:74,14,0,0
BRDA:74,14,1,1
BRDA:78,15,0,0
BRDA:78,15,1,1
BRDA:82,16,0,0
BRDA:82,16,1,1
BRDA:92,17,0,0
BRDA:92,17,1,0
BRDA:109,18,0,0
BRDA:109,18,1,7
BRDA:152,19,0,0
BRDA:152,19,1,7
BRDA:153,20,0,0
BRDA:153,20,1,7
BRDA:156,21,0,7
BRDA:156,21,1,0
BRDA:162,22,0,7
BRDA:162,22,1,1
BRDA:164,23,0,1
BRDA:164,23,1,1
BRDA:169,24,0,0
BRDA:169,24,1,0
BRDA:181,25,0,63
BRDA:181,25,1,7
BRDA:196,26,0,42
BRDA:196,26,1,7
BRDA:207,27,0,7
BRDA:207,27,1,0
BRF:56
BRH:34
end_of_record
TN:
SF:src/screens/AddEditTemplateScreen.tsx
FN:18,(anonymous_0)
FN:22,(anonymous_1)
FN:23,(anonymous_2)
FN:24,(anonymous_3)
FN:34,(anonymous_4)
FN:45,(anonymous_5)
FN:47,(anonymous_6)
FN:60,(anonymous_7)
FN:87,(anonymous_8)
FN:137,(anonymous_9)
FN:141,(anonymous_10)
FN:164,(anonymous_11)
FNF:12
FNH:8
FNDA:6,(anonymous_0)
FNDA:6,(anonymous_1)
FNDA:6,(anonymous_2)
FNDA:6,(anonymous_3)
FNDA:1,(anonymous_4)
FNDA:6,(anonymous_5)
FNDA:0,(anonymous_6)
FNDA:2,(anonymous_7)
FNDA:0,(anonymous_8)
FNDA:18,(anonymous_9)
FNDA:0,(anonymous_10)
FNDA:0,(anonymous_11)
DA:18,1
DA:19,6
DA:20,6
DA:22,6
DA:23,6
DA:24,6
DA:26,6
DA:27,6
DA:28,6
DA:29,6
DA:30,6
DA:31,6
DA:32,6
DA:34,6
DA:35,1
DA:36,1
DA:37,1
DA:38,0
DA:39,0
DA:41,1
DA:42,1
DA:45,6
DA:46,6
DA:47,0
DA:48,0
DA:49,0
DA:50,0
DA:51,0
DA:52,0
DA:53,0
DA:54,0
DA:55,0
DA:60,6
DA:61,2
DA:62,1
DA:63,1
DA:66,1
DA:67,0
DA:68,0
DA:71,1
DA:72,0
DA:73,0
DA:76,1
DA:77,0
DA:78,0
DA:81,1
DA:82,1
DA:83,1
DA:85,1
DA:86,1
DA:87,0
DA:88,0
DA:89,0
DA:102,1
DA:113,1
DA:115,0
DA:116,0
DA:120,6
DA:138,18
DA:141,0
DA:165,0
DA:166,0
DA:167,0
DA:168,0
DA:208,1
LF:65
LH:38
BRDA:19,0,0,6
BRDA:19,0,1,0
BRDA:37,1,0,0
BRDA:37,1,1,1
BRDA:46,2,0,0
BRDA:46,2,1,6
BRDA:46,3,0,6
BRDA:46,3,1,0
BRDA:48,4,0,0
BRDA:48,4,1,0
BRDA:52,5,0,0
BRDA:52,5,1,0
BRDA:52,6,0,0
BRDA:52,6,1,0
BRDA:54,7,0,0
BRDA:54,7,1,0
BRDA:55,8,0,0
BRDA:55,8,1,0
BRDA:61,9,0,1
BRDA:61,9,1,1
BRDA:66,10,0,0
BRDA:66,10,1,1
BRDA:71,11,0,0
BRDA:71,11,1,1
BRDA:76,12,0,0
BRDA:76,12,1,1
BRDA:76,13,0,1
BRDA:76,13,1,1
BRDA:82,14,0,1
BRDA:82,14,1,1
BRDA:83,15,0,1
BRDA:83,15,1,0
BRDA:86,16,0,0
BRDA:86,16,1,1
BRDA:86,17,0,1
BRDA:86,17,1,0
BRDA:88,18,0,0
BRDA:88,18,1,0
BRDA:96,19,0,0
BRDA:96,19,1,0
BRDA:108,20,0,1
BRDA:108,20,1,0
BRDA:123,21,0,0
BRDA:123,21,1,6
BRDA:140,22,0,18
BRDA:140,22,1,6
BRDA:143,23,0,18
BRDA:143,23,1,6
BRDA:167,24,0,0
BRDA:167,24,1,0
BRDA:182,25,0,6
BRDA:182,25,1,6
BRDA:186,26,0,0
BRDA:186,26,1,6
BRDA:200,27,0,0
BRDA:200,27,1,6
BRF:56
BRH:26
end_of_record
TN:
SF:src/screens/AddEditWalletScreen.tsx
FN:17,(anonymous_0)
FN:21,(anonymous_1)
FN:22,(anonymous_2)
FN:23,(anonymous_3)
FN:24,(anonymous_4)
FN:25,(anonymous_5)
FN:26,(anonymous_6)
FN:27,(anonymous_7)
FN:28,(anonymous_8)
FN:29,(anonymous_9)
FN:46,(anonymous_10)
FN:57,(anonymous_11)
FN:59,(anonymous_12)
FN:71,(anonymous_13)
FN:73,(anonymous_14)
FN:74,(anonymous_15)
FN:75,(anonymous_16)
FN:85,(anonymous_17)
FN:92,(anonymous_18)
FN:98,(anonymous_19)
FN:105,(anonymous_20)
FN:153,(anonymous_21)
FN:157,(anonymous_22)
FN:168,(anonymous_23)
FN:176,(anonymous_24)
FN:224,(anonymous_25)
FNF:26
FNH:0
FNDA:0,(anonymous_0)
FNDA:0,(anonymous_1)
FNDA:0,(anonymous_2)
FNDA:0,(anonymous_3)
FNDA:0,(anonymous_4)
FNDA:0,(anonymous_5)
FNDA:0,(anonymous_6)
FNDA:0,(anonymous_7)
FNDA:0,(anonymous_8)
FNDA:0,(anonymous_9)
FNDA:0,(anonymous_10)
FNDA:0,(anonymous_11)
FNDA:0,(anonymous_12)
FNDA:0,(anonymous_13)
FNDA:0,(anonymous_14)
FNDA:0,(anonymous_15)
FNDA:0,(anonymous_16)
FNDA:0,(anonymous_17)
FNDA:0,(anonymous_18)
FNDA:0,(anonymous_19)
FNDA:0,(anonymous_20)
FNDA:0,(anonymous_21)
FNDA:0,(anonymous_22)
FNDA:0,(anonymous_23)
FNDA:0,(anonymous_24)
FNDA:0,(anonymous_25)
DA:17,0
DA:18,0
DA:19,0
DA:21,0
DA:22,0
DA:23,0
DA:24,0
DA:25,0
DA:26,0
DA:27,0
DA:28,0
DA:29,0
DA:31,0
DA:32,0
DA:33,0
DA:34,0
DA:35,0
DA:36,0
DA:38,0
DA:39,0
DA:41,0
DA:46,0
DA:47,0
DA:48,0
DA:49,0
DA:50,0
DA:51,0
DA:53,0
DA:54,0
DA:57,0
DA:58,0
DA:59,0
DA:60,0
DA:61,0
DA:62,0
DA:63,0
DA:64,0
DA:65,0
DA:66,0
DA:71,0
DA:72,0
DA:73,0
DA:74,0
DA:75,0
DA:77,0
DA:82,0
DA:85,0
DA:86,0
DA:87,0
DA:88,0
DA:89,0
DA:92,0
DA:93,0
DA:94,0
DA:95,0
DA:98,0
DA:99,0
DA:101,0
DA:102,0
DA:104,0
DA:105,0
DA:106,0
DA:107,0
DA:118,0
DA:133,0
DA:136,0
DA:154,0
DA:157,0
DA:169,0
DA:176,0
DA:224,0
DA:230,0
LF:72
LH:0
BRDA:49,0,0,0
BRDA:49,0,1,0
BRDA:58,1,0,0
BRDA:58,1,1,0
BRDA:58,2,0,0
BRDA:58,2,1,0
BRDA:60,3,0,0
BRDA:60,3,1,0
BRDA:66,4,0,0
BRDA:66,4,1,0
BRDA:72,5,0,0
BRDA:72,5,1,0
BRDA:73,6,0,0
BRDA:73,6,1,0
BRDA:73,6,2,0
BRDA:75,7,0,0
BRDA:75,7,1,0
BRDA:86,8,0,0
BRDA:86,8,1,0
BRDA:93,9,0,0
BRDA:93,9,1,0
BRDA:99,10,0,0
BRDA:99,10,1,0
BRDA:99,11,0,0
BRDA:99,11,1,0
BRDA:102,12,0,0
BRDA:102,12,1,0
BRDA:104,13,0,0
BRDA:104,13,1,0
BRDA:104,14,0,0
BRDA:104,14,1,0
BRDA:106,15,0,0
BRDA:106,15,1,0
BRDA:139,16,0,0
BRDA:139,16,1,0
BRDA:156,17,0,0
BRDA:156,17,1,0
BRDA:159,18,0,0
BRDA:159,18,1,0
BRDA:174,19,0,0
BRDA:174,19,1,0
BRDA:204,20,0,0
BRDA:204,20,1,0
BRDA:207,21,0,0
BRDA:207,21,1,0
BRDA:209,22,0,0
BRDA:209,22,1,0
BRDA:210,23,0,0
BRDA:210,23,1,0
BRDA:212,24,0,0
BRDA:212,24,1,0
BRDA:213,25,0,0
BRDA:213,25,1,0
BRF:53
BRH:0
end_of_record
TN:
SF:src/screens/AddEditYieldPocketScreen.tsx
FN:16,(anonymous_0)
FN:20,(anonymous_1)
FN:21,(anonymous_2)
FN:22,(anonymous_3)
FN:30,(anonymous_4)
FN:32,(anonymous_5)
FN:44,(anonymous_6)
FN:46,(anonymous_7)
FN:49,(anonymous_8)
FN:67,(anonymous_9)
FN:69,(anonymous_10)
FN:103,(anonymous_11)
FN:106,(anonymous_12)
FN:146,(anonymous_13)
FN:150,(anonymous_14)
FN:161,(anonymous_15)
FN:165,(anonymous_16)
FNF:17
FNH:0
FNDA:0,(anonymous_0)
FNDA:0,(anonymous_1)
FNDA:0,(anonymous_2)
FNDA:0,(anonymous_3)
FNDA:0,(anonymous_4)
FNDA:0,(anonymous_5)
FNDA:0,(anonymous_6)
FNDA:0,(anonymous_7)
FNDA:0,(anonymous_8)
FNDA:0,(anonymous_9)
FNDA:0,(anonymous_10)
FNDA:0,(anonymous_11)
FNDA:0,(anonymous_12)
FNDA:0,(anonymous_13)
FNDA:0,(anonymous_14)
FNDA:0,(anonymous_15)
FNDA:0,(anonymous_16)
DA:16,0
DA:17,0
DA:18,0
DA:20,0
DA:21,0
DA:22,0
DA:24,0
DA:25,0
DA:26,0
DA:27,0
DA:28,0
DA:30,0
DA:31,0
DA:32,0
DA:33,0
DA:34,0
DA:35,0
DA:36,0
DA:37,0
DA:44,0
DA:45,0
DA:46,0
DA:49,0
DA:50,0
DA:51,0
DA:52,0
DA:55,0
DA:56,0
DA:57,0
DA:60,0
DA:61,0
DA:62,0
DA:63,0
DA:66,0
DA:67,0
DA:69,0
DA:70,0
DA:74,0
DA:77,0
DA:94,0
DA:95,0
DA:96,0
DA:98,0
DA:99,0
DA:103,0
DA:104,0
DA:107,0
DA:108,0
DA:109,0
DA:115,0
DA:147,0
DA:150,0
DA:162,0
DA:165,0
DA:200,0
LF:55
LH:0
BRDA:24,0,0,0
BRDA:24,0,1,0
BRDA:31,1,0,0
BRDA:31,1,1,0
BRDA:31,2,0,0
BRDA:31,2,1,0
BRDA:33,3,0,0
BRDA:33,3,1,0
BRDA:37,4,0,0
BRDA:37,4,1,0
BRDA:45,5,0,0
BRDA:45,5,1,0
BRDA:45,6,0,0
BRDA:45,6,1,0
BRDA:50,7,0,0
BRDA:50,7,1,0
BRDA:55,8,0,0
BRDA:55,8,1,0
BRDA:61,9,0,0
BRDA:61,9,1,0
BRDA:61,10,0,0
BRDA:61,10,1,0
BRDA:70,11,0,0
BRDA:70,11,1,0
BRDA:74,12,0,0
BRDA:74,12,1,0
BRDA:79,13,0,0
BRDA:79,13,1,0
BRDA:86,14,0,0
BRDA:86,14,1,0
BRDA:87,15,0,0
BRDA:87,15,1,0
BRDA:90,16,0,0
BRDA:90,16,1,0
BRDA:107,17,0,0
BRDA:107,17,1,0
BRDA:118,18,0,0
BRDA:118,18,1,0
BRDA:126,19,0,0
BRDA:126,19,1,0
BRDA:126,20,0,0
BRDA:126,20,1,0
BRDA:129,21,0,0
BRDA:129,21,1,0
BRDA:149,22,0,0
BRDA:149,22,1,0
BRDA:152,23,0,0
BRDA:152,23,1,0
BRDA:164,24,0,0
BRDA:164,24,1,0
BRDA:167,25,0,0
BRDA:167,25,1,0
BRDA:187,26,0,0
BRDA:187,26,1,0
BRDA:190,27,0,0
BRDA:190,27,1,0
BRF:56
BRH:0
end_of_record
TN:
SF:src/screens/AddTransactionScreen.tsx
FN:20,(anonymous_0)
FN:24,(anonymous_1)
FN:25,(anonymous_2)
FN:26,(anonymous_3)
FN:27,(anonymous_4)
FN:28,(anonymous_5)
FN:29,(anonymous_6)
FN:30,(anonymous_7)
FN:31,(anonymous_8)
FN:45,(anonymous_9)
FN:49,(anonymous_10)
FN:50,(anonymous_11)
FN:58,(anonymous_12)
FN:60,(anonymous_13)
FN:71,(anonymous_14)
FN:80,(anonymous_15)
FN:82,(anonymous_16)
FN:92,(anonymous_17)
FN:98,(anonymous_18)
FN:124,(anonymous_19)
FN:135,(anonymous_20)
FN:141,(anonymous_21)
FN:173,(anonymous_22)
FN:177,(anonymous_23)
FN:215,(anonymous_24)
FN:216,(anonymous_25)
FN:225,(anonymous_26)
FN:229,(anonymous_27)
FN:250,(anonymous_28)
FN:324,(anonymous_29)
FN:328,(anonymous_30)
FNF:31
FNH:23
FNDA:27,(anonymous_0)
FNDA:27,(anonymous_1)
FNDA:27,(anonymous_2)
FNDA:27,(anonymous_3)
FNDA:27,(anonymous_4)
FNDA:27,(anonymous_5)
FNDA:27,(anonymous_6)
FNDA:27,(anonymous_7)
FNDA:27,(anonymous_8)
FNDA:27,(anonymous_9)
FNDA:2,(anonymous_10)
FNDA:0,(anonymous_11)
FNDA:0,(anonymous_12)
FNDA:6,(anonymous_13)
FNDA:1,(anonymous_14)
FNDA:25,(anonymous_15)
FNDA:1,(anonymous_16)
FNDA:0,(anonymous_17)
FNDA:7,(anonymous_18)
FNDA:3,(anonymous_19)
FNDA:0,(anonymous_20)
FNDA:1,(anonymous_21)
FNDA:0,(anonymous_22)
FNDA:1,(anonymous_23)
FNDA:2,(anonymous_24)
FNDA:1,(anonymous_25)
FNDA:81,(anonymous_26)
FNDA:1,(anonymous_27)
FNDA:0,(anonymous_28)
FNDA:0,(anonymous_29)
FNDA:0,(anonymous_30)
DA:20,1
DA:21,27
DA:22,27
DA:24,27
DA:25,27
DA:26,27
DA:27,27
DA:28,27
DA:29,27
DA:30,27
DA:31,27
DA:33,27
DA:34,27
DA:35,27
DA:36,27
DA:37,27
DA:38,27
DA:39,27
DA:40,27
DA:42,27
DA:43,27
DA:44,27
DA:45,27
DA:47,27
DA:49,27
DA:50,2
DA:51,2
DA:52,0
DA:54,2
DA:58,27
DA:60,27
DA:61,6
DA:62,6
DA:63,6
DA:64,0
DA:65,0
DA:67,6
DA:68,6
DA:71,27
DA:72,1
DA:73,1
DA:74,1
DA:75,1
DA:76,1
DA:77,1
DA:80,27
DA:81,25
DA:82,1
DA:83,1
DA:84,1
DA:85,1
DA:86,1
DA:87,1
DA:88,1
DA:89,1
DA:90,1
DA:91,1
DA:92,0
DA:98,27
DA:99,7
DA:100,1
DA:101,1
DA:103,6
DA:104,1
DA:105,1
DA:109,5
DA:110,5
DA:112,5
DA:113,5
DA:115,5
DA:116,1
DA:117,1
DA:119,4
DA:120,1
DA:121,1
DA:124,3
DA:125,3
DA:126,3
DA:135,0
DA:140,3
DA:141,1
DA:142,1
DA:143,1
DA:146,2
DA:153,3
DA:154,1
DA:165,3
DA:167,0
DA:168,0
DA:172,3
DA:173,3
DA:174,3
DA:176,3
DA:177,1
DA:178,1
DA:179,1
DA:183,3
DA:184,3
DA:185,0
DA:192,0
DA:196,3
DA:199,27
DA:216,2
DA:226,81
DA:229,1
DA:251,0
DA:252,0
DA:253,0
DA:254,0
DA:325,0
DA:326,0
DA:329,0
DA:330,0
DA:337,1
LF:114
LH:97
BRDA:21,0,0,27
BRDA:21,0,1,24
BRDA:33,1,0,27
BRDA:33,1,1,27
BRDA:39,2,0,27
BRDA:39,2,1,27
BRDA:51,3,0,0
BRDA:51,3,1,2
BRDA:51,4,0,2
BRDA:51,4,1,0
BRDA:63,5,0,0
BRDA:63,5,1,6
BRDA:74,6,0,0
BRDA:74,6,1,1
BRDA:74,7,0,1
BRDA:74,7,1,0
BRDA:76,8,0,1
BRDA:76,8,1,0
BRDA:77,9,0,1
BRDA:77,9,1,1
BRDA:81,10,0,1
BRDA:81,10,1,24
BRDA:81,11,0,25
BRDA:81,11,1,1
BRDA:83,12,0,1
BRDA:83,12,1,0
BRDA:86,13,0,0
BRDA:86,13,1,1
BRDA:86,14,0,1
BRDA:86,14,1,0
BRDA:88,15,0,1
BRDA:88,15,1,1
BRDA:89,16,0,1
BRDA:89,16,1,0
BRDA:90,17,0,1
BRDA:90,17,1,1
BRDA:91,18,0,0
BRDA:91,18,1,1
BRDA:99,19,0,1
BRDA:99,19,1,6
BRDA:103,20,0,1
BRDA:103,20,1,5
BRDA:110,21,0,5
BRDA:110,21,1,0
BRDA:112,22,0,5
BRDA:112,22,1,5
BRDA:113,23,0,5
BRDA:113,23,1,0
BRDA:115,24,0,1
BRDA:115,24,1,4
BRDA:115,25,0,5
BRDA:115,25,1,1
BRDA:115,25,2,0
BRDA:119,26,0,1
BRDA:119,26,1,3
BRDA:119,27,0,4
BRDA:119,27,1,0
BRDA:119,27,2,4
BRDA:131,28,0,0
BRDA:131,28,1,3
BRDA:132,29,0,3
BRDA:132,29,1,0
BRDA:133,30,0,3
BRDA:133,30,1,3
BRDA:140,31,0,1
BRDA:140,31,1,2
BRDA:140,32,0,3
BRDA:140,32,1,1
BRDA:142,33,0,1
BRDA:142,33,1,0
BRDA:153,34,0,1
BRDA:153,34,1,2
BRDA:153,35,0,3
BRDA:153,35,1,1
BRDA:160,36,0,1
BRDA:160,36,1,0
BRDA:168,37,0,0
BRDA:168,37,1,0
BRDA:172,38,0,3
BRDA:172,38,1,0
BRDA:172,39,0,3
BRDA:172,39,1,0
BRDA:174,40,0,0
BRDA:174,40,1,3
BRDA:176,41,0,1
BRDA:176,41,1,2
BRDA:176,42,0,3
BRDA:176,42,1,1
BRDA:178,43,0,1
BRDA:178,43,1,0
BRDA:178,44,0,1
BRDA:178,44,1,1
BRDA:179,45,0,1
BRDA:179,45,1,1
BRDA:184,46,0,0
BRDA:184,46,1,3
BRDA:184,47,0,3
BRDA:184,47,1,0
BRDA:202,48,0,3
BRDA:202,48,1,24
BRDA:205,49,0,27
BRDA:205,49,1,0
BRDA:211,50,0,27
BRDA:211,50,1,24
BRDA:211,50,2,2
BRDA:228,51,0,81
BRDA:228,51,1,27
BRDA:231,52,0,81
BRDA:231,52,1,27
BRDA:253,53,0,0
BRDA:253,53,1,0
BRDA:262,54,0,0
BRDA:262,54,1,27
BRDA:267,55,0,27
BRDA:267,55,1,3
BRDA:276,56,0,27
BRDA:276,56,1,3
BRDA:276,56,2,24
BRDA:295,57,0,27
BRDA:295,57,1,24
BRDA:301,58,0,24
BRDA:301,58,1,2
BRDA:314,59,0,3
BRDA:314,59,1,24
BRF:124
BRH:93
end_of_record
TN:
SF:src/screens/BudgetsScreen.tsx
FN:15,(anonymous_0)
FN:17,(anonymous_1)
FN:18,(anonymous_2)
FN:25,(anonymous_3)
FN:30,(anonymous_4)
FN:30,(anonymous_5)
FN:31,(anonymous_6)
FN:31,(anonymous_7)
FN:48,(anonymous_8)
FN:49,(anonymous_9)
FN:50,(anonymous_10)
FN:61,(anonymous_11)
FNF:12
FNH:12
FNDA:8,(anonymous_0)
FNDA:8,(anonymous_1)
FNDA:8,(anonymous_2)
FNDA:8,(anonymous_3)
FNDA:2,(anonymous_4)
FNDA:2,(anonymous_5)
FNDA:1,(anonymous_6)
FNDA:1,(anonymous_7)
FNDA:5,(anonymous_8)
FNDA:3,(anonymous_9)
FNDA:1,(anonymous_10)
FNDA:1,(anonymous_11)
DA:15,1
DA:16,8
DA:17,8
DA:18,8
DA:20,8
DA:21,8
DA:24,8
DA:26,8
DA:30,8
DA:31,8
DA:33,8
DA:48,5
DA:50,3
DA:61,1
DA:73,1
LF:15
LH:15
BRF:0
BRH:0
end_of_record
TN:
SF:src/screens/CalendarScreen.tsx
FN:27,(anonymous_0)
FN:28,(anonymous_1)
FN:29,(anonymous_2)
FN:30,(anonymous_3)
FN:35,(anonymous_4)
FN:41,(anonymous_5)
FN:43,(anonymous_6)
FN:53,(anonymous_7)
FN:57,(anonymous_8)
FN:63,(anonymous_9)
FN:68,(anonymous_10)
FN:69,(anonymous_11)
FN:75,(anonymous_12)
FN:95,(anonymous_13)
FN:104,(anonymous_14)
FN:108,(anonymous_15)
FN:114,(anonymous_16)
FN:128,(anonymous_17)
FN:136,(anonymous_18)
FN:158,(anonymous_19)
FN:163,(anonymous_20)
FNF:21
FNH:14
FNDA:4,(anonymous_0)
FNDA:4,(anonymous_1)
FNDA:4,(anonymous_2)
FNDA:12,(anonymous_3)
FNDA:4,(anonymous_4)
FNDA:4,(anonymous_5)
FNDA:2,(anonymous_6)
FNDA:0,(anonymous_7)
FNDA:4,(anonymous_8)
FNDA:140,(anonymous_9)
FNDA:2,(anonymous_10)
FNDA:1,(anonymous_11)
FNDA:0,(anonymous_12)
FNDA:0,(anonymous_13)
FNDA:1,(anonymous_14)
FNDA:1,(anonymous_15)
FNDA:28,(anonymous_16)
FNDA:0,(anonymous_17)
FNDA:0,(anonymous_18)
FNDA:0,(anonymous_19)
FNDA:0,(anonymous_20)
DA:27,1
DA:28,4
DA:29,4
DA:30,12
DA:32,4
DA:33,4
DA:35,4
DA:36,4
DA:37,4
DA:38,4
DA:41,4
DA:42,4
DA:43,4
DA:44,2
DA:45,2
DA:46,1
DA:48,2
DA:50,4
DA:53,4
DA:54,0
DA:57,4
DA:58,4
DA:59,0
DA:60,0
DA:63,4
DA:64,140
DA:65,140
DA:66,140
DA:68,140
DA:69,140
DA:71,140
DA:75,0
DA:93,4
DA:94,4
DA:95,4
DA:96,0
DA:97,0
DA:100,4
DA:104,1
DA:108,1
DA:115,28
DA:128,0
DA:136,0
DA:159,0
DA:164,0
DA:165,0
DA:179,1
LF:47
LH:36
BRDA:45,0,0,1
BRDA:45,0,1,1
BRDA:58,1,0,4
BRDA:58,1,1,0
BRDA:60,2,0,0
BRDA:60,2,1,0
BRDA:66,3,0,140
BRDA:66,3,1,139
BRDA:74,4,0,140
BRDA:74,4,1,3
BRDA:79,5,0,140
BRDA:79,5,1,17
BRDA:80,6,0,140
BRDA:80,6,1,3
BRDA:85,7,0,140
BRDA:85,7,1,1
BRDA:86,8,0,140
BRDA:86,8,1,1
BRDA:96,9,0,0
BRDA:96,9,1,0
BRDA:97,10,0,0
BRDA:97,10,1,0
BRDA:134,11,0,0
BRDA:134,11,1,4
BRDA:155,12,0,4
BRDA:155,12,1,0
BRF:26
BRH:17
end_of_record
TN:
SF:src/screens/CategoriesScreen.tsx
FN:37,(anonymous_0)
FN:38,(anonymous_1)
FN:39,(anonymous_2)
FN:40,(anonymous_3)
FN:41,(anonymous_4)
FN:51,(anonymous_5)
FN:51,(anonymous_6)
FN:55,(anonymous_7)
FN:58,(anonymous_8)
FN:65,(anonymous_9)
FN:76,(anonymous_10)
FN:84,(anonymous_11)
FN:116,(anonymous_12)
FN:129,(anonymous_13)
FN:135,(anonymous_14)
FN:138,(anonymous_15)
FN:154,(anonymous_16)
FN:172,(anonymous_17)
FN:186,(anonymous_18)
FN:209,(anonymous_19)
FN:227,(anonymous_20)
FN:236,(anonymous_21)
FN:270,(anonymous_22)
FN:275,(anonymous_23)
FN:279,(anonymous_24)
FNF:25
FNH:0
FNDA:0,(anonymous_0)
FNDA:0,(anonymous_1)
FNDA:0,(anonymous_2)
FNDA:0,(anonymous_3)
FNDA:0,(anonymous_4)
FNDA:0,(anonymous_5)
FNDA:0,(anonymous_6)
FNDA:0,(anonymous_7)
FNDA:0,(anonymous_8)
FNDA:0,(anonymous_9)
FNDA:0,(anonymous_10)
FNDA:0,(anonymous_11)
FNDA:0,(anonymous_12)
FNDA:0,(anonymous_13)
FNDA:0,(anonymous_14)
FNDA:0,(anonymous_15)
FNDA:0,(anonymous_16)
FNDA:0,(anonymous_17)
FNDA:0,(anonymous_18)
FNDA:0,(anonymous_19)
FNDA:0,(anonymous_20)
FNDA:0,(anonymous_21)
FNDA:0,(anonymous_22)
FNDA:0,(anonymous_23)
FNDA:0,(anonymous_24)
DA:24,0
DA:33,0
DA:37,0
DA:38,0
DA:39,0
DA:40,0
DA:41,0
DA:43,0
DA:44,0
DA:45,0
DA:46,0
DA:47,0
DA:48,0
DA:50,0
DA:51,0
DA:55,0
DA:56,0
DA:58,0
DA:59,0
DA:60,0
DA:61,0
DA:62,0
DA:65,0
DA:66,0
DA:67,0
DA:68,0
DA:70,0
DA:71,0
DA:72,0
DA:73,0
DA:76,0
DA:77,0
DA:78,0
DA:79,0
DA:80,0
DA:83,0
DA:85,0
DA:89,0
DA:90,0
DA:91,0
DA:94,0
DA:95,0
DA:96,0
DA:97,0
DA:99,0
DA:110,0
DA:112,0
DA:116,0
DA:117,0
DA:118,0
DA:119,0
DA:121,0
DA:129,0
DA:135,0
DA:136,0
DA:137,0
DA:138,0
DA:154,0
DA:164,0
DA:172,0
DA:186,0
DA:209,0
DA:227,0
DA:236,0
DA:270,0
DA:276,0
DA:280,0
DA:281,0
DA:299,0
LF:69
LH:0
BRDA:51,0,0,0
BRDA:51,0,1,0
BRDA:56,1,0,0
BRDA:56,1,1,0
BRDA:66,2,0,0
BRDA:66,2,1,0
BRDA:72,3,0,0
BRDA:72,3,1,0
BRDA:78,4,0,0
BRDA:78,4,1,0
BRDA:85,5,0,0
BRDA:85,5,1,0
BRDA:85,5,2,0
BRDA:89,6,0,0
BRDA:89,6,1,0
BRDA:96,7,0,0
BRDA:96,7,1,0
BRDA:117,8,0,0
BRDA:117,8,1,0
BRDA:140,9,0,0
BRDA:140,9,1,0
BRDA:144,10,0,0
BRDA:144,10,1,0
BRDA:147,11,0,0
BRDA:147,11,1,0
BRDA:147,11,2,0
BRDA:151,12,0,0
BRDA:151,12,1,0
BRDA:171,13,0,0
BRDA:171,13,1,0
BRDA:177,14,0,0
BRDA:177,14,1,0
BRDA:180,15,0,0
BRDA:180,15,1,0
BRDA:185,16,0,0
BRDA:185,16,1,0
BRDA:191,17,0,0
BRDA:191,17,1,0
BRDA:194,18,0,0
BRDA:194,18,1,0
BRDA:200,19,0,0
BRDA:200,19,1,0
BRDA:225,20,0,0
BRDA:225,20,1,0
BRDA:225,21,0,0
BRDA:225,21,1,0
BRDA:278,22,0,0
BRDA:278,22,1,0
BRDA:287,23,0,0
BRDA:287,23,1,0
BRF:50
BRH:0
end_of_record
TN:
SF:src/screens/DashboardScreen.tsx
FN:26,(anonymous_0)
FN:27,(anonymous_1)
FN:28,(anonymous_2)
FN:29,(anonymous_3)
FN:30,(anonymous_4)
FN:31,(anonymous_5)
FN:32,(anonymous_6)
FN:33,(anonymous_7)
FN:34,(anonymous_8)
FN:35,(anonymous_9)
FN:44,(anonymous_10)
FN:45,(anonymous_11)
FN:49,(anonymous_12)
FN:49,(anonymous_13)
FN:50,(anonymous_14)
FN:50,(anonymous_15)
FN:55,(anonymous_16)
FN:56,(anonymous_17)
FN:57,(anonymous_18)
FN:60,(anonymous_19)
FN:62,(anonymous_20)
FN:62,(anonymous_21)
FN:64,(anonymous_22)
FN:66,(anonymous_23)
FN:75,(anonymous_24)
FN:85,(anonymous_25)
FN:117,(anonymous_26)
FN:173,(anonymous_27)
FN:177,(anonymous_28)
FN:188,(anonymous_29)
FN:192,(anonymous_30)
FN:202,(anonymous_31)
FN:208,(anonymous_32)
FN:212,(anonymous_33)
FNF:34
FNH:32
FNDA:4,(anonymous_0)
FNDA:4,(anonymous_1)
FNDA:4,(anonymous_2)
FNDA:4,(anonymous_3)
FNDA:4,(anonymous_4)
FNDA:4,(anonymous_5)
FNDA:4,(anonymous_6)
FNDA:4,(anonymous_7)
FNDA:4,(anonymous_8)
FNDA:4,(anonymous_9)
FNDA:4,(anonymous_10)
FNDA:3,(anonymous_11)
FNDA:3,(anonymous_12)
FNDA:1,(anonymous_13)
FNDA:3,(anonymous_14)
FNDA:2,(anonymous_15)
FNDA:4,(anonymous_16)
FNDA:4,(anonymous_17)
FNDA:4,(anonymous_18)
FNDA:4,(anonymous_19)
FNDA:4,(anonymous_20)
FNDA:2,(anonymous_21)
FNDA:4,(anonymous_22)
FNDA:4,(anonymous_23)
FNDA:0,(anonymous_24)
FNDA:1,(anonymous_25)
FNDA:0,(anonymous_26)
FNDA:1,(anonymous_27)
FNDA:1,(anonymous_28)
FNDA:1,(anonymous_29)
FNDA:1,(anonymous_30)
FNDA:1,(anonymous_31)
FNDA:3,(anonymous_32)
FNDA:1,(anonymous_33)
DA:26,1
DA:27,4
DA:28,4
DA:29,4
DA:30,4
DA:31,4
DA:32,4
DA:33,4
DA:34,4
DA:35,4
DA:37,4
DA:38,4
DA:39,4
DA:40,4
DA:41,4
DA:44,4
DA:45,4
DA:46,3
DA:47,3
DA:49,4
DA:50,4
DA:51,4
DA:55,4
DA:56,4
DA:57,4
DA:60,4
DA:62,4
DA:64,4
DA:66,4
DA:67,4
DA:70,4
DA:75,0
DA:85,1
DA:118,0
DA:119,0
DA:120,0
DA:121,0
DA:174,1
DA:177,1
DA:188,1
DA:192,1
DA:202,1
DA:209,3
DA:212,1
DA:230,1
LF:45
LH:40
BRDA:47,0,0,3
BRDA:47,0,1,3
BRDA:82,1,0,4
BRDA:82,1,1,1
BRDA:120,2,0,0
BRDA:120,2,1,0
BRDA:128,3,0,4
BRDA:128,3,1,0
BRDA:130,4,0,0
BRDA:130,4,1,0
BRDA:137,5,0,4
BRDA:137,5,1,0
BRDA:139,6,0,0
BRDA:139,6,1,0
BRDA:144,7,0,0
BRDA:144,7,1,4
BRDA:144,8,0,4
BRDA:144,8,1,0
BRDA:145,9,0,0
BRDA:145,9,1,0
BRDA:152,10,0,3
BRDA:152,10,1,1
BRDA:153,11,0,3
BRDA:153,11,1,1
BRDA:154,12,0,3
BRDA:154,12,1,1
BRDA:158,13,0,1
BRDA:158,13,1,3
BRDA:161,14,0,1
BRDA:161,14,1,3
BRDA:170,15,0,4
BRDA:170,15,1,1
BRDA:184,16,0,4
BRDA:184,16,1,2
BRDA:207,17,0,2
BRDA:207,17,1,2
BRF:36
BRH:24
end_of_record
TN:
SF:src/screens/DebtDashboardScreen.tsx
FN:15,(anonymous_0)
FN:17,(anonymous_1)
FN:19,(anonymous_2)
FN:27,(anonymous_3)
FN:51,(anonymous_4)
FN:53,(anonymous_5)
FN:53,(anonymous_6)
FN:65,(anonymous_7)
FN:74,(anonymous_8)
FN:96,(anonymous_9)
FN:97,(anonymous_10)
FN:121,(anonymous_11)
FN:122,(anonymous_12)
FN:142,(anonymous_13)
FN:145,(anonymous_14)
FN:155,(anonymous_15)
FN:156,(anonymous_16)
FNF:17
FNH:0
FNDA:0,(anonymous_0)
FNDA:0,(anonymous_1)
FNDA:0,(anonymous_2)
FNDA:0,(anonymous_3)
FNDA:0,(anonymous_4)
FNDA:0,(anonymous_5)
FNDA:0,(anonymous_6)
FNDA:0,(anonymous_7)
FNDA:0,(anonymous_8)
FNDA:0,(anonymous_9)
FNDA:0,(anonymous_10)
FNDA:0,(anonymous_11)
FNDA:0,(anonymous_12)
FNDA:0,(anonymous_13)
FNDA:0,(anonymous_14)
FNDA:0,(anonymous_15)
FNDA:0,(anonymous_16)
DA:15,0
DA:16,0
DA:17,0
DA:19,0
DA:20,0
DA:21,0
DA:22,0
DA:23,0
DA:24,0
DA:25,0
DA:27,0
DA:28,0
DA:29,0
DA:30,0
DA:33,0
DA:35,0
DA:36,0
DA:38,0
DA:39,0
DA:40,0
DA:41,0
DA:42,0
DA:43,0
DA:48,0
DA:51,0
DA:53,0
DA:55,0
DA:65,0
DA:74,0
DA:97,0
DA:122,0
DA:142,0
DA:145,0
DA:156,0
DA:174,0
LF:35
LH:0
BRDA:28,0,0,0
BRDA:28,0,1,0
BRDA:28,1,0,0
BRDA:28,1,1,0
BRDA:35,2,0,0
BRDA:35,2,1,0
BRDA:36,3,0,0
BRDA:36,3,1,0
BRDA:38,4,0,0
BRDA:38,4,1,0
BRDA:40,5,0,0
BRDA:40,5,1,0
BRDA:42,6,0,0
BRDA:42,6,1,0
BRDA:42,7,0,0
BRDA:42,7,1,0
BRDA:53,8,0,0
BRDA:53,8,1,0
BRDA:93,9,0,0
BRDA:93,9,1,0
BRDA:101,10,0,0
BRDA:101,10,1,0
BRDA:106,11,0,0
BRDA:106,11,1,0
BRDA:118,12,0,0
BRDA:118,12,1,0
BRDA:126,13,0,0
BRDA:126,13,1,0
BRDA:131,14,0,0
BRDA:131,14,1,0
BRDA:132,15,0,0
BRDA:132,15,1,0
BRDA:151,16,0,0
BRDA:151,16,1,0
BRDA:158,17,0,0
BRDA:158,17,1,0
BRF:36
BRH:0
end_of_record
TN:
SF:src/screens/DebtDetailScreen.tsx
FN:16,(anonymous_0)
FN:19,(anonymous_1)
FN:21,(anonymous_2)
FN:22,(anonymous_3)
FN:23,(anonymous_4)
FN:24,(anonymous_5)
FN:34,(anonymous_6)
FN:36,(anonymous_7)
FN:39,(anonymous_8)
FN:46,(anonymous_9)
FN:49,(anonymous_10)
FN:84,(anonymous_11)
FN:143,(anonymous_12)
FNF:13
FNH:0
FNDA:0,(anonymous_0)
FNDA:0,(anonymous_1)
FNDA:0,(anonymous_2)
FNDA:0,(anonymous_3)
FNDA:0,(anonymous_4)
FNDA:0,(anonymous_5)
FNDA:0,(anonymous_6)
FNDA:0,(anonymous_7)
FNDA:0,(anonymous_8)
FNDA:0,(anonymous_9)
FNDA:0,(anonymous_10)
FNDA:0,(anonymous_11)
FNDA:0,(anonymous_12)
DA:16,0
DA:17,0
DA:18,0
DA:19,0
DA:21,0
DA:22,0
DA:23,0
DA:24,0
DA:26,0
DA:27,0
DA:34,0
DA:36,0
DA:37,0
DA:40,0
DA:41,0
DA:46,0
DA:47,0
DA:50,0
DA:51,0
DA:56,0
DA:57,0
DA:59,0
DA:84,0
DA:144,0
DA:164,0
LF:25
LH:0
BRDA:26,0,0,0
BRDA:26,0,1,0
BRDA:61,1,0,0
BRDA:61,1,1,0
BRDA:66,2,0,0
BRDA:66,2,1,0
BRDA:67,3,0,0
BRDA:67,3,1,0
BRDA:68,4,0,0
BRDA:68,4,1,0
BRDA:75,5,0,0
BRDA:75,5,1,0
BRDA:80,6,0,0
BRDA:80,6,1,0
BRDA:80,6,2,0
BRDA:92,7,0,0
BRDA:92,7,1,0
BRDA:92,7,2,0
BRDA:97,8,0,0
BRDA:97,8,1,0
BRDA:120,9,0,0
BRDA:120,9,1,0
BRDA:126,10,0,0
BRDA:126,10,1,0
BRDA:129,11,0,0
BRDA:129,11,1,0
BRDA:132,12,0,0
BRDA:132,12,1,0
BRDA:140,13,0,0
BRDA:140,13,1,0
BRDA:149,14,0,0
BRDA:149,14,1,0
BRF:32
BRH:0
end_of_record
TN:
SF:src/screens/InsightsScreen.tsx
FN:28,(anonymous_0)
FN:37,(anonymous_1)
FN:39,(anonymous_2)
FN:50,(anonymous_3)
FN:55,(anonymous_4)
FN:61,(anonymous_5)
FN:65,(anonymous_6)
FN:69,(anonymous_7)
FN:73,(anonymous_8)
FN:87,(anonymous_9)
FN:102,(anonymous_10)
FN:107,(anonymous_11)
FN:119,(anonymous_12)
FN:181,(anonymous_13)
FN:188,(anonymous_14)
FN:200,(anonymous_15)
FN:219,(anonymous_16)
FN:223,(anonymous_17)
FNF:18
FNH:0
FNDA:0,(anonymous_0)
FNDA:0,(anonymous_1)
FNDA:0,(anonymous_2)
FNDA:0,(anonymous_3)
FNDA:0,(anonymous_4)
FNDA:0,(anonymous_5)
FNDA:0,(anonymous_6)
FNDA:0,(anonymous_7)
FNDA:0,(anonymous_8)
FNDA:0,(anonymous_9)
FNDA:0,(anonymous_10)
FNDA:0,(anonymous_11)
FNDA:0,(anonymous_12)
FNDA:0,(anonymous_13)
FNDA:0,(anonymous_14)
FNDA:0,(anonymous_15)
FNDA:0,(anonymous_16)
FNDA:0,(anonymous_17)
DA:28,0
DA:29,0
DA:30,0
DA:31,0
DA:33,0
DA:34,0
DA:35,0
DA:37,0
DA:39,0
DA:40,0
DA:41,0
DA:42,0
DA:43,0
DA:44,0
DA:45,0
DA:49,0
DA:50,0
DA:54,0
DA:55,0
DA:59,0
DA:61,0
DA:62,0
DA:65,0
DA:66,0
DA:67,0
DA:70,0
DA:73,0
DA:82,0
DA:87,0
DA:102,0
DA:107,0
DA:120,0
DA:121,0
DA:122,0
DA:123,0
DA:182,0
DA:183,0
DA:184,0
DA:185,0
DA:188,0
DA:201,0
DA:220,0
DA:223,0
DA:233,0
LF:44
LH:0
BRDA:41,0,0,0
BRDA:41,0,1,0
BRDA:41,0,2,0
BRDA:41,0,3,0
BRDA:72,1,0,0
BRDA:72,1,1,0
BRDA:75,2,0,0
BRDA:75,2,1,0
BRDA:100,3,0,0
BRDA:100,3,1,0
BRDA:114,4,0,0
BRDA:114,4,1,0
BRDA:116,5,0,0
BRDA:116,5,1,0
BRDA:121,6,0,0
BRDA:121,6,1,0
BRDA:122,7,0,0
BRDA:122,7,1,0
BRDA:133,8,0,0
BRDA:133,8,1,0
BRDA:166,9,0,0
BRDA:166,9,1,0
BRDA:166,10,0,0
BRDA:166,10,1,0
BRDA:183,11,0,0
BRDA:183,11,1,0
BRDA:184,12,0,0
BRDA:184,12,1,0
BRDA:196,13,0,0
BRDA:196,13,1,0
BRDA:216,14,0,0
BRDA:216,14,1,0
BRF:32
BRH:0
end_of_record
TN:
SF:src/screens/OnboardingScreen.tsx
FN:17,(anonymous_0)
FN:19,(anonymous_1)
FN:32,(anonymous_2)
FN:43,(anonymous_3)
FN:95,(anonymous_4)
FN:99,(anonymous_5)
FN:118,(anonymous_6)
FN:126,(anonymous_7)
FNF:8
FNH:0
FNDA:0,(anonymous_0)
FNDA:0,(anonymous_1)
FNDA:0,(anonymous_2)
FNDA:0,(anonymous_3)
FNDA:0,(anonymous_4)
FNDA:0,(anonymous_5)
FNDA:0,(anonymous_6)
FNDA:0,(anonymous_7)
DA:17,0
DA:18,0
DA:19,0
DA:20,0
DA:22,0
DA:23,0
DA:24,0
DA:25,0
DA:27,0
DA:32,0
DA:33,0
DA:34,0
DA:35,0
DA:36,0
DA:37,0
DA:39,0
DA:40,0
DA:43,0
DA:44,0
DA:45,0
DA:46,0
DA:49,0
DA:50,0
DA:51,0
DA:54,0
DA:57,0
DA:73,0
DA:75,0
DA:76,0
DA:80,0
DA:96,0
DA:99,0
DA:119,0
DA:126,0
DA:151,0
LF:35
LH:0
BRDA:35,0,0,0
BRDA:35,0,1,0
BRDA:44,1,0,0
BRDA:44,1,1,0
BRDA:51,2,0,0
BRDA:51,2,1,0
BRDA:76,3,0,0
BRDA:76,3,1,0
BRDA:98,4,0,0
BRDA:98,4,1,0
BRDA:101,5,0,0
BRDA:101,5,1,0
BRDA:124,6,0,0
BRDA:124,6,1,0
BRF:14
BRH:0
end_of_record
TN:
SF:src/screens/PendingRecurringScreen.tsx
FN:15,(anonymous_0)
FN:16,(anonymous_1)
FN:17,(anonymous_2)
FN:18,(anonymous_3)
FN:19,(anonymous_4)
FN:20,(anonymous_5)
FN:26,(anonymous_6)
FN:26,(anonymous_7)
FN:27,(anonymous_8)
FN:27,(anonymous_9)
FN:29,(anonymous_10)
FN:32,(anonymous_11)
FN:43,(anonymous_12)
FN:55,(anonymous_13)
FN:64,(anonymous_14)
FN:72,(anonymous_15)
FN:78,(anonymous_16)
FN:95,(anonymous_17)
FN:97,(anonymous_18)
FN:132,(anonymous_19)
FN:135,(anonymous_20)
FN:138,(anonymous_21)
FN:152,(anonymous_22)
FN:170,(anonymous_23)
FN:187,(anonymous_24)
FNF:25
FNH:20
FNDA:8,(anonymous_0)
FNDA:8,(anonymous_1)
FNDA:8,(anonymous_2)
FNDA:8,(anonymous_3)
FNDA:8,(anonymous_4)
FNDA:8,(anonymous_5)
FNDA:6,(anonymous_6)
FNDA:5,(anonymous_7)
FNDA:6,(anonymous_8)
FNDA:0,(anonymous_9)
FNDA:3,(anonymous_10)
FNDA:3,(anonymous_11)
FNDA:0,(anonymous_12)
FNDA:1,(anonymous_13)
FNDA:1,(anonymous_14)
FNDA:1,(anonymous_15)
FNDA:1,(anonymous_16)
FNDA:10,(anonymous_17)
FNDA:6,(anonymous_18)
FNDA:1,(anonymous_19)
FNDA:1,(anonymous_20)
FNDA:2,(anonymous_21)
FNDA:0,(anonymous_22)
FNDA:0,(anonymous_23)
FNDA:0,(anonymous_24)
DA:15,2
DA:16,8
DA:17,8
DA:18,8
DA:19,8
DA:20,8
DA:22,8
DA:23,8
DA:24,8
DA:26,8
DA:27,8
DA:29,8
DA:31,3
DA:32,3
DA:33,3
DA:34,3
DA:35,1
DA:44,0
DA:52,2
DA:55,8
DA:56,1
DA:65,1
DA:72,8
DA:73,1
DA:74,1
DA:75,1
DA:78,8
DA:79,1
DA:80,1
DA:81,1
DA:82,1
DA:83,0
DA:84,0
DA:86,1
DA:87,1
DA:90,8
DA:95,10
DA:98,6
DA:99,6
DA:100,6
DA:101,6
DA:102,6
DA:104,6
DA:132,1
DA:135,1
DA:138,2
DA:152,0
DA:171,0
DA:172,0
DA:173,0
DA:174,0
DA:187,0
DA:201,2
LF:53
LH:44
BRDA:26,0,0,6
BRDA:26,0,1,1
BRDA:31,1,0,3
BRDA:31,1,1,0
BRDA:31,2,0,3
BRDA:31,2,1,0
BRDA:33,3,0,1
BRDA:33,3,1,2
BRDA:34,4,0,1
BRDA:34,4,1,2
BRDA:34,5,0,3
BRDA:34,5,1,3
BRDA:75,6,0,1
BRDA:75,6,1,1
BRDA:79,7,0,0
BRDA:79,7,1,1
BRDA:81,8,0,1
BRDA:81,8,1,0
BRDA:82,9,0,0
BRDA:82,9,1,1
BRDA:100,10,0,5
BRDA:100,10,1,1
BRDA:100,11,0,1
BRDA:100,11,1,0
BRDA:101,12,0,5
BRDA:101,12,1,1
BRDA:101,13,0,1
BRDA:101,13,1,0
BRDA:108,14,0,6
BRDA:108,14,1,0
BRDA:108,15,0,6
BRDA:108,15,1,0
BRDA:109,16,0,6
BRDA:109,16,1,6
BRDA:109,17,0,0
BRDA:109,17,1,6
BRDA:114,18,0,6
BRDA:114,18,1,6
BRDA:114,19,0,0
BRDA:114,19,1,6
BRDA:116,20,0,0
BRDA:116,20,1,6
BRDA:129,21,0,6
BRDA:129,21,1,0
BRDA:173,22,0,0
BRDA:173,22,1,0
BRF:46
BRH:31
end_of_record
TN:
SF:src/screens/PeopleScreen.tsx
FN:13,(anonymous_0)
FN:22,(anonymous_1)
FN:34,(anonymous_2)
FN:39,(anonymous_3)
FN:40,(anonymous_4)
FNF:5
FNH:0
FNDA:0,(anonymous_0)
FNDA:0,(anonymous_1)
FNDA:0,(anonymous_2)
FNDA:0,(anonymous_3)
FNDA:0,(anonymous_4)
DA:13,0
DA:14,0
DA:16,0
DA:22,0
DA:34,0
DA:40,0
DA:61,0
LF:7
LH:0
BRDA:29,0,0,0
BRDA:29,0,1,0
BRDA:43,1,0,0
BRDA:43,1,1,0
BRDA:48,2,0,0
BRDA:48,2,1,0
BRF:6
BRH:0
end_of_record
TN:
SF:src/screens/PersonDetailScreen.tsx
FN:15,(anonymous_0)
FN:18,(anonymous_1)
FN:20,(anonymous_2)
FN:22,(anonymous_3)
FN:22,(anonymous_4)
FN:24,(anonymous_5)
FN:30,(anonymous_6)
FN:51,(anonymous_7)
FN:53,(anonymous_8)
FN:60,(anonymous_9)
FN:73,(anonymous_10)
FN:106,(anonymous_11)
FN:107,(anonymous_12)
FN:125,(anonymous_13)
FN:126,(anonymous_14)
FNF:15
FNH:0
FNDA:0,(anonymous_0)
FNDA:0,(anonymous_1)
FNDA:0,(anonymous_2)
FNDA:0,(anonymous_3)
FNDA:0,(anonymous_4)
FNDA:0,(anonymous_5)
FNDA:0,(anonymous_6)
FNDA:0,(anonymous_7)
FNDA:0,(anonymous_8)
FNDA:0,(anonymous_9)
FNDA:0,(anonymous_10)
FNDA:0,(anonymous_11)
FNDA:0,(anonymous_12)
FNDA:0,(anonymous_13)
FNDA:0,(anonymous_14)
DA:15,0
DA:16,0
DA:17,0
DA:18,0
DA:20,0
DA:22,0
DA:24,0
DA:25,0
DA:26,0
DA:27,0
DA:28,0
DA:30,0
DA:31,0
DA:32,0
DA:34,0
DA:35,0
DA:36,0
DA:40,0
DA:43,0
DA:44,0
DA:51,0
DA:53,0
DA:54,0
DA:55,0
DA:56,0
DA:58,0
DA:61,0
DA:62,0
DA:67,0
DA:73,0
DA:107,0
DA:126,0
DA:149,0
LF:33
LH:0
BRDA:31,0,0,0
BRDA:31,0,1,0
BRDA:31,1,0,0
BRDA:31,1,1,0
BRDA:35,2,0,0
BRDA:35,2,1,0
BRDA:36,3,0,0
BRDA:36,3,1,0
BRDA:43,4,0,0
BRDA:43,4,1,0
BRDA:54,5,0,0
BRDA:54,5,1,0
BRDA:82,6,0,0
BRDA:82,6,1,0
BRDA:86,7,0,0
BRDA:86,7,1,0
BRDA:87,8,0,0
BRDA:87,8,1,0
BRDA:88,9,0,0
BRDA:88,9,1,0
BRDA:103,10,0,0
BRDA:103,10,1,0
BRDA:110,11,0,0
BRDA:110,11,1,0
BRDA:111,12,0,0
BRDA:111,12,1,0
BRDA:122,13,0,0
BRDA:122,13,1,0
BRDA:129,14,0,0
BRDA:129,14,1,0
BRF:30
BRH:0
end_of_record
TN:
SF:src/screens/PinLockScreen.tsx
FN:13,(anonymous_0)
FN:19,(anonymous_1)
FN:21,(anonymous_2)
FN:67,(anonymous_3)
FN:69,(anonymous_4)
FN:71,(anonymous_5)
FN:78,(anonymous_6)
FN:94,(anonymous_7)
FN:100,(anonymous_8)
FN:102,(anonymous_9)
FN:107,(anonymous_10)
FNF:11
FNH:0
FNDA:0,(anonymous_0)
FNDA:0,(anonymous_1)
FNDA:0,(anonymous_2)
FNDA:0,(anonymous_3)
FNDA:0,(anonymous_4)
FNDA:0,(anonymous_5)
FNDA:0,(anonymous_6)
FNDA:0,(anonymous_7)
FNDA:0,(anonymous_8)
FNDA:0,(anonymous_9)
FNDA:0,(anonymous_10)
DA:11,0
DA:13,0
DA:14,0
DA:15,0
DA:16,0
DA:17,0
DA:18,0
DA:19,0
DA:21,0
DA:22,0
DA:24,0
DA:25,0
DA:26,0
DA:27,0
DA:28,0
DA:29,0
DA:31,0
DA:32,0
DA:35,0
DA:38,0
DA:39,0
DA:40,0
DA:41,0
DA:42,0
DA:43,0
DA:44,0
DA:45,0
DA:46,0
DA:48,0
DA:49,0
DA:51,0
DA:52,0
DA:53,0
DA:54,0
DA:55,0
DA:57,0
DA:58,0
DA:62,0
DA:67,0
DA:68,0
DA:69,0
DA:71,0
DA:73,0
DA:76,0
DA:78,0
DA:79,0
DA:80,0
DA:82,0
DA:83,0
DA:86,0
DA:95,0
DA:101,0
DA:103,0
DA:107,0
DA:126,0
LF:55
LH:0
BRDA:24,0,0,0
BRDA:24,0,1,0
BRDA:24,1,0,0
BRDA:24,1,1,0
BRDA:26,2,0,0
BRDA:26,2,1,0
BRDA:27,3,0,0
BRDA:27,3,1,0
BRDA:39,4,0,0
BRDA:39,4,1,0
BRDA:40,5,0,0
BRDA:40,5,1,0
BRDA:43,6,0,0
BRDA:43,6,1,0
BRDA:45,7,0,0
BRDA:45,7,1,0
BRDA:51,8,0,0
BRDA:51,8,1,0
BRDA:53,9,0,0
BRDA:53,9,1,0
BRDA:68,10,0,0
BRDA:68,10,1,0
BRDA:68,11,0,0
BRDA:68,11,1,0
BRDA:76,12,0,0
BRDA:76,12,1,0
BRDA:76,13,0,0
BRDA:76,13,1,0
BRDA:79,14,0,0
BRDA:79,14,1,0
BRDA:80,15,0,0
BRDA:80,15,1,0
BRDA:82,16,0,0
BRDA:82,16,1,0
BRDA:91,17,0,0
BRDA:91,17,1,0
BRDA:95,18,0,0
BRDA:95,18,1,0
BRDA:103,19,0,0
BRDA:103,19,1,0
BRF:40
BRH:0
end_of_record
TN:
SF:src/screens/PlanScreen.tsx
FN:19,(anonymous_0)
FN:30,(anonymous_1)
FN:37,(anonymous_2)
FN:40,(anonymous_3)
FN:49,(anonymous_4)
FN:53,(anonymous_5)
FN:54,(anonymous_6)
FN:59,(anonymous_7)
FN:60,(anonymous_8)
FN:61,(anonymous_9)
FN:66,(anonymous_10)
FN:67,(anonymous_11)
FN:72,(anonymous_12)
FN:73,(anonymous_13)
FN:78,(anonymous_14)
FN:81,(anonymous_15)
FN:90,(anonymous_16)
FN:129,(anonymous_17)
FN:141,(anonymous_18)
FN:151,(anonymous_19)
FN:161,(anonymous_20)
FN:174,(anonymous_21)
FN:184,(anonymous_22)
FN:197,(anonymous_23)
FN:213,(anonymous_24)
FN:228,(anonymous_25)
FNF:26
FNH:0
FNDA:0,(anonymous_0)
FNDA:0,(anonymous_1)
FNDA:0,(anonymous_2)
FNDA:0,(anonymous_3)
FNDA:0,(anonymous_4)
FNDA:0,(anonymous_5)
FNDA:0,(anonymous_6)
FNDA:0,(anonymous_7)
FNDA:0,(anonymous_8)
FNDA:0,(anonymous_9)
FNDA:0,(anonymous_10)
FNDA:0,(anonymous_11)
FNDA:0,(anonymous_12)
FNDA:0,(anonymous_13)
FNDA:0,(anonymous_14)
FNDA:0,(anonymous_15)
FNDA:0,(anonymous_16)
FNDA:0,(anonymous_17)
FNDA:0,(anonymous_18)
FNDA:0,(anonymous_19)
FNDA:0,(anonymous_20)
FNDA:0,(anonymous_21)
FNDA:0,(anonymous_22)
FNDA:0,(anonymous_23)
FNDA:0,(anonymous_24)
FNDA:0,(anonymous_25)
DA:19,0
DA:29,0
DA:30,0
DA:32,0
DA:33,0
DA:34,0
DA:37,0
DA:38,0
DA:39,0
DA:40,0
DA:41,0
DA:42,0
DA:43,0
DA:44,0
DA:47,0
DA:48,0
DA:49,0
DA:53,0
DA:54,0
DA:55,0
DA:59,0
DA:60,0
DA:61,0
DA:62,0
DA:66,0
DA:67,0
DA:68,0
DA:72,0
DA:73,0
DA:74,0
DA:78,0
DA:79,0
DA:80,0
DA:81,0
DA:82,0
DA:83,0
DA:84,0
DA:87,0
DA:90,0
DA:91,0
DA:94,0
DA:129,0
DA:141,0
DA:151,0
DA:161,0
DA:174,0
DA:184,0
DA:197,0
DA:214,0
DA:228,0
DA:241,0
LF:51
LH:0
BRDA:41,0,0,0
BRDA:41,0,1,0
BRDA:41,1,0,0
BRDA:41,1,1,0
BRDA:48,2,0,0
BRDA:48,2,1,0
BRDA:49,3,0,0
BRDA:49,3,1,0
BRDA:60,4,0,0
BRDA:60,4,1,0
BRDA:67,5,0,0
BRDA:67,5,1,0
BRDA:82,6,0,0
BRDA:82,6,1,0
BRDA:82,7,0,0
BRDA:82,7,1,0
BRDA:83,8,0,0
BRDA:83,8,1,0
BRDA:84,9,0,0
BRDA:84,9,1,0
BRDA:134,10,0,0
BRDA:134,10,1,0
BRDA:146,11,0,0
BRDA:146,11,1,0
BRDA:156,12,0,0
BRDA:156,12,1,0
BRDA:166,13,0,0
BRDA:166,13,1,0
BRDA:179,14,0,0
BRDA:179,14,1,0
BRDA:189,15,0,0
BRDA:189,15,1,0
BRDA:202,16,0,0
BRDA:202,16,1,0
BRDA:202,17,0,0
BRDA:202,17,1,0
BRDA:210,18,0,0
BRDA:210,18,1,0
BRDA:227,19,0,0
BRDA:227,19,1,0
BRF:40
BRH:0
end_of_record
TN:
SF:src/screens/RecordDebtPaymentScreen.tsx
FN:17,(anonymous_0)
FN:20,(anonymous_1)
FN:22,(anonymous_2)
FN:28,(anonymous_3)
FN:44,(anonymous_4)
FN:57,(anonymous_5)
FN:130,(anonymous_6)
FNF:7
FNH:0
FNDA:0,(anonymous_0)
FNDA:0,(anonymous_1)
FNDA:0,(anonymous_2)
FNDA:0,(anonymous_3)
FNDA:0,(anonymous_4)
FNDA:0,(anonymous_5)
FNDA:0,(anonymous_6)
DA:17,0
DA:18,0
DA:19,0
DA:20,0
DA:22,0
DA:24,0
DA:25,0
DA:26,0
DA:28,0
DA:29,0
DA:30,0
DA:34,0
DA:35,0
DA:42,0
DA:44,0
DA:45,0
DA:46,0
DA:47,0
DA:48,0
DA:50,0
DA:51,0
DA:55,0
DA:56,0
DA:57,0
DA:59,0
DA:72,0
DA:84,0
DA:85,0
DA:86,0
DA:87,0
DA:88,0
DA:90,0
DA:98,0
DA:99,0
DA:100,0
DA:102,0
DA:106,0
DA:131,0
DA:155,0
LF:39
LH:0
BRDA:24,0,0,0
BRDA:24,0,1,0
BRDA:29,1,0,0
BRDA:29,1,1,0
BRDA:29,2,0,0
BRDA:29,2,1,0
BRDA:34,3,0,0
BRDA:34,3,1,0
BRDA:46,4,0,0
BRDA:46,4,1,0
BRDA:46,5,0,0
BRDA:46,5,1,0
BRDA:47,6,0,0
BRDA:47,6,1,0
BRDA:48,7,0,0
BRDA:48,7,1,0
BRDA:55,8,0,0
BRDA:55,8,1,0
BRDA:56,9,0,0
BRDA:56,9,1,0
BRDA:57,10,0,0
BRDA:57,10,1,0
BRDA:66,11,0,0
BRDA:66,11,1,0
BRDA:87,12,0,0
BRDA:87,12,1,0
BRDA:88,13,0,0
BRDA:88,13,1,0
BRDA:102,14,0,0
BRDA:102,14,1,0
BRDA:108,15,0,0
BRDA:108,15,1,0
BRDA:122,16,0,0
BRDA:122,16,1,0
BRF:34
BRH:0
end_of_record
TN:
SF:src/screens/RecurringTransactionsScreen.tsx
FN:13,(anonymous_0)
FN:14,(anonymous_1)
FN:15,(anonymous_2)
FN:16,(anonymous_3)
FN:18,(anonymous_4)
FN:18,(anonymous_5)
FN:19,(anonymous_6)
FN:19,(anonymous_7)
FN:26,(anonymous_8)
FN:28,(anonymous_9)
FN:38,(anonymous_10)
FN:84,(anonymous_11)
FNF:12
FNH:9
FNDA:2,(anonymous_0)
FNDA:2,(anonymous_1)
FNDA:2,(anonymous_2)
FNDA:2,(anonymous_3)
FNDA:3,(anonymous_4)
FNDA:4,(anonymous_5)
FNDA:2,(anonymous_6)
FNDA:0,(anonymous_7)
FNDA:3,(anonymous_8)
FNDA:2,(anonymous_9)
FNDA:0,(anonymous_10)
FNDA:0,(anonymous_11)
DA:13,1
DA:14,2
DA:15,2
DA:16,2
DA:18,4
DA:19,2
DA:21,2
DA:26,3
DA:29,2
DA:30,2
DA:31,2
DA:32,2
DA:33,2
DA:35,2
DA:38,0
DA:84,0
DA:96,1
LF:17
LH:15
BRDA:18,0,0,3
BRDA:18,0,1,0
BRDA:31,1,0,1
BRDA:31,1,1,1
BRDA:31,2,0,0
BRDA:31,2,1,1
BRDA:32,3,0,1
BRDA:32,3,1,1
BRDA:32,4,0,0
BRDA:32,4,1,1
BRDA:37,5,0,2
BRDA:37,5,1,1
BRDA:42,6,0,2
BRDA:42,6,1,0
BRDA:42,7,0,2
BRDA:42,7,1,0
BRDA:43,8,0,2
BRDA:43,8,1,2
BRDA:43,9,0,1
BRDA:43,9,1,1
BRDA:48,10,0,2
BRDA:48,10,1,2
BRDA:48,10,2,2
BRDA:48,11,0,1
BRDA:48,11,1,1
BRDA:50,12,0,1
BRDA:50,12,1,1
BRDA:67,13,0,2
BRDA:67,13,1,1
BRDA:73,14,0,2
BRDA:73,14,1,0
BRF:31
BRH:25
end_of_record
TN:
SF:src/screens/SavingsDepositDetailScreen.tsx
FN:16,(anonymous_0)
FN:21,(anonymous_1)
FN:22,(anonymous_2)
FN:23,(anonymous_3)
FN:24,(anonymous_4)
FN:40,(anonymous_5)
FN:48,(anonymous_6)
FN:57,(anonymous_7)
FN:66,(anonymous_8)
FN:131,(anonymous_9)
FN:141,(anonymous_10)
FN:151,(anonymous_11)
FNF:12
FNH:0
FNDA:0,(anonymous_0)
FNDA:0,(anonymous_1)
FNDA:0,(anonymous_2)
FNDA:0,(anonymous_3)
FNDA:0,(anonymous_4)
FNDA:0,(anonymous_5)
FNDA:0,(anonymous_6)
FNDA:0,(anonymous_7)
FNDA:0,(anonymous_8)
FNDA:0,(anonymous_9)
FNDA:0,(anonymous_10)
FNDA:0,(anonymous_11)
DA:16,0
DA:17,0
DA:18,0
DA:19,0
DA:21,0
DA:22,0
DA:23,0
DA:24,0
DA:26,0
DA:27,0
DA:37,0
DA:38,0
DA:40,0
DA:41,0
DA:49,0
DA:50,0
DA:57,0
DA:58,0
DA:67,0
DA:68,0
DA:75,0
DA:131,0
DA:132,0
DA:133,0
DA:134,0
DA:135,0
DA:136,0
DA:137,0
DA:141,0
DA:142,0
DA:143,0
DA:144,0
DA:145,0
DA:146,0
DA:147,0
DA:151,0
DA:152,0
DA:158,0
LF:38
LH:0
BRDA:26,0,0,0
BRDA:26,0,1,0
BRDA:43,1,0,0
BRDA:43,1,1,0
BRDA:101,2,0,0
BRDA:101,2,1,0
BRDA:102,3,0,0
BRDA:102,3,1,0
BRDA:108,4,0,0
BRDA:108,4,1,0
BRDA:109,5,0,0
BRDA:109,5,1,0
BRDA:112,6,0,0
BRDA:112,6,1,0
BRDA:112,6,2,0
BRDA:119,7,0,0
BRDA:119,7,1,0
BRDA:119,7,2,0
BRDA:132,8,0,0
BRDA:132,8,1,0
BRDA:132,8,2,0
BRDA:132,8,3,0
BRDA:132,8,4,0
BRDA:142,9,0,0
BRDA:142,9,1,0
BRDA:142,9,2,0
BRDA:142,9,3,0
BRDA:142,9,4,0
BRDA:154,10,0,0
BRDA:154,10,1,0
BRF:30
BRH:0
end_of_record
TN:
SF:src/screens/SavingsDepositsScreen.tsx
FN:14,(anonymous_0)
FN:15,(anonymous_1)
FN:22,(anonymous_2)
FN:24,(anonymous_3)
FN:25,(anonymous_4)
FN:36,(anonymous_5)
FN:45,(anonymous_6)
FNF:7
FNH:0
FNDA:0,(anonymous_0)
FNDA:0,(anonymous_1)
FNDA:0,(anonymous_2)
FNDA:0,(anonymous_3)
FNDA:0,(anonymous_4)
FNDA:0,(anonymous_5)
FNDA:0,(anonymous_6)
DA:14,0
DA:15,0
DA:17,0
DA:22,0
DA:25,0
DA:36,0
DA:45,0
DA:53,0
LF:8
LH:0
BRF:0
BRH:0
end_of_record
TN:
SF:src/screens/SavingsGoalDetailScreen.tsx
FN:20,(anonymous_0)
FN:23,(anonymous_1)
FN:24,(anonymous_2)
FN:25,(anonymous_3)
FN:41,(anonymous_4)
FN:41,(anonymous_5)
FN:47,(anonymous_6)
FN:61,(anonymous_7)
FN:62,(anonymous_8)
FN:80,(anonymous_9)
FN:90,(anonymous_10)
FN:136,(anonymous_11)
FN:208,(anonymous_12)
FN:211,(anonymous_13)
FNF:14
FNH:11
FNDA:5,(anonymous_0)
FNDA:5,(anonymous_1)
FNDA:4,(anonymous_2)
FNDA:4,(anonymous_3)
FNDA:4,(anonymous_4)
FNDA:0,(anonymous_5)
FNDA:4,(anonymous_6)
FNDA:4,(anonymous_7)
FNDA:5,(anonymous_8)
FNDA:1,(anonymous_9)
FNDA:1,(anonymous_10)
FNDA:0,(anonymous_11)
FNDA:1,(anonymous_12)
FNDA:0,(anonymous_13)
DA:20,1
DA:21,5
DA:22,5
DA:23,5
DA:24,5
DA:25,5
DA:27,5
DA:28,5
DA:29,5
DA:30,4
DA:31,4
DA:32,4
DA:33,4
DA:34,4
DA:38,5
DA:39,5
DA:40,5
DA:41,4
DA:42,4
DA:43,4
DA:44,4
DA:45,4
DA:47,4
DA:48,4
DA:50,4
DA:51,4
DA:52,4
DA:53,4
DA:54,4
DA:58,5
DA:59,5
DA:61,5
DA:62,5
DA:63,5
DA:64,1
DA:71,5
DA:72,1
DA:80,4
DA:81,1
DA:82,1
DA:83,1
DA:84,0
DA:85,0
DA:87,1
DA:90,4
DA:91,1
DA:92,0
DA:93,0
DA:96,1
DA:97,1
DA:98,1
DA:100,1
DA:101,0
DA:102,0
DA:105,1
DA:107,1
DA:120,1
DA:121,1
DA:122,1
DA:123,1
DA:125,0
DA:129,4
DA:136,0
DA:208,1
DA:211,0
DA:221,1
LF:66
LH:57
BRDA:24,0,0,5
BRDA:24,0,1,0
BRDA:25,1,0,4
BRDA:25,1,1,4
BRDA:29,2,0,4
BRDA:29,2,1,1
BRDA:33,3,0,0
BRDA:33,3,1,4
BRDA:40,4,0,4
BRDA:40,4,1,1
BRDA:45,5,0,4
BRDA:45,5,1,0
BRDA:50,6,0,4
BRDA:50,6,1,0
BRDA:50,7,0,4
BRDA:50,7,1,4
BRDA:61,8,0,5
BRDA:61,8,1,1
BRDA:61,9,0,4
BRDA:61,9,1,4
BRDA:63,10,0,1
BRDA:63,10,1,4
BRDA:63,11,0,5
BRDA:63,11,1,2
BRDA:71,12,0,1
BRDA:71,12,1,4
BRDA:83,13,0,0
BRDA:83,13,1,1
BRDA:91,14,0,0
BRDA:91,14,1,1
BRDA:97,15,0,1
BRDA:97,15,1,0
BRDA:98,16,0,0
BRDA:98,16,1,1
BRDA:100,17,0,0
BRDA:100,17,1,1
BRDA:100,18,0,1
BRDA:100,18,1,0
BRDA:105,19,0,1
BRDA:105,19,1,0
BRDA:113,20,0,1
BRDA:113,20,1,0
BRDA:123,21,0,1
BRDA:123,21,1,0
BRDA:125,22,0,0
BRDA:125,22,1,0
BRDA:153,23,0,4
BRDA:153,23,1,0
BRDA:170,24,0,4
BRDA:170,24,1,0
BRF:50
BRH:33
end_of_record
TN:
SF:src/screens/SavingsGoalsScreen.tsx
FN:14,(anonymous_0)
FN:15,(anonymous_1)
FN:22,(anonymous_2)
FN:24,(anonymous_3)
FN:25,(anonymous_4)
FN:36,(anonymous_5)
FNF:6
FNH:0
FNDA:0,(anonymous_0)
FNDA:0,(anonymous_1)
FNDA:0,(anonymous_2)
FNDA:0,(anonymous_3)
FNDA:0,(anonymous_4)
FNDA:0,(anonymous_5)
DA:14,0
DA:15,0
DA:17,0
DA:22,0
DA:25,0
DA:36,0
DA:48,0
LF:7
LH:0
BRF:0
BRH:0
end_of_record
TN:
SF:src/screens/SettingsScreen.tsx
FN:20,(anonymous_0)
FN:22,(anonymous_1)
FN:26,(anonymous_2)
FN:34,(anonymous_3)
FN:50,(anonymous_4)
FN:66,(anonymous_5)
FN:75,(anonymous_6)
FN:80,(anonymous_7)
FN:88,(anonymous_8)
FN:97,(anonymous_9)
FN:98,(anonymous_10)
FN:101,(anonymous_11)
FN:113,(anonymous_12)
FN:134,(anonymous_13)
FN:140,(anonymous_14)
FN:146,(anonymous_15)
FN:152,(anonymous_16)
FNF:17
FNH:7
FNDA:6,(anonymous_0)
FNDA:6,(anonymous_1)
FNDA:0,(anonymous_2)
FNDA:2,(anonymous_3)
FNDA:1,(anonymous_4)
FNDA:0,(anonymous_5)
FNDA:0,(anonymous_6)
FNDA:0,(anonymous_7)
FNDA:6,(anonymous_8)
FNDA:0,(anonymous_9)
FNDA:0,(anonymous_10)
FNDA:0,(anonymous_11)
FNDA:0,(anonymous_12)
FNDA:1,(anonymous_13)
FNDA:1,(anonymous_14)
FNDA:0,(anonymous_15)
FNDA:0,(anonymous_16)
DA:18,1
DA:20,1
DA:21,6
DA:22,6
DA:23,6
DA:24,6
DA:26,6
DA:27,0
DA:28,0
DA:30,0
DA:34,6
DA:35,2
DA:36,2
DA:37,2
DA:39,2
DA:40,1
DA:42,1
DA:43,1
DA:51,1
DA:52,1
DA:53,1
DA:60,0
DA:62,2
DA:66,6
DA:67,0
DA:76,0
DA:77,0
DA:80,0
DA:88,6
DA:89,6
DA:97,0
DA:99,0
DA:102,0
DA:103,0
DA:113,0
DA:121,6
DA:134,1
DA:140,1
DA:146,0
DA:152,0
DA:199,1
LF:41
LH:26
BRDA:27,0,0,0
BRDA:27,0,1,0
BRDA:39,1,0,1
BRDA:39,1,1,1
BRDA:60,2,0,0
BRDA:60,2,1,0
BRDA:106,3,0,0
BRDA:106,3,1,0
BRDA:109,4,0,0
BRDA:109,4,1,0
BRDA:130,5,0,0
BRDA:130,5,1,6
BRDA:166,6,0,6
BRDA:166,6,1,0
BRF:14
BRH:4
end_of_record
TN:
SF:src/screens/SpendingChartsScreen.tsx
FN:17,(anonymous_0)
FN:28,(anonymous_1)
FN:44,(anonymous_2)
FN:49,(anonymous_3)
FN:53,(anonymous_4)
FN:57,(anonymous_5)
FN:61,(anonymous_6)
FN:65,(anonymous_7)
FN:74,(anonymous_8)
FN:78,(anonymous_9)
FN:83,(anonymous_10)
FN:93,(anonymous_11)
FN:106,(anonymous_12)
FN:110,(anonymous_13)
FN:148,(anonymous_14)
FN:193,(anonymous_15)
FNF:16
FNH:8
FNDA:1,(anonymous_0)
FNDA:1,(anonymous_1)
FNDA:1,(anonymous_2)
FNDA:1,(anonymous_3)
FNDA:2,(anonymous_4)
FNDA:1,(anonymous_5)
FNDA:4,(anonymous_6)
FNDA:0,(anonymous_7)
FNDA:1,(anonymous_8)
FNDA:0,(anonymous_9)
FNDA:0,(anonymous_10)
FNDA:0,(anonymous_11)
FNDA:0,(anonymous_12)
FNDA:0,(anonymous_13)
FNDA:0,(anonymous_14)
FNDA:0,(anonymous_15)
DA:17,1
DA:18,1
DA:19,1
DA:20,1
DA:23,1
DA:24,1
DA:25,1
DA:28,1
DA:29,1
DA:30,1
DA:32,0
DA:34,1
DA:36,0
DA:38,0
DA:43,1
DA:44,1
DA:48,1
DA:49,1
DA:53,1
DA:54,2
DA:57,1
DA:58,1
DA:59,1
DA:62,4
DA:65,0
DA:74,1
DA:75,1
DA:76,0
DA:78,0
DA:83,0
DA:94,0
DA:95,0
DA:96,0
DA:97,0
DA:106,1
DA:107,0
DA:108,0
DA:111,0
DA:126,1
DA:149,0
DA:194,0
DA:195,0
DA:196,0
DA:197,0
DA:215,1
LF:45
LH:26
BRDA:30,0,0,0
BRDA:30,0,1,1
BRDA:30,0,2,0
BRDA:30,0,3,0
BRDA:64,1,0,4
BRDA:64,1,1,1
BRDA:67,2,0,4
BRDA:67,2,1,1
BRDA:75,3,0,1
BRDA:75,3,1,0
BRDA:88,4,0,0
BRDA:88,4,1,0
BRDA:90,5,0,0
BRDA:90,5,1,0
BRDA:95,6,0,0
BRDA:95,6,1,0
BRDA:96,7,0,0
BRDA:96,7,1,0
BRDA:107,8,0,0
BRDA:107,8,1,0
BRDA:137,9,0,0
BRDA:137,9,1,1
BRDA:180,10,0,1
BRDA:180,10,1,0
BRDA:195,11,0,0
BRDA:195,11,1,0
BRDA:196,12,0,0
BRDA:196,12,1,0
BRF:28
BRH:8
end_of_record
TN:
SF:src/screens/SubscriptionsScreen.tsx
FN:13,(anonymous_0)
FN:14,(anonymous_1)
FN:15,(anonymous_2)
FN:16,(anonymous_3)
FN:17,(anonymous_4)
FN:19,(anonymous_5)
FN:25,(anonymous_6)
FN:48,(anonymous_7)
FN:49,(anonymous_8)
FN:50,(anonymous_9)
FN:55,(anonymous_10)
FN:115,(anonymous_11)
FN:125,(anonymous_12)
FNF:13
FNH:9
FNDA:2,(anonymous_0)
FNDA:2,(anonymous_1)
FNDA:2,(anonymous_2)
FNDA:2,(anonymous_3)
FNDA:2,(anonymous_4)
FNDA:3,(anonymous_5)
FNDA:3,(anonymous_6)
FNDA:3,(anonymous_7)
FNDA:0,(anonymous_8)
FNDA:0,(anonymous_9)
FNDA:0,(anonymous_10)
FNDA:4,(anonymous_11)
FNDA:0,(anonymous_12)
DA:13,1
DA:14,2
DA:15,2
DA:16,2
DA:17,2
DA:19,3
DA:22,2
DA:23,2
DA:25,2
DA:26,3
DA:27,3
DA:28,3
DA:30,0
DA:31,0
DA:32,0
DA:34,0
DA:35,0
DA:36,0
DA:38,2
DA:39,2
DA:40,2
DA:42,1
DA:43,1
DA:44,1
DA:48,2
DA:49,3
DA:50,3
DA:52,3
DA:55,0
DA:90,2
DA:115,4
DA:125,0
DA:133,1
LF:33
LH:25
BRDA:26,0,0,0
BRDA:26,0,1,3
BRDA:28,1,0,0
BRDA:28,1,1,0
BRDA:28,1,2,2
BRDA:28,1,3,1
BRDA:61,2,0,3
BRDA:61,2,1,3
BRDA:62,3,0,3
BRDA:62,3,1,0
BRDA:73,4,0,3
BRDA:73,4,1,3
BRDA:75,5,0,3
BRDA:75,5,1,0
BRDA:81,6,0,3
BRDA:81,6,1,0
BRDA:106,7,0,1
BRDA:106,7,1,1
BRF:18
BRH:12
end_of_record
TN:
SF:src/screens/TagsScreen.tsx
FN:13,(anonymous_0)
FN:14,(anonymous_1)
FN:15,(anonymous_2)
FN:16,(anonymous_3)
FN:17,(anonymous_4)
FN:23,(anonymous_5)
FN:34,(anonymous_6)
FN:39,(anonymous_7)
FN:57,(anonymous_8)
FN:63,(anonymous_9)
FN:68,(anonymous_10)
FN:70,(anonymous_11)
FN:73,(anonymous_12)
FN:93,(anonymous_13)
FN:99,(anonymous_14)
FN:108,(anonymous_15)
FNF:16
FNH:14
FNDA:5,(anonymous_0)
FNDA:5,(anonymous_1)
FNDA:5,(anonymous_2)
FNDA:5,(anonymous_3)
FNDA:5,(anonymous_4)
FNDA:1,(anonymous_5)
FNDA:1,(anonymous_6)
FNDA:1,(anonymous_7)
FNDA:1,(anonymous_8)
FNDA:1,(anonymous_9)
FNDA:5,(anonymous_10)
FNDA:0,(anonymous_11)
FNDA:1,(anonymous_12)
FNDA:7,(anonymous_13)
FNDA:1,(anonymous_14)
FNDA:0,(anonymous_15)
DA:13,1
DA:14,5
DA:15,5
DA:16,5
DA:17,5
DA:19,5
DA:20,5
DA:21,5
DA:23,5
DA:24,1
DA:25,0
DA:26,0
DA:28,1
DA:29,1
DA:31,1
DA:34,5
DA:35,1
DA:36,1
DA:39,1
DA:40,1
DA:41,0
DA:42,0
DA:45,1
DA:46,1
DA:47,0
DA:49,1
DA:51,1
DA:53,0
DA:57,5
DA:58,1
DA:63,1
DA:68,5
DA:69,5
DA:70,0
DA:73,1
DA:81,5
DA:93,7
DA:99,1
DA:108,0
DA:133,1
LF:40
LH:32
BRDA:24,0,0,0
BRDA:24,0,1,1
BRDA:36,1,0,0
BRDA:36,1,1,1
BRDA:39,2,0,1
BRDA:39,2,1,0
BRDA:40,3,0,0
BRDA:40,3,1,1
BRDA:46,4,0,0
BRDA:46,4,1,1
BRDA:84,5,0,0
BRDA:84,5,1,5
BRDA:107,6,0,0
BRDA:107,6,1,5
BRF:14
BRH:7
end_of_record
TN:
[...]
BRDA:57,5,0,2
BRDA:57,5,1,1
BRDA:58,6,0,2
BRDA:58,6,1,1
BRDA:59,7,0,1
BRDA:59,7,1,1
BRDA:60,8,0,1
BRDA:60,8,1,1
BRDA:95,9,0,0
BRDA:95,9,1,0
BRDA:102,10,0,0
BRDA:102,10,1,0
BRDA:106,11,0,0
BRDA:106,11,1,0
BRF:24
BRH:18
end_of_record
TN:
SF:src/services/YieldPocketService.ts
FN:7,(anonymous_0)
FN:12,(anonymous_1)
FN:18,(anonymous_2)
FN:63,(anonymous_3)
FN:74,(anonymous_4)
FN:95,(anonymous_5)
FN:99,(anonymous_6)
FN:103,(anonymous_7)
FN:116,(anonymous_8)
FN:121,(anonymous_9)
FN:141,(anonymous_10)
FN:157,(anonymous_11)
FN:172,(anonymous_12)
FNF:13
FNH:12
FNDA:1,(anonymous_0)
FNDA:27,(anonymous_1)
FNDA:3,(anonymous_2)
FNDA:13,(anonymous_3)
FNDA:16,(anonymous_4)
FNDA:6,(anonymous_5)
FNDA:4,(anonymous_6)
FNDA:3,(anonymous_7)
FNDA:3,(anonymous_8)
FNDA:3,(anonymous_9)
FNDA:8,(anonymous_10)
FNDA:0,(anonymous_11)
FNDA:2,(anonymous_12)
DA:6,4
DA:8,1
DA:9,1
DA:13,27
DA:14,27
DA:15,27
DA:19,3
DA:20,3
DA:21,3
DA:22,2
DA:42,1
DA:64,13
DA:65,13
DA:67,1
DA:68,0
DA:69,0
DA:70,0
DA:75,16
DA:76,16
DA:78,4
DA:79,3
DA:80,1
DA:83,3
DA:84,1
DA:86,2
DA:87,2
DA:88,2
DA:90,3
DA:91,3
DA:96,6
DA:100,4
DA:104,3
DA:105,3
DA:106,3
DA:108,2
DA:109,2
DA:111,2
DA:117,3
DA:118,2
DA:126,3
DA:128,3
DA:129,3
DA:131,3
DA:132,3
DA:135,3
DA:136,3
DA:137,3
DA:138,3
DA:142,8
DA:143,8
DA:144,5
DA:146,3
DA:147,3
DA:148,3
DA:149,3
DA:150,3
DA:151,3
DA:152,3
DA:154,8
DA:158,0
DA:161,0
DA:169,0
DA:178,2
DA:179,2
DA:181,2
DA:182,2
DA:183,2
DA:185,2
DA:187,2
DA:188,2
DA:190,2
DA:191,2
DA:192,2
DA:193,2
DA:194,2
DA:195,2
DA:200,2
DA:201,2
DA:203,2
DA:204,2
DA:205,2
DA:206,2
DA:207,2
DA:209,2
DA:210,2
DA:211,2
DA:212,2
DA:215,2
DA:216,2
DA:218,2
DA:219,2
DA:220,2
DA:221,2
DA:223,0
DA:224,0
DA:225,0
DA:228,2
DA:231,2
DA:232,2
DA:234,2
DA:236,2
DA:237,1
DA:242,2
DA:243,2
LF:104
LH:95
BRDA:15,0,0,27
BRDA:15,0,1,25
BRDA:21,1,0,2
BRDA:21,1,1,1
BRDA:31,2,0,2
BRDA:31,2,1,0
BRDA:32,3,0,2
BRDA:32,3,1,0
BRDA:33,4,0,2
BRDA:33,4,1,0
BRDA:36,5,0,2
BRDA:36,5,1,2
BRDA:37,6,0,2
BRDA:37,6,1,2
BRDA:50,7,0,1
BRDA:50,7,1,0
BRDA:51,8,0,1
BRDA:51,8,1,0
BRDA:52,9,0,1
BRDA:52,9,1,0
BRDA:55,10,0,1
BRDA:55,10,1,1
BRDA:56,11,0,1
BRDA:56,11,1,1
BRDA:65,12,0,12
BRDA:65,12,1,1
BRDA:67,13,0,0
BRDA:67,13,1,1
BRDA:76,14,0,12
BRDA:76,14,1,4
BRDA:78,15,0,3
BRDA:78,15,1,1
BRDA:79,16,0,1
BRDA:79,16,1,2
BRDA:83,17,0,1
BRDA:83,17,1,2
BRDA:106,18,0,1
BRDA:106,18,1,2
BRDA:108,19,0,0
BRDA:108,19,1,2
BRDA:109,20,0,0
BRDA:109,20,1,2
BRDA:111,21,0,1
BRDA:111,21,1,1
BRDA:117,22,0,1
BRDA:117,22,1,2
BRDA:126,23,0,0
BRDA:126,23,1,3
BRDA:131,24,0,3
BRDA:131,24,1,0
BRDA:143,25,0,5
BRDA:143,25,1,3
BRDA:148,26,0,0
BRDA:148,26,1,3
BRDA:149,27,0,0
BRDA:149,27,1,3
BRDA:179,28,0,0
BRDA:179,28,1,2
BRDA:183,29,0,0
BRDA:183,29,1,2
BRDA:187,30,0,2
BRDA:187,30,1,0
BRDA:191,31,0,2
BRDA:191,31,1,0
BRDA:191,32,0,2
BRDA:191,32,1,2
BRDA:192,33,0,2
BRDA:192,33,1,0
BRDA:201,34,0,0
BRDA:201,34,1,2
BRDA:203,35,0,2
BRDA:203,35,1,0
BRDA:205,36,0,2
BRDA:205,36,1,0
BRDA:205,37,0,2
BRDA:205,37,1,2
BRDA:209,38,0,2
BRDA:209,38,1,0
BRDA:211,39,0,2
BRDA:211,39,1,0
BRDA:211,40,0,2
BRDA:211,40,1,2
BRDA:218,41,0,2
BRDA:218,41,1,0
BRDA:236,42,0,1
BRDA:236,42,1,1
BRDA:236,43,0,2
BRDA:236,43,1,2
BRF:88
BRH:64
end_of_record
TN:
SF:src/store/useFinanceStore.ts
FN:103,(anonymous_0)
FN:123,(anonymous_1)
FN:150,(anonymous_2)
FN:156,(anonymous_3)
FN:162,(anonymous_4)
FN:168,(anonymous_5)
FN:174,(anonymous_6)
FN:180,(anonymous_7)
FN:188,(anonymous_8)
FN:190,(anonymous_9)
FN:194,(anonymous_10)
FN:196,(anonymous_11)
FN:199,(anonymous_12)
FN:206,(anonymous_13)
FN:211,(anonymous_14)
FN:215,(anonymous_15)
FN:221,(anonymous_16)
FN:223,(anonymous_17)
FN:232,(anonymous_18)
FN:234,(anonymous_19)
FN:237,(anonymous_20)
FN:239,(anonymous_21)
FN:242,(anonymous_22)
FN:252,(anonymous_23)
FN:254,(anonymous_24)
FN:258,(anonymous_25)
FN:260,(anonymous_26)
FN:263,(anonymous_27)
FN:270,(anonymous_28)
FN:275,(anonymous_29)
FN:275,(anonymous_30)
FN:279,(anonymous_31)
FN:285,(anonymous_32)
FN:287,(anonymous_33)
FN:296,(anonymous_34)
FN:298,(anonymous_35)
FN:301,(anonymous_36)
FN:303,(anonymous_37)
FN:306,(anonymous_38)
FN:314,(anonymous_39)
FN:319,(anonymous_40)
FN:323,(anonymous_41)
FN:329,(anonymous_42)
FN:334,(anonymous_43)
FN:336,(anonymous_44)
FN:339,(anonymous_45)
FN:341,(anonymous_46)
FN:342,(anonymous_47)
FN:346,(anonymous_48)
FN:350,(anonymous_49)
FN:354,(anonymous_50)
FN:358,(anonymous_51)
FN:363,(anonymous_52)
FN:369,(anonymous_53)
FN:375,(anonymous_54)
FN:381,(anonymous_55)
FN:387,(anonymous_56)
FN:393,(anonymous_57)
FN:399,(anonymous_58)
FN:405,(anonymous_59)
FN:410,(anonymous_60)
FN:421,(anonymous_61)
FN:430,(anonymous_62)
FN:432,(anonymous_63)
FN:436,(anonymous_64)
FN:443,(anonymous_65)
FN:452,(anonymous_66)
FN:455,(anonymous_67)
FN:456,(anonymous_68)
FN:459,(anonymous_69)
FN:461,(anonymous_70)
FN:468,(anonymous_71)
FN:473,(anonymous_72)
FN:473,(anonymous_73)
FN:474,(anonymous_74)
FN:474,(anonymous_75)
FN:475,(anonymous_76)
FN:475,(anonymous_77)
FN:476,(anonymous_78)
FN:476,(anonymous_79)
FN:493,(anonymous_80)
FN:495,(anonymous_81)
FN:500,(anonymous_82)
FN:500,(anonymous_83)
FN:501,(anonymous_84)
FN:501,(anonymous_85)
FN:508,(anonymous_86)
FN:510,(anonymous_87)
FN:520,(anonymous_88)
FN:532,(anonymous_89)
FN:539,(anonymous_90)
FN:549,(anonymous_91)
FN:554,(anonymous_92)
FN:559,(anonymous_93)
FN:564,(anonymous_94)
FN:570,(anonymous_95)
FN:575,(anonymous_96)
FN:580,(anonymous_97)
FN:586,(anonymous_98)
FN:593,(anonymous_99)
FN:598,(anonymous_100)
FN:605,(anonymous_101)
FN:612,(anonymous_102)
FN:617,(anonymous_103)
FN:623,(anonymous_104)
FN:624,(anonymous_105)
FN:625,(anonymous_106)
FN:627,(anonymous_107)
FN:634,(anonymous_108)
FN:635,(anonymous_109)
FN:636,(anonymous_110)
FN:641,(anonymous_111)
FN:650,(anonymous_112)
FN:654,(anonymous_113)
FN:657,(anonymous_114)
FN:660,(anonymous_115)
FN:663,(anonymous_116)
FN:666,(anonymous_117)
FN:669,(anonymous_118)
FN:672,(anonymous_119)
FN:672,(anonymous_120)
FN:676,(anonymous_121)
FN:694,(anonymous_122)
FN:695,(anonymous_123)
FN:695,(anonymous_124)
FN:696,(anonymous_125)
FN:701,(anonymous_126)
FN:702,(anonymous_127)
FN:702,(anonymous_128)
FN:702,(anonymous_129)
FN:703,(anonymous_130)
FN:708,(anonymous_131)
FN:709,(anonymous_132)
FN:709,(anonymous_133)
FN:710,(anonymous_134)
FN:716,(anonymous_135)
FN:722,(anonymous_136)
FN:724,(anonymous_137)
FN:729,(anonymous_138)
FN:730,(anonymous_139)
FN:733,(anonymous_140)
FN:739,(anonymous_141)
FN:744,(anonymous_142)
FN:746,(anonymous_143)
FN:751,(anonymous_144)
FN:752,(anonymous_145)
FN:753,(anonymous_146)
FN:756,(anonymous_147)
FN:762,(anonymous_148)
FN:763,(anonymous_149)
FN:764,(anonymous_150)
FN:766,(anonymous_151)
FNF:152
FNH:74
FNDA:1,(anonymous_0)
FNDA:1,(anonymous_1)
FNDA:1,(anonymous_2)
FNDA:1,(anonymous_3)
FNDA:1,(anonymous_4)
FNDA:0,(anonymous_5)
FNDA:0,(anonymous_6)
FNDA:2,(anonymous_7)
FNDA:0,(anonymous_8)
FNDA:0,(anonymous_9)
FNDA:1,(anonymous_10)
FNDA:0,(anonymous_11)
FNDA:0,(anonymous_12)
FNDA:0,(anonymous_13)
FNDA:0,(anonymous_14)
FNDA:0,(anonymous_15)
FNDA:1,(anonymous_16)
FNDA:1,(anonymous_17)
FNDA:0,(anonymous_18)
FNDA:0,(anonymous_19)
FNDA:0,(anonymous_20)
FNDA:0,(anonymous_21)
FNDA:0,(anonymous_22)
FNDA:0,(anonymous_23)
FNDA:0,(anonymous_24)
FNDA:0,(anonymous_25)
FNDA:0,(anonymous_26)
FNDA:0,(anonymous_27)
FNDA:0,(anonymous_28)
FNDA:1,(anonymous_29)
FNDA:0,(anonymous_30)
FNDA:0,(anonymous_31)
FNDA:1,(anonymous_32)
FNDA:1,(anonymous_33)
FNDA:0,(anonymous_34)
FNDA:0,(anonymous_35)
FNDA:0,(anonymous_36)
FNDA:0,(anonymous_37)
FNDA:0,(anonymous_38)
FNDA:0,(anonymous_39)
FNDA:1,(anonymous_40)
FNDA:0,(anonymous_41)
FNDA:2,(anonymous_42)
FNDA:1,(anonymous_43)
FNDA:1,(anonymous_44)
FNDA:1,(anonymous_45)
FNDA:1,(anonymous_46)
FNDA:1,(anonymous_47)
FNDA:0,(anonymous_48)
FNDA:0,(anonymous_49)
FNDA:0,(anonymous_50)
FNDA:0,(anonymous_51)
FNDA:1,(anonymous_52)
FNDA:1,(anonymous_53)
FNDA:1,(anonymous_54)
FNDA:1,(anonymous_55)
FNDA:1,(anonymous_56)
FNDA:1,(anonymous_57)
FNDA:1,(anonymous_58)
FNDA:1,(anonymous_59)
FNDA:1,(anonymous_60)
FNDA:1,(anonymous_61)
FNDA:2,(anonymous_62)
FNDA:1,(anonymous_63)
FNDA:1,(anonymous_64)
FNDA:1,(anonymous_65)
FNDA:2,(anonymous_66)
FNDA:4,(anonymous_67)
FNDA:2,(anonymous_68)
FNDA:4,(anonymous_69)
FNDA:11,(anonymous_70)
FNDA:11,(anonymous_71)
FNDA:7,(anonymous_72)
FNDA:3,(anonymous_73)
FNDA:7,(anonymous_74)
FNDA:4,(anonymous_75)
FNDA:4,(anonymous_76)
FNDA:2,(anonymous_77)
FNDA:4,(anonymous_78)
FNDA:2,(anonymous_79)
FNDA:2,(anonymous_80)
FNDA:6,(anonymous_81)
FNDA:4,(anonymous_82)
FNDA:2,(anonymous_83)
FNDA:4,(anonymous_84)
FNDA:2,(anonymous_85)
FNDA:2,(anonymous_86)
FNDA:3,(anonymous_87)
FNDA:3,(anonymous_88)
FNDA:2,(anonymous_89)
FNDA:2,(anonymous_90)
FNDA:1,(anonymous_91)
FNDA:1,(anonymous_92)
FNDA:1,(anonymous_93)
FNDA:1,(anonymous_94)
FNDA:1,(anonymous_95)
FNDA:1,(anonymous_96)
FNDA:1,(anonymous_97)
FNDA:0,(anonymous_98)
FNDA:0,(anonymous_99)
FNDA:0,(anonymous_100)
FNDA:0,(anonymous_101)
FNDA:0,(anonymous_102)
FNDA:0,(anonymous_103)
FNDA:1,(anonymous_104)
FNDA:1,(anonymous_105)
FNDA:1,(anonymous_106)
FNDA:3,(anonymous_107)
FNDA:2,(anonymous_108)
FNDA:3,(anonymous_109)
FNDA:2,(anonymous_110)
FNDA:0,(anonymous_111)
FNDA:0,(anonymous_112)
FNDA:0,(anonymous_113)
FNDA:2,(anonymous_114)
FNDA:0,(anonymous_115)
FNDA:0,(anonymous_116)
FNDA:0,(anonymous_117)
FNDA:0,(anonymous_118)
FNDA:0,(anonymous_119)
FNDA:0,(anonymous_120)
FNDA:1,(anonymous_121)
FNDA:0,(anonymous_122)
FNDA:0,(anonymous_123)
FNDA:0,(anonymous_124)
FNDA:0,(anonymous_125)
FNDA:0,(anonymous_126)
FNDA:0,(anonymous_127)
FNDA:0,(anonymous_128)
FNDA:0,(anonymous_129)
FNDA:0,(anonymous_130)
FNDA:0,(anonymous_131)
FNDA:0,(anonymous_132)
FNDA:0,(anonymous_133)
FNDA:0,(anonymous_134)
FNDA:0,(anonymous_135)
FNDA:0,(anonymous_136)
FNDA:0,(anonymous_137)
FNDA:0,(anonymous_138)
FNDA:0,(anonymous_139)
FNDA:0,(anonymous_140)
FNDA:0,(anonymous_141)
FNDA:0,(anonymous_142)
FNDA:0,(anonymous_143)
FNDA:0,(anonymous_144)
FNDA:0,(anonymous_145)
FNDA:0,(anonymous_146)
FNDA:0,(anonymous_147)
FNDA:0,(anonymous_148)
FNDA:0,(anonymous_149)
FNDA:0,(anonymous_150)
FNDA:0,(anonymous_151)
DA:103,1
DA:124,1
DA:125,1
DA:129,1
DA:130,1
DA:131,1
DA:132,1
DA:133,1
DA:134,1
DA:135,1
DA:136,1
DA:137,1
DA:138,1
DA:139,1
DA:140,1
DA:141,1
DA:143,1
DA:145,0
DA:146,0
DA:151,1
DA:152,1
DA:153,1
DA:157,1
DA:158,1
DA:159,1
DA:163,1
DA:164,1
DA:165,1
DA:169,0
DA:170,0
DA:171,0
DA:175,0
DA:176,0
DA:177,0
DA:181,2
DA:184,2
DA:185,2
DA:187,2
DA:188,0
DA:189,0
DA:190,0
DA:192,2
DA:194,1
DA:195,1
DA:196,0
DA:198,1
DA:199,0
DA:200,0
DA:201,0
DA:202,0
DA:206,2
DA:208,2
DA:211,0
DA:215,2
DA:216,0
DA:217,0
DA:222,1
DA:223,1
DA:226,1
DA:227,1
DA:230,1
DA:231,1
DA:232,0
DA:233,0
DA:234,0
DA:236,1
DA:237,0
DA:238,0
DA:239,0
DA:241,1
DA:242,0
DA:243,0
DA:244,0
DA:245,0
DA:251,1
DA:252,0
DA:253,0
DA:254,0
DA:256,1
DA:258,0
DA:259,0
DA:260,0
DA:262,1
DA:263,0
DA:264,0
DA:265,0
DA:266,0
DA:270,1
DA:272,1
DA:275,1
DA:279,1
DA:280,0
DA:281,0
DA:286,1
DA:287,1
DA:290,1
DA:291,1
DA:294,1
DA:295,0
DA:296,0
DA:297,0
DA:298,0
DA:300,0
DA:301,0
DA:302,0
DA:303,0
DA:305,0
DA:306,0
DA:307,0
DA:308,0
DA:309,0
DA:314,1
DA:316,1
DA:319,1
DA:323,1
DA:324,0
DA:325,0
DA:330,2
DA:331,2
DA:335,1
DA:336,1
DA:340,1
DA:341,1
DA:342,1
DA:347,0
DA:348,0
DA:351,0
DA:352,0
DA:355,0
DA:356,0
DA:359,0
DA:360,0
DA:364,1
DA:365,1
DA:366,1
DA:370,1
DA:371,1
DA:372,1
DA:376,1
DA:377,1
DA:378,1
DA:382,1
DA:383,1
DA:384,1
DA:388,1
DA:389,1
DA:390,1
DA:394,1
DA:395,1
DA:396,1
DA:400,1
DA:401,1
DA:402,1
DA:406,1
DA:407,1
DA:411,1
DA:412,1
DA:418,1
DA:422,1
DA:423,1
DA:427,1
DA:431,2
DA:432,2
DA:435,2
DA:437,1
DA:438,1
DA:443,1
DA:445,2
DA:446,2
DA:447,2
DA:449,2
DA:453,2
DA:454,2
DA:455,4
DA:456,2
DA:460,4
DA:461,4
DA:462,11
DA:463,11
DA:466,4
DA:467,4
DA:468,4
DA:469,11
DA:470,11
DA:473,7
DA:474,7
DA:475,4
DA:476,4
DA:479,4
DA:480,4
DA:484,4
DA:485,4
DA:488,4
DA:490,4
DA:494,2
DA:495,2
DA:496,6
DA:497,6
DA:500,4
DA:501,4
DA:503,2
DA:505,2
DA:509,2
DA:510,2
DA:511,3
DA:512,3
DA:515,2
DA:517,2
DA:518,2
DA:520,2
DA:521,3
DA:522,2
DA:523,2
DA:527,2
DA:529,2
DA:530,2
DA:532,2
DA:533,2
DA:534,2
DA:535,2
DA:539,2
DA:540,2
DA:542,2
DA:550,1
DA:551,1
DA:555,1
DA:556,1
DA:557,1
DA:560,1
DA:561,1
DA:562,1
DA:565,1
DA:566,1
DA:567,1
DA:571,1
DA:572,1
DA:573,1
DA:576,1
DA:577,1
DA:578,1
DA:581,1
DA:582,1
DA:583,1
DA:587,0
DA:588,0
DA:591,0
DA:594,0
DA:595,0
DA:596,0
DA:599,0
DA:600,0
DA:603,0
DA:606,0
DA:607,0
DA:610,0
DA:613,0
DA:614,0
DA:615,0
DA:618,0
DA:619,0
DA:620,0
DA:623,1
DA:624,1
DA:625,1
DA:628,3
DA:629,3
DA:632,3
DA:633,1
DA:634,1
DA:635,3
DA:636,2
DA:637,2
DA:641,0
DA:647,3
DA:648,3
DA:649,0
DA:650,0
DA:652,3
DA:653,0
DA:654,0
DA:656,3
DA:657,2
DA:659,3
DA:660,0
DA:662,3
DA:663,0
DA:665,3
DA:666,0
DA:668,3
DA:669,0
DA:671,3
DA:672,0
DA:676,3
DA:677,1
DA:679,0
DA:681,0
DA:683,1
DA:685,0
DA:687,0
DA:691,3
DA:695,0
DA:696,0
DA:697,0
DA:698,0
DA:702,0
DA:703,0
DA:704,0
DA:705,0
DA:709,0
DA:710,0
DA:711,0
DA:712,0
DA:717,0
DA:718,0
DA:721,0
DA:722,0
DA:723,0
DA:724,0
DA:727,0
DA:729,0
DA:730,0
DA:733,0
DA:734,0
DA:735,0
DA:740,0
DA:741,0
DA:743,0
DA:744,0
DA:745,0
DA:746,0
DA:749,0
DA:751,0
DA:752,0
DA:753,0
DA:756,0
DA:757,0
DA:758,0
DA:763,0
DA:764,0
DA:766,0
DA:767,0
DA:768,0
LF:342
LH:204
BRDA:187,0,0,0
BRDA:187,0,1,2
BRDA:188,1,0,0
BRDA:188,1,1,0
BRDA:188,2,0,0
BRDA:188,2,1,0
BRDA:189,3,0,0
BRDA:189,3,1,0
BRDA:190,4,0,0
BRDA:190,4,1,0
BRDA:192,5,0,1
BRDA:192,5,1,1
BRDA:194,6,0,1
BRDA:194,6,1,0
BRDA:194,7,0,1
BRDA:194,7,1,0
BRDA:195,8,0,0
BRDA:195,8,1,1
BRDA:196,9,0,0
BRDA:196,9,1,0
BRDA:198,10,0,0
BRDA:198,10,1,1
BRDA:198,11,0,1
BRDA:198,11,1,0
BRDA:200,12,0,0
BRDA:200,12,1,0
BRDA:200,13,0,0
BRDA:200,13,1,0
BRDA:201,14,0,0
BRDA:201,14,1,0
BRDA:230,15,0,1
BRDA:230,15,1,0
BRDA:231,16,0,0
BRDA:231,16,1,1
BRDA:232,17,0,0
BRDA:232,17,1,0
BRDA:232,18,0,0
BRDA:232,18,1,0
BRDA:233,19,0,0
BRDA:233,19,1,0
BRDA:234,20,0,0
BRDA:234,20,1,0
BRDA:236,21,0,0
BRDA:236,21,1,1
BRDA:237,22,0,0
BRDA:237,22,1,0
BRDA:238,23,0,0
BRDA:238,23,1,0
BRDA:239,24,0,0
BRDA:239,24,1,0
BRDA:241,25,0,0
BRDA:241,25,1,1
BRDA:241,26,0,1
BRDA:241,26,1,0
BRDA:243,27,0,0
BRDA:243,27,1,0
BRDA:243,28,0,0
BRDA:243,28,1,0
BRDA:244,29,0,0
BRDA:244,29,1,0
BRDA:251,30,0,0
BRDA:251,30,1,1
BRDA:252,31,0,0
BRDA:252,31,1,0
BRDA:252,32,0,0
BRDA:252,32,1,0
BRDA:253,33,0,0
BRDA:253,33,1,0
BRDA:254,34,0,0
BRDA:254,34,1,0
BRDA:256,35,0,0
BRDA:256,35,1,1
BRDA:258,36,0,0
BRDA:258,36,1,0
BRDA:258,37,0,0
BRDA:258,37,1,0
BRDA:259,38,0,0
BRDA:259,38,1,0
BRDA:260,39,0,0
BRDA:260,39,1,0
BRDA:262,40,0,0
BRDA:262,40,1,1
BRDA:262,41,0,1
BRDA:262,41,1,0
BRDA:264,42,0,0
BRDA:264,42,1,0
BRDA:264,43,0,0
BRDA:264,43,1,0
BRDA:265,44,0,0
BRDA:265,44,1,0
BRDA:275,45,0,1
BRDA:275,45,1,0
BRDA:294,46,0,0
BRDA:294,46,1,1
BRDA:295,47,0,0
BRDA:295,47,1,0
BRDA:296,48,0,0
BRDA:296,48,1,0
BRDA:296,49,0,0
BRDA:296,49,1,0
BRDA:297,50,0,0
BRDA:297,50,1,0
BRDA:298,51,0,0
BRDA:298,51,1,0
BRDA:300,52,0,0
BRDA:300,52,1,0
BRDA:301,53,0,0
BRDA:301,53,1,0
BRDA:302,54,0,0
BRDA:302,54,1,0
BRDA:303,55,0,0
BRDA:303,55,1,0
BRDA:305,56,0,0
BRDA:305,56,1,0
BRDA:305,57,0,0
BRDA:305,57,1,0
BRDA:307,58,0,0
BRDA:307,58,1,0
BRDA:307,59,0,0
BRDA:307,59,1,0
BRDA:308,60,0,0
BRDA:308,60,1,0
BRDA:336,61,0,1
BRDA:336,61,1,1
BRDA:342,62,0,1
BRDA:342,62,1,0
BRDA:342,63,0,1
BRDA:342,63,1,0
BRDA:432,64,0,1
BRDA:432,64,1,1
BRDA:432,64,2,1
BRDA:438,65,0,1
BRDA:438,65,1,1
BRDA:438,65,2,1
BRDA:438,65,3,1
BRDA:445,66,0,1
BRDA:445,66,1,1
BRDA:447,67,0,1
BRDA:447,67,1,1
BRDA:455,68,0,4
BRDA:455,68,1,3
BRDA:463,69,0,11
BRDA:463,69,1,7
BRDA:466,70,0,1
BRDA:466,70,1,3
BRDA:467,71,0,1
BRDA:467,71,1,3
BRDA:470,72,0,11
BRDA:470,72,1,4
BRDA:480,73,0,3
BRDA:480,73,1,1
BRDA:485,74,0,2
BRDA:485,74,1,2
BRDA:485,75,0,4
BRDA:485,75,1,2
BRDA:488,76,0,2
BRDA:488,76,1,2
BRDA:497,77,0,6
BRDA:497,77,1,4
BRDA:512,78,0,3
BRDA:512,78,1,3
BRDA:512,78,2,3
BRDA:515,79,0,0
BRDA:515,79,1,2
BRDA:521,80,0,2
BRDA:521,80,1,1
BRDA:522,81,0,2
BRDA:522,81,1,2
BRDA:527,82,0,0
BRDA:527,82,1,2
BRDA:533,83,0,2
BRDA:533,83,1,0
BRDA:543,84,0,2
BRDA:543,84,1,0
BRDA:632,85,0,1
BRDA:632,85,1,2
BRDA:638,86,0,2
BRDA:638,86,1,2
BRDA:638,86,2,2
BRDA:638,86,3,2
BRDA:648,87,0,0
BRDA:648,87,1,3
BRDA:652,88,0,0
BRDA:652,88,1,3
BRDA:656,89,0,2
BRDA:656,89,1,1
BRDA:659,90,0,0
BRDA:659,90,1,3
BRDA:662,91,0,0
BRDA:662,91,1,3
BRDA:662,92,0,3
BRDA:662,92,1,0
BRDA:665,93,0,0
BRDA:665,93,1,3
BRDA:665,94,0,3
BRDA:665,94,1,0
BRDA:666,95,0,0
BRDA:666,95,1,0
BRDA:668,96,0,0
BRDA:668,96,1,3
BRDA:668,97,0,3
BRDA:668,97,1,0
BRDA:671,98,0,0
BRDA:671,98,1,3
BRDA:671,99,0,3
BRDA:671,99,1,0
BRDA:672,100,0,0
BRDA:672,100,1,0
BRDA:677,101,0,0
BRDA:677,101,1,0
BRDA:677,101,2,1
BRDA:677,101,3,0
BRDA:677,101,4,0
BRDA:702,102,0,0
BRDA:702,102,1,0
BRDA:721,103,0,0
BRDA:721,103,1,0
BRDA:722,104,0,0
BRDA:722,104,1,0
BRDA:722,105,0,0
BRDA:722,105,1,0
BRDA:723,106,0,0
BRDA:723,106,1,0
BRDA:724,107,0,0
BRDA:724,107,1,0
BRDA:743,108,0,0
BRDA:743,108,1,0
BRDA:744,109,0,0
BRDA:744,109,1,0
BRDA:744,110,0,0
BRDA:744,110,1,0
BRDA:745,111,0,0
BRDA:745,111,1,0
BRDA:746,112,0,0
BRDA:746,112,1,0
BRDA:752,113,0,0
BRDA:752,113,1,0
BRDA:764,114,0,0
BRDA:764,114,1,0
BRF:239
BRH:85
end_of_record
TN:
SF:src/store/useSettingsStore.ts
FN:16,(anonymous_0)
FN:24,(anonymous_1)
FN:45,(anonymous_2)
FN:47,(anonymous_3)
FN:51,(anonymous_4)
FN:53,(anonymous_5)
FN:57,(anonymous_6)
FN:61,(anonymous_7)
FN:66,(anonymous_8)
FN:71,(anonymous_9)
FN:79,(anonymous_10)
FNF:11
FNH:8
FNDA:8,(anonymous_0)
FNDA:1,(anonymous_1)
FNDA:1,(anonymous_2)
FNDA:1,(anonymous_3)
FNDA:1,(anonymous_4)
FNDA:1,(anonymous_5)
FNDA:0,(anonymous_6)
FNDA:0,(anonymous_7)
FNDA:0,(anonymous_8)
FNDA:1,(anonymous_9)
FNDA:1,(anonymous_10)
DA:16,8
DA:25,1
DA:26,1
DA:27,1
DA:28,1
DA:29,1
DA:31,1
DA:41,0
DA:42,0
DA:46,1
DA:47,1
DA:52,1
DA:53,1
DA:58,0
DA:59,0
DA:60,0
DA:61,0
DA:64,0
DA:65,0
DA:66,0
DA:72,1
DA:73,1
DA:74,1
DA:76,1
DA:77,1
DA:79,1
LF:26
LH:17
BRDA:59,0,0,0
BRDA:59,0,1,0
BRDA:64,1,0,0
BRDA:64,1,1,0
BRF:4
BRH:0
end_of_record
TN:
SF:src/theme/theme.ts
FNF:0
FNH:0
DA:1,29
LF:1
LH:1
BRF:0
BRH:0
end_of_record
TN:
SF:src/utils/chartHelpers.ts
FN:10,(anonymous_0)
FN:14,(anonymous_1)
FN:27,(anonymous_2)
FN:33,(anonymous_3)
FN:39,(anonymous_4)
FN:49,(anonymous_5)
FN:50,(anonymous_6)
FN:66,(anonymous_7)
FN:72,(anonymous_8)
FN:99,(anonymous_9)
FN:115,(anonymous_10)
FN:116,(anonymous_11)
FN:117,(anonymous_12)
FN:117,(anonymous_13)
FN:118,(anonymous_14)
FN:118,(anonymous_15)
FN:143,(anonymous_16)
FN:144,(anonymous_17)
FN:145,(anonymous_18)
FN:145,(anonymous_19)
FN:146,(anonymous_20)
FN:146,(anonymous_21)
FNF:22
FNH:22
FNDA:11,(anonymous_0)
FNDA:31,(anonymous_1)
FNDA:6,(anonymous_2)
FNDA:13,(anonymous_3)
FNDA:12,(anonymous_4)
FNDA:10,(anonymous_5)
FNDA:38,(anonymous_6)
FNDA:8,(anonymous_7)
FNDA:3,(anonymous_8)
FNDA:4,(anonymous_9)
FNDA:37,(anonymous_10)
FNDA:18,(anonymous_11)
FNDA:6,(anonymous_12)
FNDA:2,(anonymous_13)
FNDA:6,(anonymous_14)
FNDA:4,(anonymous_15)
FNDA:6,(anonymous_16)
FNDA:18,(anonymous_17)
FNDA:3,(anonymous_18)
FNDA:1,(anonymous_19)
FNDA:3,(anonymous_20)
FNDA:2,(anonymous_21)
DA:10,2
DA:14,11
DA:16,31
DA:18,25
DA:19,25
DA:27,2
DA:32,6
DA:33,13
DA:36,6
DA:37,6
DA:39,6
DA:40,12
DA:41,10
DA:42,10
DA:46,6
DA:48,6
DA:50,38
DA:51,10
DA:52,10
DA:53,10
DA:55,10
DA:66,8
DA:68,6
DA:70,6
DA:71,1
DA:72,3
DA:73,1
DA:75,1
DA:91,6
DA:92,2
DA:95,6
DA:99,2
DA:103,4
DA:106,4
DA:107,4
DA:109,4
DA:110,4
DA:111,4
DA:113,4
DA:114,3
DA:115,3
DA:116,37
DA:117,37
DA:118,37
DA:120,37
DA:121,37
DA:124,37
DA:133,37
DA:142,1
DA:143,1
DA:144,18
DA:145,6
DA:146,6
DA:148,6
DA:149,6
DA:151,6
DA:160,6
DA:169,4
LF:58
LH:58
BRDA:16,0,0,6
BRDA:16,0,1,25
BRDA:16,1,0,31
BRDA:16,1,1,26
BRDA:40,2,0,2
BRDA:40,2,1,10
BRDA:41,3,0,10
BRDA:41,3,1,10
BRDA:52,4,0,10
BRDA:52,4,1,0
BRDA:53,5,0,10
BRDA:53,5,1,9
BRDA:59,6,0,10
BRDA:59,6,1,1
BRDA:70,7,0,1
BRDA:70,7,1,5
BRDA:73,8,0,1
BRDA:73,8,1,0
BRDA:91,9,0,2
BRDA:91,9,1,4
BRDA:107,10,0,1
BRDA:107,10,1,3
BRDA:113,11,0,3
BRDA:113,11,1,1
BRDA:129,12,0,13
BRDA:129,12,1,24
BRF:26
BRH:24
end_of_record
TN:
SF:src/utils/formatters.ts
FN:1,(anonymous_0)
FN:8,(anonymous_1)
FNF:2
FNH:0
FNDA:0,(anonymous_0)
FNDA:0,(anonymous_1)
DA:1,0
DA:2,0
DA:3,0
DA:5,0
DA:8,0
DA:9,0
DA:10,0
LF:7
LH:0
BRDA:1,0,0,0
BRDA:2,1,0,0
BRDA:2,1,1,0
BRF:3
BRH:0
end_of_record
