TN:
SF:src/components/BudgetProgressCard.tsx
FN:11,(anonymous_0)
FN:12,(anonymous_1)
FN:13,(anonymous_2)
FN:15,(anonymous_3)
FN:19,(anonymous_4)
FN:20,(anonymous_5)
FN:24,(anonymous_6)
FNF:7
FNH:7
FNDA:4,(anonymous_0)
FNDA:4,(anonymous_1)
FNDA:4,(anonymous_2)
FNDA:3,(anonymous_3)
FNDA:7,(anonymous_4)
FNDA:5,(anonymous_5)
FNDA:4,(anonymous_6)
DA:11,1
DA:12,4
DA:13,4
DA:15,4
DA:18,4
DA:19,7
DA:21,5
DA:22,5
DA:24,4
DA:26,4
DA:28,4
DA:29,4
DA:30,3
DA:32,4
DA:55,1
LF:15
LH:15
BRDA:19,0,0,7
BRDA:19,0,1,6
BRDA:22,1,0,5
BRDA:22,1,1,4
BRDA:29,2,0,1
BRDA:29,2,1,3
BRDA:30,3,0,1
BRDA:30,3,1,2
BRDA:35,4,0,4
BRDA:35,4,1,1
BRDA:48,5,0,1
BRDA:48,5,1,3
BRF:12
BRH:12
end_of_record
TN:
SF:src/components/CategoryPicker.tsx
FN:13,(anonymous_0)
FN:15,(anonymous_1)
FN:18,(anonymous_2)
FN:19,(anonymous_3)
FN:21,(anonymous_4)
FN:28,(anonymous_5)
FN:41,(anonymous_6)
FN:47,(anonymous_7)
FN:48,(anonymous_8)
FN:51,(anonymous_9)
FNF:10
FNH:9
FNDA:13,(anonymous_0)
FNDA:13,(anonymous_1)
FNDA:10,(anonymous_2)
FNDA:18,(anonymous_3)
FNDA:26,(anonymous_4)
FNDA:2,(anonymous_5)
FNDA:0,(anonymous_6)
FNDA:5,(anonymous_7)
FNDA:3,(anonymous_8)
FNDA:1,(anonymous_9)
DA:13,2
DA:14,13
DA:15,13
DA:17,13
DA:18,10
DA:19,18
DA:21,26
DA:23,13
DA:28,2
DA:41,0
DA:47,5
DA:49,3
DA:52,1
DA:53,1
DA:68,2
LF:15
LH:14
BRDA:17,0,0,7
BRDA:17,0,1,6
BRDA:18,1,0,10
BRDA:18,1,1,6
BRDA:27,2,0,1
BRDA:27,2,1,12
BRDA:30,3,0,2
BRDA:30,3,1,11
BRDA:31,4,0,2
BRDA:31,4,1,11
BRDA:34,5,0,13
BRDA:34,5,1,1
BRDA:57,6,0,3
BRDA:57,6,1,0
BRF:14
BRH:13
end_of_record
TN:
SF:src/components/FilterModal.tsx
FN:11,(anonymous_0)
FN:12,(anonymous_1)
FN:13,(anonymous_2)
FN:14,(anonymous_3)
FN:15,(anonymous_4)
FN:17,(anonymous_5)
FN:18,(anonymous_6)
FN:19,(anonymous_7)
FN:24,(anonymous_8)
FN:31,(anonymous_9)
FN:37,(anonymous_10)
FN:42,(anonymous_11)
FN:45,(anonymous_12)
FN:69,(anonymous_13)
FN:73,(anonymous_14)
FN:85,(anonymous_15)
FN:91,(anonymous_16)
FN:104,(anonymous_17)
FN:110,(anonymous_18)
FN:121,(anonymous_19)
FN:127,(anonymous_20)
FN:140,(anonymous_21)
FN:146,(anonymous_22)
FNF:23
FNH:23
FNDA:16,(anonymous_0)
FNDA:16,(anonymous_1)
FNDA:16,(anonymous_2)
FNDA:16,(anonymous_3)
FNDA:16,(anonymous_4)
FNDA:16,(anonymous_5)
FNDA:16,(anonymous_6)
FNDA:16,(anonymous_7)
FNDA:9,(anonymous_8)
FNDA:6,(anonymous_9)
FNDA:1,(anonymous_10)
FNDA:5,(anonymous_11)
FNDA:1,(anonymous_12)
FNDA:64,(anonymous_13)
FNDA:1,(anonymous_14)
FNDA:48,(anonymous_15)
FNDA:2,(anonymous_16)
FNDA:16,(anonymous_17)
FNDA:1,(anonymous_18)
FNDA:16,(anonymous_19)
FNDA:1,(anonymous_20)
FNDA:16,(anonymous_21)
FNDA:1,(anonymous_22)
DA:11,1
DA:12,16
DA:13,16
DA:14,16
DA:15,16
DA:17,16
DA:18,16
DA:19,16
DA:21,16
DA:22,16
DA:24,16
DA:25,9
DA:26,8
DA:27,8
DA:31,16
DA:32,6
DA:33,6
DA:34,6
DA:37,16
DA:38,1
DA:39,1
DA:42,16
DA:43,5
DA:44,5
DA:45,1
DA:47,4
DA:51,16
DA:70,64
DA:73,1
DA:86,48
DA:87,48
DA:91,2
DA:105,16
DA:106,16
DA:110,1
DA:122,16
DA:123,16
DA:127,1
DA:141,16
DA:142,16
DA:146,1
DA:167,1
LF:42
LH:42
BRDA:25,0,0,8
BRDA:25,0,1,1
BRDA:43,1,0,5
BRDA:43,1,1,3
BRDA:44,2,0,1
BRDA:44,2,1,4
BRDA:72,3,0,64
BRDA:72,3,1,16
BRDA:75,4,0,64
BRDA:75,4,1,16
BRDA:86,5,0,48
BRDA:86,5,1,3
BRDA:90,6,0,48
BRDA:90,6,1,14
BRDA:93,7,0,48
BRDA:93,7,1,14
BRDA:105,8,0,16
BRDA:105,8,1,15
BRDA:109,9,0,16
BRDA:109,9,1,1
BRDA:112,10,0,16
BRDA:112,10,1,1
BRDA:122,11,0,16
BRDA:122,11,1,15
BRDA:126,12,0,16
BRDA:126,12,1,1
BRDA:129,13,0,16
BRDA:129,13,1,1
BRDA:136,14,0,16
BRDA:136,14,1,16
BRDA:141,15,0,16
BRDA:141,15,1,15
BRDA:145,16,0,16
BRDA:145,16,1,1
BRDA:148,17,0,16
BRDA:148,17,1,1
BRF:36
BRH:36
end_of_record
TN:
SF:src/components/GlobalFAB.tsx
FN:9,(anonymous_0)
FN:13,(anonymous_1)
FN:17,(anonymous_2)
FN:43,(anonymous_3)
FN:53,(anonymous_4)
FN:63,(anonymous_5)
FN:76,(anonymous_6)
FN:86,(anonymous_7)
FNF:8
FNH:8
FNDA:23,(anonymous_0)
FNDA:8,(anonymous_1)
FNDA:4,(anonymous_2)
FNDA:1,(anonymous_3)
FNDA:1,(anonymous_4)
FNDA:1,(anonymous_5)
FNDA:1,(anonymous_6)
FNDA:1,(anonymous_7)
DA:9,2
DA:10,23
DA:11,23
DA:13,23
DA:14,8
DA:17,23
DA:18,4
DA:20,4
DA:21,1
DA:22,3
DA:23,1
DA:24,2
DA:25,1
DA:27,1
DA:31,23
DA:43,1
DA:53,1
DA:64,1
DA:65,1
DA:76,1
DA:86,1
DA:108,2
LF:22
LH:22
BRDA:20,0,0,1
BRDA:20,0,1,3
BRDA:22,1,0,1
BRDA:22,1,1,2
BRDA:24,2,0,1
BRDA:24,2,1,1
BRDA:33,3,0,23
BRDA:33,3,1,7
BRDA:99,4,0,23
BRDA:99,4,1,7
BRDA:102,5,0,23
BRDA:102,5,1,7
BRDA:102,6,0,7
BRDA:102,6,1,16
BRF:14
BRH:14
end_of_record
TN:
SF:src/components/InsightCard.tsx
FN:10,(anonymous_0)
FN:11,(anonymous_1)
FN:42,(anonymous_2)
FNF:3
FNH:3
FNDA:6,(anonymous_0)
FNDA:6,(anonymous_1)
FNDA:1,(anonymous_2)
DA:10,1
DA:11,6
DA:12,6
DA:14,1
DA:16,1
DA:18,1
DA:21,3
DA:25,6
DA:27,6
DA:42,1
DA:51,1
LF:11
LH:11
BRDA:12,0,0,1
BRDA:12,0,1,1
BRDA:12,0,2,1
BRDA:12,0,3,3
BRDA:12,0,4,3
BRDA:30,1,0,6
BRDA:30,1,1,1
BRDA:39,2,0,6
BRDA:39,2,1,2
BRDA:39,2,2,1
BRDA:42,3,0,1
BRDA:42,3,1,1
BRF:12
BRH:12
end_of_record
TN:
SF:src/components/MetricCard.tsx
FN:13,(anonymous_0)
FNF:1
FNH:1
FNDA:4,(anonymous_0)
DA:13,1
DA:14,4
DA:38,1
LF:3
LH:3
BRDA:13,0,0,4
BRDA:26,1,0,4
BRDA:26,1,1,3
BRDA:28,2,0,3
BRDA:28,2,1,1
BRDA:29,3,0,3
BRDA:29,3,1,1
BRF:7
BRH:7
end_of_record
TN:
SF:src/components/MoneyAmount.tsx
FN:12,(anonymous_0)
FN:20,(anonymous_1)
FNF:2
FNH:2
FNDA:45,(anonymous_0)
FNDA:131,(anonymous_1)
DA:12,11
DA:20,131
DA:21,45
DA:23,45
DA:29,45
DA:30,45
DA:31,2
DA:32,43
DA:33,2
DA:35,45
DA:37,45
DA:38,45
DA:39,15
DA:40,15
DA:41,30
DA:42,4
DA:43,26
DA:44,2
DA:47,45
LF:19
LH:19
BRDA:15,0,0,42
BRDA:16,1,0,12
BRDA:21,2,0,45
BRDA:21,2,1,27
BRDA:26,3,0,42
BRDA:26,3,1,3
BRDA:30,4,0,2
BRDA:30,4,1,43
BRDA:30,5,0,45
BRDA:30,5,1,44
BRDA:32,6,0,2
BRDA:32,6,1,41
BRDA:32,7,0,43
BRDA:32,7,1,2
BRDA:38,8,0,15
BRDA:38,8,1,30
BRDA:39,9,0,13
BRDA:39,9,1,2
BRDA:40,10,0,0
BRDA:40,10,1,15
BRDA:41,11,0,4
BRDA:41,11,1,26
BRDA:43,12,0,2
BRDA:43,12,1,24
BRF:24
BRH:23
end_of_record
TN:
SF:src/components/SavingsGoalCard.tsx
FN:11,(anonymous_0)
FNF:1
FNH:1
FNDA:6,(anonymous_0)
DA:11,2
DA:12,6
DA:14,6
DA:15,6
DA:17,6
DA:18,6
DA:19,5
DA:20,5
DA:21,1
DA:22,4
DA:23,0
DA:25,4
DA:29,6
DA:59,2
LF:14
LH:13
BRDA:14,0,0,6
BRDA:14,0,1,5
BRDA:15,1,0,1
BRDA:15,1,1,5
BRDA:15,2,0,6
BRDA:15,2,1,5
BRDA:18,3,0,5
BRDA:18,3,1,1
BRDA:18,4,0,6
BRDA:18,4,1,5
BRDA:18,4,2,5
BRDA:20,5,0,1
BRDA:20,5,1,4
BRDA:22,6,0,0
BRDA:22,6,1,4
BRDA:33,7,0,6
BRDA:33,7,1,5
BRDA:49,8,0,5
BRDA:49,8,1,1
BRDA:52,9,0,1
BRDA:52,9,1,0
BRF:21
BRH:19
end_of_record
TN:
SF:src/components/SummaryCard.tsx
FN:12,(anonymous_0)
FN:13,(anonymous_1)
FNF:2
FNH:2
FNDA:3,(anonymous_0)
FNDA:3,(anonymous_1)
DA:12,1
DA:13,3
DA:14,3
DA:15,1
DA:16,1
DA:17,1
DA:21,3
DA:23,3
DA:36,1
LF:9
LH:9
BRDA:14,0,0,1
BRDA:14,0,1,1
BRDA:14,0,2,1
BRF:3
BRH:3
end_of_record
TN:
SF:src/components/TagPicker.tsx
FN:12,(anonymous_0)
FN:13,(anonymous_1)
FN:14,(anonymous_2)
FN:18,(anonymous_3)
FN:20,(anonymous_4)
FN:26,(anonymous_5)
FN:30,(anonymous_6)
FN:43,(anonymous_7)
FN:50,(anonymous_8)
FN:51,(anonymous_9)
FN:56,(anonymous_10)
FN:66,(anonymous_11)
FN:84,(anonymous_12)
FN:90,(anonymous_13)
FN:101,(anonymous_14)
FNF:15
FNH:15
FNDA:26,(anonymous_0)
FNDA:26,(anonymous_1)
FNDA:26,(anonymous_2)
FNDA:3,(anonymous_3)
FNDA:2,(anonymous_4)
FNDA:4,(anonymous_5)
FNDA:5,(anonymous_6)
FNDA:52,(anonymous_7)
FNDA:4,(anonymous_8)
FNDA:1,(anonymous_9)
FNDA:9,(anonymous_10)
FNDA:1,(anonymous_11)
FNDA:52,(anonymous_12)
FNDA:2,(anonymous_13)
FNDA:1,(anonymous_14)
DA:12,1
DA:13,26
DA:14,26
DA:15,26
DA:16,26
DA:18,26
DA:19,3
DA:20,2
DA:22,1
DA:26,26
DA:27,4
DA:28,4
DA:30,5
DA:31,1
DA:32,1
DA:35,2
DA:36,2
DA:37,1
DA:39,1
DA:43,52
DA:45,26
DA:51,4
DA:56,9
DA:66,1
DA:85,52
DA:86,52
DA:90,2
DA:101,1
DA:111,1
LF:29
LH:29
BRDA:19,0,0,2
BRDA:19,0,1,1
BRDA:28,1,0,1
BRDA:28,1,1,3
BRDA:30,2,0,1
BRDA:30,2,1,2
BRDA:89,3,0,52
BRDA:89,3,1,4
BRDA:92,4,0,52
BRDA:92,4,1,4
BRDA:95,5,0,52
BRDA:95,5,1,4
BRF:12
BRH:12
end_of_record
TN:
SF:src/components/TransactionItem.tsx
FN:13,(anonymous_0)
FN:14,(anonymous_1)
FN:15,(anonymous_2)
FN:17,(anonymous_3)
FN:18,(anonymous_4)
FN:19,(anonymous_5)
FN:25,(anonymous_6)
FN:30,(anonymous_7)
FN:37,(anonymous_8)
FN:48,(anonymous_9)
FN:57,(anonymous_10)
FN:69,(anonymous_11)
FNF:12
FNH:11
FNDA:3,(anonymous_0)
FNDA:3,(anonymous_1)
FNDA:3,(anonymous_2)
FNDA:4,(anonymous_3)
FNDA:5,(anonymous_4)
FNDA:3,(anonymous_5)
FNDA:3,(anonymous_6)
FNDA:3,(anonymous_7)
FNDA:3,(anonymous_8)
FNDA:3,(anonymous_9)
FNDA:1,(anonymous_10)
FNDA:0,(anonymous_11)
DA:13,2
DA:14,3
DA:15,3
DA:17,4
DA:18,5
DA:19,3
DA:21,3
DA:22,3
DA:23,3
DA:25,3
DA:26,3
DA:27,2
DA:30,3
DA:31,3
DA:32,1
DA:34,2
DA:37,3
DA:38,3
DA:39,3
DA:40,3
DA:42,3
DA:43,1
DA:45,3
DA:48,3
DA:49,3
DA:50,2
DA:51,1
DA:54,3
DA:57,1
DA:70,0
DA:89,2
LF:31
LH:30
BRDA:26,0,0,1
BRDA:26,0,1,2
BRDA:27,1,0,2
BRDA:27,1,1,1
BRDA:27,2,0,0
BRDA:27,2,1,1
BRDA:31,3,0,1
BRDA:31,3,1,2
BRDA:32,4,0,1
BRDA:32,4,1,0
BRDA:34,5,0,2
BRDA:34,5,1,1
BRDA:39,6,0,3
BRDA:39,6,1,0
BRDA:42,7,0,1
BRDA:42,7,1,2
BRDA:49,8,0,1
BRDA:49,8,1,2
BRDA:50,9,0,1
BRDA:50,9,1,1
BRDA:60,10,0,3
BRDA:60,10,1,3
BRDA:67,11,0,3
BRDA:67,11,1,0
BRDA:67,11,2,0
BRDA:70,12,0,0
BRDA:70,12,1,0
BRF:27
BRH:20
end_of_record
TN:
SF:src/components/WalletCard.tsx
FN:11,(anonymous_0)
FN:15,(anonymous_1)
FNF:2
FNH:2
FNDA:3,(anonymous_0)
FNDA:1,(anonymous_1)
DA:11,1
DA:12,3
DA:15,1
DA:35,1
LF:4
LH:4
BRDA:14,0,0,3
BRDA:14,0,1,3
BRF:2
BRH:2
end_of_record
TN:
SF:src/components/WalletPicker.tsx
FN:15,(anonymous_0)
FN:17,(anonymous_1)
FN:19,(anonymous_2)
FN:20,(anonymous_3)
FN:27,(anonymous_4)
FN:40,(anonymous_5)
FN:46,(anonymous_6)
FN:47,(anonymous_7)
FN:50,(anonymous_8)
FNF:9
FNH:8
FNDA:12,(anonymous_0)
FNDA:12,(anonymous_1)
FNDA:25,(anonymous_2)
FNDA:23,(anonymous_3)
FNDA:2,(anonymous_4)
FNDA:0,(anonymous_5)
FNDA:5,(anonymous_6)
FNDA:3,(anonymous_7)
FNDA:1,(anonymous_8)
DA:15,2
DA:16,12
DA:17,12
DA:19,25
DA:20,23
DA:22,12
DA:27,2
DA:40,0
DA:46,5
DA:48,3
DA:51,1
DA:52,1
DA:70,2
LF:13
LH:12
BRDA:19,0,0,25
BRDA:19,0,1,18
BRDA:26,1,0,0
BRDA:26,1,1,12
BRDA:29,2,0,2
BRDA:29,2,1,10
BRDA:30,3,0,2
BRDA:30,3,1,10
BRDA:33,4,0,12
BRDA:33,4,1,0
BRDA:59,5,0,3
BRDA:59,5,1,0
BRF:12
BRH:9
end_of_record
TN:
SF:src/database/db.ts
FN:8,(anonymous_0)
FN:25,(anonymous_1)
FN:34,(anonymous_2)
FN:50,(anonymous_3)
FN:59,(anonymous_4)
FN:70,(anonymous_5)
FN:80,(anonymous_6)
FN:98,(anonymous_7)
FN:120,(anonymous_8)
FNF:9
FNH:7
FNDA:10,(anonymous_0)
FNDA:1,(anonymous_1)
FNDA:1,(anonymous_2)
FNDA:1,(anonymous_3)
FNDA:1,(anonymous_4)
FNDA:1,(anonymous_5)
FNDA:1,(anonymous_6)
FNDA:0,(anonymous_7)
FNDA:0,(anonymous_8)
DA:4,22
DA:6,22
DA:8,22
DA:9,10
DA:10,2
DA:12,10
DA:21,22
DA:26,1
DA:27,7
DA:35,1
DA:36,1
DA:40,1
DA:41,1
DA:51,1
DA:52,1
DA:53,1
DA:60,1
DA:61,1
DA:71,1
DA:72,1
DA:80,22
DA:81,1
DA:82,1
DA:85,1
DA:88,1
DA:97,1
DA:98,1
DA:101,1
DA:102,5
DA:103,5
DA:104,5
DA:105,5
DA:113,1
DA:115,0
DA:116,0
DA:120,22
DA:121,0
DA:122,0
DA:123,0
DA:138,0
DA:140,0
DA:141,0
DA:144,0
DA:147,0
DA:149,0
DA:151,0
DA:152,0
LF:47
LH:34
BRDA:9,0,0,2
BRDA:9,0,1,8
BRDA:102,1,0,5
BRDA:102,1,1,0
BRF:4
BRH:3
end_of_record
TN:
SF:src/database/schema.ts
FNF:0
FNH:0
DA:1,22
DA:18,22
DA:32,22
DA:52,22
DA:65,22
DA:88,22
DA:105,22
DA:112,22
DA:130,22
DA:139,22
DA:149,22
LF:11
LH:11
BRF:0
BRH:0
end_of_record
TN:
SF:src/navigation/AppNavigator.tsx
FN:42,HomeTabs
FN:60,(anonymous_1)
FN:65,(anonymous_2)
FN:66,(anonymous_3)
FN:130,(anonymous_4)
FN:154,(anonymous_5)
FN:194,(anonymous_6)
FNF:7
FNH:0
FNDA:0,HomeTabs
FNDA:0,(anonymous_1)
FNDA:0,(anonymous_2)
FNDA:0,(anonymous_3)
FNDA:0,(anonymous_4)
FNDA:0,(anonymous_5)
FNDA:0,(anonymous_6)
DA:39,0
DA:40,0
DA:43,0
DA:60,0
DA:61,0
DA:62,0
DA:63,0
DA:65,0
DA:66,0
DA:67,0
DA:68,0
DA:69,0
DA:70,0
DA:71,0
DA:72,0
DA:73,0
DA:75,0
DA:78,0
DA:81,0
DA:82,0
DA:89,0
DA:130,0
DA:154,0
DA:194,0
LF:24
LH:0
BRDA:81,0,0,0
BRDA:81,0,1,0
BRDA:81,1,0,0
BRDA:81,1,1,0
BRDA:92,2,0,0
BRDA:92,2,1,0
BRDA:94,3,0,0
BRDA:94,3,1,0
BRDA:131,4,0,0
BRDA:131,4,1,0
BRDA:155,5,0,0
BRDA:155,5,1,0
BRDA:195,6,0,0
BRDA:195,6,1,0
BRF:14
BRH:0
end_of_record
TN:
SF:src/screens/AddEditBudgetScreen.tsx
FN:12,(anonymous_0)
FN:15,(anonymous_1)
FN:16,(anonymous_2)
FN:17,(anonymous_3)
FN:18,(anonymous_4)
FN:19,(anonymous_5)
FN:22,(anonymous_6)
FN:33,(anonymous_7)
FN:35,(anonymous_8)
FN:41,(anonymous_9)
FN:55,(anonymous_10)
FN:88,(anonymous_11)
FN:91,(anonymous_12)
FN:100,(anonymous_13)
FNF:14
FNH:14
FNDA:17,(anonymous_0)
FNDA:17,(anonymous_1)
FNDA:17,(anonymous_2)
FNDA:17,(anonymous_3)
FNDA:17,(anonymous_4)
FNDA:17,(anonymous_5)
FNDA:4,(anonymous_6)
FNDA:17,(anonymous_7)
FNDA:15,(anonymous_8)
FNDA:4,(anonymous_9)
FNDA:1,(anonymous_10)
FNDA:1,(anonymous_11)
FNDA:1,(anonymous_12)
FNDA:4,(anonymous_13)
DA:12,1
DA:13,17
DA:15,17
DA:16,17
DA:17,17
DA:18,17
DA:19,17
DA:21,17
DA:22,17
DA:25,17
DA:26,17
DA:27,17
DA:29,17
DA:30,17
DA:33,17
DA:35,17
DA:36,15
DA:37,4
DA:41,17
DA:42,4
DA:43,4
DA:44,1
DA:45,1
DA:48,3
DA:49,0
DA:50,0
DA:54,3
DA:55,2
DA:56,2
DA:57,1
DA:58,1
DA:62,2
DA:63,2
DA:64,1
DA:71,1
DA:81,2
DA:83,0
DA:84,0
DA:88,17
DA:89,1
DA:92,1
DA:93,1
DA:94,1
DA:100,17
DA:102,4
DA:103,4
DA:106,17
DA:144,1
LF:48
LH:44
BRDA:22,0,0,4
BRDA:22,0,1,13
BRDA:26,1,0,17
BRDA:26,1,1,13
BRDA:26,1,2,0
BRDA:27,2,0,17
BRDA:27,2,1,13
BRDA:27,2,2,0
BRDA:29,3,0,17
BRDA:29,3,1,13
BRDA:30,4,0,17
BRDA:30,4,1,13
BRDA:36,5,0,4
BRDA:36,5,1,11
BRDA:36,6,0,15
BRDA:36,6,1,15
BRDA:43,7,0,1
BRDA:43,7,1,3
BRDA:43,8,0,4
BRDA:43,8,1,3
BRDA:48,9,0,0
BRDA:48,9,1,3
BRDA:54,10,0,2
BRDA:54,10,1,1
BRDA:55,11,0,1
BRDA:55,11,1,1
BRDA:55,11,2,1
BRDA:56,12,0,1
BRDA:56,12,1,1
BRDA:63,13,0,1
BRDA:63,13,1,1
BRDA:63,14,0,2
BRDA:63,14,1,1
BRDA:92,15,0,1
BRDA:92,15,1,0
BRDA:131,16,0,4
BRDA:131,16,1,13
BRDA:134,17,0,17
BRDA:134,17,1,4
BRF:39
BRH:35
end_of_record
TN:
SF:src/screens/AddEditRecurringTransactionScreen.tsx
FN:12,(anonymous_0)
FN:16,(anonymous_1)
FN:17,(anonymous_2)
FN:18,(anonymous_3)
FN:35,(anonymous_4)
FN:46,(anonymous_5)
FN:48,(anonymous_6)
FN:65,(anonymous_7)
FN:122,(anonymous_8)
FN:162,(anonymous_9)
FN:166,(anonymous_10)
FN:215,(anonymous_11)
FN:219,(anonymous_12)
FNF:13
FNH:11
FNDA:6,(anonymous_0)
FNDA:6,(anonymous_1)
FNDA:6,(anonymous_2)
FNDA:6,(anonymous_3)
FNDA:1,(anonymous_4)
FNDA:5,(anonymous_5)
FNDA:2,(anonymous_6)
FNDA:2,(anonymous_7)
FNDA:1,(anonymous_8)
FNDA:18,(anonymous_9)
FNDA:0,(anonymous_10)
FNDA:24,(anonymous_11)
FNDA:0,(anonymous_12)
DA:12,1
DA:13,6
DA:14,6
DA:16,6
DA:17,6
DA:18,6
DA:20,6
DA:21,6
DA:22,6
DA:23,6
DA:24,6
DA:25,6
DA:26,6
DA:28,6
DA:31,6
DA:32,6
DA:33,6
DA:35,6
DA:36,1
DA:37,1
DA:38,1
DA:39,0
DA:40,0
DA:42,1
DA:43,1
DA:46,6
DA:47,5
DA:48,2
DA:49,2
DA:50,2
DA:51,2
DA:52,2
DA:53,2
DA:54,2
DA:55,2
DA:56,2
DA:57,2
DA:58,2
DA:59,2
DA:60,2
DA:65,6
DA:66,2
DA:67,1
DA:68,1
DA:70,1
DA:71,0
DA:72,0
DA:74,1
DA:75,0
DA:76,0
DA:79,1
DA:80,1
DA:82,1
DA:83,0
DA:84,0
DA:86,1
DA:87,0
DA:88,0
DA:92,1
DA:93,1
DA:94,0
DA:95,0
DA:97,1
DA:98,1
DA:99,0
DA:100,0
DA:103,1
DA:105,1
DA:106,1
DA:121,1
DA:122,1
DA:123,1
DA:127,1
DA:128,1
DA:129,1
DA:132,1
DA:139,0
DA:147,1
DA:149,0
DA:150,0
DA:154,6
DA:163,18
DA:166,0
DA:216,24
DA:219,0
DA:262,1
LF:86
LH:67
BRDA:13,0,0,6
BRDA:13,0,1,0
BRDA:38,1,0,0
BRDA:38,1,1,1
BRDA:47,2,0,2
BRDA:47,2,1,3
BRDA:47,3,0,5
BRDA:47,3,1,2
BRDA:49,4,0,2
BRDA:49,4,1,0
BRDA:54,5,0,2
BRDA:54,5,1,2
BRDA:55,6,0,2
BRDA:55,6,1,0
BRDA:56,7,0,2
BRDA:56,7,1,0
BRDA:60,8,0,2
BRDA:60,8,1,2
BRDA:66,9,0,1
BRDA:66,9,1,1
BRDA:70,10,0,0
BRDA:70,10,1,1
BRDA:74,11,0,0
BRDA:74,11,1,1
BRDA:80,12,0,1
BRDA:80,12,1,0
BRDA:82,13,0,0
BRDA:82,13,1,1
BRDA:82,14,0,1
BRDA:82,14,1,0
BRDA:82,14,2,0
BRDA:86,15,0,0
BRDA:86,15,1,1
BRDA:86,16,0,1
BRDA:86,16,1,0
BRDA:86,16,2,1
BRDA:93,17,0,0
BRDA:93,17,1,1
BRDA:98,18,0,0
BRDA:98,18,1,1
BRDA:111,19,0,0
BRDA:111,19,1,1
BRDA:112,20,0,1
BRDA:112,20,1,0
BRDA:121,21,0,1
BRDA:121,21,1,0
BRDA:121,22,0,1
BRDA:121,22,1,1
BRDA:123,23,0,1
BRDA:123,23,1,0
BRDA:128,24,0,1
BRDA:128,24,1,0
BRDA:150,25,0,0
BRDA:150,25,1,0
BRDA:157,26,0,6
BRDA:157,26,1,0
BRDA:158,27,0,6
BRDA:158,27,1,0
BRDA:165,28,0,18
BRDA:165,28,1,6
BRDA:168,29,0,18
BRDA:168,29,1,6
BRDA:191,30,0,0
BRDA:191,30,1,6
BRDA:196,31,0,6
BRDA:196,31,1,0
BRDA:205,32,0,6
BRDA:205,32,1,0
BRDA:205,32,2,6
BRDA:218,33,0,24
BRDA:218,33,1,6
BRDA:221,34,0,24
BRDA:221,34,1,6
BRDA:239,35,0,6
BRDA:239,35,1,6
BRDA:255,36,0,3
BRDA:255,36,1,3
BRF:77
BRH:50
end_of_record
TN:
SF:src/screens/AddEditSavingsGoalScreen.tsx
FN:14,(anonymous_0)
FN:17,(anonymous_1)
FN:27,(anonymous_2)
FN:37,(anonymous_3)
FN:47,(anonymous_4)
FN:85,(anonymous_5)
FN:92,(anonymous_6)
FN:139,(anonymous_7)
FN:146,(anonymous_8)
FN:156,(anonymous_9)
FN:167,(anonymous_10)
FN:171,(anonymous_11)
FN:182,(anonymous_12)
FN:186,(anonymous_13)
FNF:14
FNH:7
FNDA:7,(anonymous_0)
FNDA:0,(anonymous_1)
FNDA:1,(anonymous_2)
FNDA:1,(anonymous_3)
FNDA:2,(anonymous_4)
FNDA:0,(anonymous_5)
FNDA:0,(anonymous_6)
FNDA:1,(anonymous_7)
FNDA:0,(anonymous_8)
FNDA:0,(anonymous_9)
FNDA:63,(anonymous_10)
FNDA:0,(anonymous_11)
FNDA:42,(anonymous_12)
FNDA:0,(anonymous_13)
DA:11,1
DA:12,1
DA:14,1
DA:15,7
DA:16,7
DA:17,7
DA:19,7
DA:20,7
DA:21,7
DA:22,7
DA:23,7
DA:24,7
DA:25,7
DA:27,7
DA:28,1
DA:29,1
DA:30,1
DA:31,0
DA:32,0
DA:34,1
DA:37,7
DA:38,1
DA:39,1
DA:40,1
DA:41,0
DA:42,0
DA:44,1
DA:47,7
DA:48,2
DA:49,1
DA:50,1
DA:53,1
DA:54,1
DA:55,1
DA:56,0
DA:57,0
DA:60,1
DA:61,1
DA:63,1
DA:76,1
DA:77,0
DA:79,1
DA:82,1
DA:85,7
DA:86,0
DA:87,0
DA:93,0
DA:94,0
DA:101,7
DA:139,1
DA:146,0
DA:157,0
DA:158,0
DA:168,63
DA:171,0
DA:183,42
DA:186,0
DA:205,1
LF:58
LH:42
BRDA:17,0,0,0
BRDA:17,0,1,7
BRDA:19,1,0,7
BRDA:19,1,1,7
BRDA:20,2,0,0
BRDA:20,2,1,7
BRDA:21,3,0,0
BRDA:21,3,1,7
BRDA:22,4,0,7
BRDA:22,4,1,7
BRDA:23,5,0,7
BRDA:23,5,1,7
BRDA:24,6,0,0
BRDA:24,6,1,7
BRDA:30,7,0,0
BRDA:30,7,1,1
BRDA:40,8,0,0
BRDA:40,8,1,1
BRDA:48,9,0,1
BRDA:48,9,1,1
BRDA:54,10,0,1
BRDA:54,10,1,0
BRDA:55,11,0,0
BRDA:55,11,1,1
BRDA:61,12,0,1
BRDA:61,12,1,0
BRDA:64,13,0,0
BRDA:64,13,1,1
BRDA:68,14,0,0
BRDA:68,14,1,1
BRDA:72,15,0,0
BRDA:72,15,1,1
BRDA:76,16,0,0
BRDA:76,16,1,1
BRDA:86,17,0,0
BRDA:86,17,1,0
BRDA:141,18,0,0
BRDA:141,18,1,7
BRDA:142,19,0,0
BRDA:142,19,1,7
BRDA:145,20,0,7
BRDA:145,20,1,0
BRDA:151,21,0,7
BRDA:151,21,1,1
BRDA:153,22,0,1
BRDA:153,22,1,1
BRDA:158,23,0,0
BRDA:158,23,1,0
BRDA:170,24,0,63
BRDA:170,24,1,7
BRDA:185,25,0,42
BRDA:185,25,1,7
BRDA:196,26,0,7
BRDA:196,26,1,0
BRF:54
BRH:33
end_of_record
TN:
SF:src/screens/AddEditTemplateScreen.tsx
FN:12,(anonymous_0)
FN:16,(anonymous_1)
FN:17,(anonymous_2)
FN:18,(anonymous_3)
FN:27,(anonymous_4)
FN:38,(anonymous_5)
FN:40,(anonymous_6)
FN:52,(anonymous_7)
FN:77,(anonymous_8)
FN:124,(anonymous_9)
FN:128,(anonymous_10)
FNF:11
FNH:8
FNDA:6,(anonymous_0)
FNDA:6,(anonymous_1)
FNDA:6,(anonymous_2)
FNDA:6,(anonymous_3)
FNDA:1,(anonymous_4)
FNDA:6,(anonymous_5)
FNDA:0,(anonymous_6)
FNDA:2,(anonymous_7)
FNDA:0,(anonymous_8)
FNDA:18,(anonymous_9)
FNDA:0,(anonymous_10)
DA:12,1
DA:13,6
DA:14,6
DA:16,6
DA:17,6
DA:18,6
DA:20,6
DA:21,6
DA:22,6
DA:23,6
DA:24,6
DA:25,6
DA:27,6
DA:28,1
DA:29,1
DA:30,1
DA:31,0
DA:32,0
DA:34,1
DA:35,1
DA:38,6
DA:39,6
DA:40,0
DA:41,0
DA:42,0
DA:43,0
DA:44,0
DA:45,0
DA:46,0
DA:47,0
DA:52,6
DA:53,2
DA:54,1
DA:55,1
DA:58,1
DA:59,0
DA:60,0
DA:63,1
DA:64,0
DA:65,0
DA:68,1
DA:69,0
DA:70,0
DA:73,1
DA:75,1
DA:76,1
DA:77,0
DA:78,0
DA:79,0
DA:91,1
DA:101,1
DA:103,0
DA:104,0
DA:108,6
DA:125,18
DA:128,0
DA:177,1
LF:57
LH:35
BRDA:13,0,0,6
BRDA:13,0,1,0
BRDA:30,1,0,0
BRDA:30,1,1,1
BRDA:39,2,0,0
BRDA:39,2,1,6
BRDA:39,3,0,6
BRDA:39,3,1,0
BRDA:41,4,0,0
BRDA:41,4,1,0
BRDA:46,5,0,0
BRDA:46,5,1,0
BRDA:47,6,0,0
BRDA:47,6,1,0
BRDA:53,7,0,1
BRDA:53,7,1,1
BRDA:58,8,0,0
BRDA:58,8,1,1
BRDA:63,9,0,0
BRDA:63,9,1,1
BRDA:68,10,0,0
BRDA:68,10,1,1
BRDA:68,11,0,1
BRDA:68,11,1,1
BRDA:76,12,0,0
BRDA:76,12,1,1
BRDA:76,13,0,1
BRDA:76,13,1,0
BRDA:78,14,0,0
BRDA:78,14,1,0
BRDA:85,15,0,0
BRDA:85,15,1,0
BRDA:96,16,0,1
BRDA:96,16,1,0
BRDA:111,17,0,6
BRDA:111,17,1,0
BRDA:127,18,0,18
BRDA:127,18,1,6
BRDA:130,19,0,18
BRDA:130,19,1,6
BRDA:147,20,0,0
BRDA:147,20,1,6
BRDA:152,21,0,6
BRDA:152,21,1,6
BRDA:156,22,0,0
BRDA:156,22,1,6
BRDA:169,23,0,0
BRDA:169,23,1,6
BRF:48
BRH:24
end_of_record
TN:
SF:src/screens/AddEditWalletScreen.tsx
FN:11,(anonymous_0)
FN:15,(anonymous_1)
FN:16,(anonymous_2)
FN:17,(anonymous_3)
FN:18,(anonymous_4)
FN:31,(anonymous_5)
FN:42,(anonymous_6)
FN:44,(anonymous_7)
FN:55,(anonymous_8)
FN:62,(anonymous_9)
FN:110,(anonymous_10)
FN:114,(anonymous_11)
FN:125,(anonymous_12)
FN:133,(anonymous_13)
FNF:14
FNH:0
FNDA:0,(anonymous_0)
FNDA:0,(anonymous_1)
FNDA:0,(anonymous_2)
FNDA:0,(anonymous_3)
FNDA:0,(anonymous_4)
FNDA:0,(anonymous_5)
FNDA:0,(anonymous_6)
FNDA:0,(anonymous_7)
FNDA:0,(anonymous_8)
FNDA:0,(anonymous_9)
FNDA:0,(anonymous_10)
FNDA:0,(anonymous_11)
FNDA:0,(anonymous_12)
FNDA:0,(anonymous_13)
DA:11,0
DA:12,0
DA:13,0
DA:15,0
DA:16,0
DA:17,0
DA:18,0
DA:20,0
DA:21,0
DA:22,0
DA:23,0
DA:24,0
DA:26,0
DA:31,0
DA:32,0
DA:33,0
DA:34,0
DA:35,0
DA:36,0
DA:38,0
DA:39,0
DA:42,0
DA:43,0
DA:44,0
DA:45,0
DA:46,0
DA:47,0
DA:48,0
DA:49,0
DA:50,0
DA:55,0
DA:56,0
DA:58,0
DA:59,0
DA:61,0
DA:62,0
DA:63,0
DA:64,0
DA:75,0
DA:90,0
DA:93,0
DA:111,0
DA:114,0
DA:126,0
DA:133,0
DA:166,0
LF:46
LH:0
BRDA:34,0,0,0
BRDA:34,0,1,0
BRDA:43,1,0,0
BRDA:43,1,1,0
BRDA:43,2,0,0
BRDA:43,2,1,0
BRDA:45,3,0,0
BRDA:45,3,1,0
BRDA:50,4,0,0
BRDA:50,4,1,0
BRDA:56,5,0,0
BRDA:56,5,1,0
BRDA:56,6,0,0
BRDA:56,6,1,0
BRDA:59,7,0,0
BRDA:59,7,1,0
BRDA:61,8,0,0
BRDA:61,8,1,0
BRDA:61,9,0,0
BRDA:61,9,1,0
BRDA:63,10,0,0
BRDA:63,10,1,0
BRDA:96,11,0,0
BRDA:96,11,1,0
BRDA:97,12,0,0
BRDA:97,12,1,0
BRDA:113,13,0,0
BRDA:113,13,1,0
BRDA:116,14,0,0
BRDA:116,14,1,0
BRDA:131,15,0,0
BRDA:131,15,1,0
BRDA:159,16,0,0
BRDA:159,16,1,0
BRF:34
BRH:0
end_of_record
TN:
SF:src/screens/AddTransactionScreen.tsx
FN:13,(anonymous_0)
FN:17,(anonymous_1)
FN:18,(anonymous_2)
FN:19,(anonymous_3)
FN:20,(anonymous_4)
FN:21,(anonymous_5)
FN:22,(anonymous_6)
FN:35,(anonymous_7)
FN:37,(anonymous_8)
FN:39,(anonymous_9)
FN:50,(anonymous_10)
FN:58,(anonymous_11)
FN:60,(anonymous_12)
FN:69,(anonymous_13)
FN:75,(anonymous_14)
FN:107,(anonymous_15)
FN:113,(anonymous_16)
FN:160,(anonymous_17)
FN:161,(anonymous_18)
FN:170,(anonymous_19)
FN:174,(anonymous_20)
FNF:21
FNH:18
FNDA:27,(anonymous_0)
FNDA:27,(anonymous_1)
FNDA:27,(anonymous_2)
FNDA:27,(anonymous_3)
FNDA:27,(anonymous_4)
FNDA:27,(anonymous_5)
FNDA:27,(anonymous_6)
FNDA:27,(anonymous_7)
FNDA:0,(anonymous_8)
FNDA:6,(anonymous_9)
FNDA:1,(anonymous_10)
FNDA:25,(anonymous_11)
FNDA:1,(anonymous_12)
FNDA:0,(anonymous_13)
FNDA:7,(anonymous_14)
FNDA:0,(anonymous_15)
FNDA:1,(anonymous_16)
FNDA:2,(anonymous_17)
FNDA:1,(anonymous_18)
FNDA:81,(anonymous_19)
FNDA:1,(anonymous_20)
DA:13,1
DA:14,27
DA:15,27
DA:17,27
DA:18,27
DA:19,27
DA:20,27
DA:21,27
DA:22,27
DA:24,27
DA:25,27
DA:26,27
DA:27,27
DA:28,27
DA:29,27
DA:30,27
DA:32,27
DA:33,27
DA:34,27
DA:35,27
DA:37,27
DA:39,27
DA:40,6
DA:41,6
DA:42,6
DA:43,0
DA:44,0
DA:46,6
DA:47,6
DA:50,27
DA:51,1
DA:52,1
DA:53,1
DA:54,1
DA:55,1
DA:58,27
DA:59,25
DA:60,1
DA:61,1
DA:62,1
DA:63,1
DA:64,1
DA:65,1
DA:66,1
DA:67,1
DA:68,1
DA:69,0
DA:75,27
DA:76,7
DA:77,1
DA:78,1
DA:80,6
DA:81,1
DA:82,1
DA:86,5
DA:87,5
DA:89,5
DA:90,1
DA:91,1
DA:93,4
DA:94,1
DA:95,1
DA:98,3
DA:99,3
DA:107,0
DA:112,3
DA:113,1
DA:114,1
DA:115,1
DA:118,2
DA:125,3
DA:126,1
DA:136,3
DA:138,0
DA:139,0
DA:143,27
DA:161,2
DA:171,81
DA:174,1
DA:248,1
LF:80
LH:74
BRDA:14,0,0,27
BRDA:14,0,1,24
BRDA:24,1,0,27
BRDA:24,1,1,27
BRDA:29,2,0,27
BRDA:29,2,1,27
BRDA:42,3,0,0
BRDA:42,3,1,6
BRDA:54,4,0,1
BRDA:54,4,1,0
BRDA:55,5,0,1
BRDA:55,5,1,1
BRDA:59,6,0,1
BRDA:59,6,1,24
BRDA:59,7,0,25
BRDA:59,7,1,1
BRDA:61,8,0,1
BRDA:61,8,1,0
BRDA:65,9,0,1
BRDA:65,9,1,1
BRDA:66,10,0,1
BRDA:66,10,1,0
BRDA:67,11,0,1
BRDA:67,11,1,1
BRDA:68,12,0,0
BRDA:68,12,1,1
BRDA:76,13,0,1
BRDA:76,13,1,6
BRDA:80,14,0,1
BRDA:80,14,1,5
BRDA:87,15,0,5
BRDA:87,15,1,0
BRDA:89,16,0,1
BRDA:89,16,1,4
BRDA:89,17,0,5
BRDA:89,17,1,1
BRDA:89,17,2,0
BRDA:93,18,0,1
BRDA:93,18,1,3
BRDA:93,19,0,4
BRDA:93,19,1,0
BRDA:93,19,2,4
BRDA:103,20,0,0
BRDA:103,20,1,3
BRDA:104,21,0,3
BRDA:104,21,1,0
BRDA:105,22,0,3
BRDA:105,22,1,3
BRDA:112,23,0,1
BRDA:112,23,1,2
BRDA:112,24,0,3
BRDA:112,24,1,1
BRDA:114,25,0,1
BRDA:114,25,1,0
BRDA:125,26,0,1
BRDA:125,26,1,2
BRDA:125,27,0,3
BRDA:125,27,1,1
BRDA:131,28,0,1
BRDA:131,28,1,0
BRDA:139,29,0,0
BRDA:139,29,1,0
BRDA:146,30,0,27
BRDA:146,30,1,0
BRDA:147,31,0,27
BRDA:147,31,1,0
BRDA:150,32,0,27
BRDA:150,32,1,0
BRDA:156,33,0,27
BRDA:156,33,1,24
BRDA:156,33,2,2
BRDA:173,34,0,81
BRDA:173,34,1,27
BRDA:176,35,0,81
BRDA:176,35,1,27
BRDA:191,36,0,0
BRDA:191,36,1,27
BRDA:196,37,0,27
BRDA:196,37,1,3
BRDA:205,38,0,27
BRDA:205,38,1,3
BRDA:205,38,2,24
BRDA:223,39,0,27
BRDA:223,39,1,24
BRDA:229,40,0,24
BRDA:229,40,1,2
BRDA:241,41,0,3
BRDA:241,41,1,24
BRF:88
BRH:70
end_of_record
TN:
SF:src/screens/BudgetsScreen.tsx
FN:13,(anonymous_0)
FN:15,(anonymous_1)
FN:16,(anonymous_2)
FN:23,(anonymous_3)
FN:28,(anonymous_4)
FN:28,(anonymous_5)
FN:29,(anonymous_6)
FN:29,(anonymous_7)
FN:45,(anonymous_8)
FN:46,(anonymous_9)
FN:47,(anonymous_10)
FN:58,(anonymous_11)
FNF:12
FNH:12
FNDA:8,(anonymous_0)
FNDA:8,(anonymous_1)
FNDA:8,(anonymous_2)
FNDA:8,(anonymous_3)
FNDA:2,(anonymous_4)
FNDA:2,(anonymous_5)
FNDA:1,(anonymous_6)
FNDA:1,(anonymous_7)
FNDA:5,(anonymous_8)
FNDA:3,(anonymous_9)
FNDA:1,(anonymous_10)
FNDA:1,(anonymous_11)
DA:13,1
DA:14,8
DA:15,8
DA:16,8
DA:18,8
DA:19,8
DA:22,8
DA:24,8
DA:28,8
DA:29,8
DA:31,8
DA:45,5
DA:47,3
DA:58,1
DA:70,1
LF:15
LH:15
BRF:0
BRH:0
end_of_record
TN:
SF:src/screens/CalendarScreen.tsx
FN:24,(anonymous_0)
FN:25,(anonymous_1)
FN:26,(anonymous_2)
FN:31,(anonymous_3)
FN:37,(anonymous_4)
FN:39,(anonymous_5)
FN:49,(anonymous_6)
FN:53,(anonymous_7)
FN:59,(anonymous_8)
FN:64,(anonymous_9)
FN:65,(anonymous_10)
FN:71,(anonymous_11)
FN:91,(anonymous_12)
FN:99,(anonymous_13)
FN:103,(anonymous_14)
FN:109,(anonymous_15)
FN:123,(anonymous_16)
FN:131,(anonymous_17)
FN:153,(anonymous_18)
FN:158,(anonymous_19)
FNF:20
FNH:13
FNDA:4,(anonymous_0)
FNDA:4,(anonymous_1)
FNDA:4,(anonymous_2)
FNDA:4,(anonymous_3)
FNDA:4,(anonymous_4)
FNDA:2,(anonymous_5)
FNDA:0,(anonymous_6)
FNDA:4,(anonymous_7)
FNDA:140,(anonymous_8)
FNDA:2,(anonymous_9)
FNDA:1,(anonymous_10)
FNDA:0,(anonymous_11)
FNDA:0,(anonymous_12)
FNDA:1,(anonymous_13)
FNDA:1,(anonymous_14)
FNDA:28,(anonymous_15)
FNDA:0,(anonymous_16)
FNDA:0,(anonymous_17)
FNDA:0,(anonymous_18)
FNDA:0,(anonymous_19)
DA:24,1
DA:25,4
DA:26,4
DA:28,4
DA:29,4
DA:31,4
DA:32,4
DA:33,4
DA:34,4
DA:37,4
DA:38,4
DA:39,4
DA:40,2
DA:41,2
DA:42,1
DA:44,2
DA:46,4
DA:49,4
DA:50,0
DA:53,4
DA:54,4
DA:55,0
DA:56,0
DA:59,4
DA:60,140
DA:61,140
DA:62,140
DA:64,140
DA:65,140
DA:67,140
DA:71,0
DA:89,4
DA:90,4
DA:91,4
DA:92,0
DA:93,0
DA:96,4
DA:99,1
DA:103,1
DA:110,28
DA:123,0
DA:131,0
DA:154,0
DA:159,0
DA:160,0
DA:174,1
LF:46
LH:35
BRDA:41,0,0,1
BRDA:41,0,1,1
BRDA:54,1,0,4
BRDA:54,1,1,0
BRDA:56,2,0,0
BRDA:56,2,1,0
BRDA:62,3,0,140
BRDA:62,3,1,139
BRDA:70,4,0,140
BRDA:70,4,1,3
BRDA:75,5,0,140
BRDA:75,5,1,19
BRDA:76,6,0,140
BRDA:76,6,1,3
BRDA:81,7,0,140
BRDA:81,7,1,1
BRDA:82,8,0,140
BRDA:82,8,1,1
BRDA:92,9,0,0
BRDA:92,9,1,0
BRDA:93,10,0,0
BRDA:93,10,1,0
BRDA:129,11,0,0
BRDA:129,11,1,4
BRDA:150,12,0,4
BRDA:150,12,1,0
BRF:26
BRH:17
end_of_record
TN:
SF:src/screens/DashboardScreen.tsx
FN:21,(anonymous_0)
FN:32,(anonymous_1)
FN:40,(anonymous_2)
FN:45,(anonymous_3)
FN:45,(anonymous_4)
FN:46,(anonymous_5)
FN:46,(anonymous_6)
FN:54,(anonymous_7)
FN:57,(anonymous_8)
FN:61,(anonymous_9)
FN:75,(anonymous_10)
FN:130,(anonymous_11)
FN:134,(anonymous_12)
FN:145,(anonymous_13)
FN:149,(anonymous_14)
FN:159,(anonymous_15)
FN:165,(anonymous_16)
FN:169,(anonymous_17)
FNF:18
FNH:18
FNDA:4,(anonymous_0)
FNDA:4,(anonymous_1)
FNDA:3,(anonymous_2)
FNDA:3,(anonymous_3)
FNDA:1,(anonymous_4)
FNDA:3,(anonymous_5)
FNDA:2,(anonymous_6)
FNDA:4,(anonymous_7)
FNDA:2,(anonymous_8)
FNDA:4,(anonymous_9)
FNDA:1,(anonymous_10)
FNDA:1,(anonymous_11)
FNDA:1,(anonymous_12)
FNDA:1,(anonymous_13)
FNDA:1,(anonymous_14)
FNDA:1,(anonymous_15)
FNDA:3,(anonymous_16)
FNDA:1,(anonymous_17)
DA:21,1
DA:31,4
DA:32,4
DA:34,4
DA:35,4
DA:36,4
DA:37,4
DA:40,4
DA:41,3
DA:42,3
DA:45,4
DA:46,4
DA:49,4
DA:50,4
DA:51,4
DA:54,4
DA:57,4
DA:59,4
DA:61,4
DA:62,4
DA:65,4
DA:75,1
DA:131,1
DA:134,1
DA:145,1
DA:149,1
DA:159,1
DA:166,3
DA:169,1
DA:187,1
LF:30
LH:30
BRDA:42,0,0,3
BRDA:42,0,1,3
BRDA:72,1,0,4
BRDA:72,1,1,1
BRDA:105,2,0,3
BRDA:105,2,1,1
BRDA:110,3,0,3
BRDA:110,3,1,1
BRDA:111,4,0,3
BRDA:111,4,1,1
BRDA:112,5,0,3
BRDA:112,5,1,1
BRDA:114,6,0,4
BRDA:114,6,1,1
BRDA:127,7,0,4
BRDA:127,7,1,1
BRDA:141,8,0,4
BRDA:141,8,1,2
BRDA:164,9,0,2
BRDA:164,9,1,2
BRF:20
BRH:20
end_of_record
TN:
SF:src/screens/OnboardingScreen.tsx
FN:11,(anonymous_0)
FN:13,(anonymous_1)
FN:25,(anonymous_2)
FN:36,(anonymous_3)
FN:86,(anonymous_4)
FN:90,(anonymous_5)
FN:108,(anonymous_6)
FN:116,(anonymous_7)
FNF:8
FNH:0
FNDA:0,(anonymous_0)
FNDA:0,(anonymous_1)
FNDA:0,(anonymous_2)
FNDA:0,(anonymous_3)
FNDA:0,(anonymous_4)
FNDA:0,(anonymous_5)
FNDA:0,(anonymous_6)
FNDA:0,(anonymous_7)
DA:11,0
DA:12,0
DA:13,0
DA:15,0
DA:16,0
DA:17,0
DA:18,0
DA:20,0
DA:25,0
DA:26,0
DA:27,0
DA:28,0
DA:29,0
DA:30,0
DA:32,0
DA:33,0
DA:36,0
DA:37,0
DA:38,0
DA:39,0
DA:42,0
DA:43,0
DA:44,0
DA:47,0
DA:50,0
DA:66,0
DA:68,0
DA:69,0
DA:73,0
DA:87,0
DA:90,0
DA:109,0
DA:116,0
DA:140,0
LF:34
LH:0
BRDA:28,0,0,0
BRDA:28,0,1,0
BRDA:37,1,0,0
BRDA:37,1,1,0
BRDA:44,2,0,0
BRDA:44,2,1,0
BRDA:69,3,0,0
BRDA:69,3,1,0
BRDA:76,4,0,0
BRDA:76,4,1,0
BRDA:77,5,0,0
BRDA:77,5,1,0
BRDA:89,6,0,0
BRDA:89,6,1,0
BRDA:92,7,0,0
BRDA:92,7,1,0
BRDA:114,8,0,0
BRDA:114,8,1,0
BRF:18
BRH:0
end_of_record
TN:
SF:src/screens/PendingRecurringScreen.tsx
FN:9,(anonymous_0)
FN:10,(anonymous_1)
FN:11,(anonymous_2)
FN:12,(anonymous_3)
FN:13,(anonymous_4)
FN:14,(anonymous_5)
FN:20,(anonymous_6)
FN:20,(anonymous_7)
FN:21,(anonymous_8)
FN:21,(anonymous_9)
FN:23,(anonymous_10)
FN:26,(anonymous_11)
FN:37,(anonymous_12)
FN:49,(anonymous_13)
FN:58,(anonymous_14)
FN:66,(anonymous_15)
FN:72,(anonymous_16)
FN:88,(anonymous_17)
FN:90,(anonymous_18)
FN:121,(anonymous_19)
FN:124,(anonymous_20)
FN:127,(anonymous_21)
FN:141,(anonymous_22)
FN:159,(anonymous_23)
FN:176,(anonymous_24)
FNF:25
FNH:20
FNDA:8,(anonymous_0)
FNDA:7,(anonymous_1)
FNDA:7,(anonymous_2)
FNDA:7,(anonymous_3)
FNDA:7,(anonymous_4)
FNDA:7,(anonymous_5)
FNDA:6,(anonymous_6)
FNDA:5,(anonymous_7)
FNDA:6,(anonymous_8)
FNDA:0,(anonymous_9)
FNDA:3,(anonymous_10)
FNDA:3,(anonymous_11)
FNDA:0,(anonymous_12)
FNDA:1,(anonymous_13)
FNDA:1,(anonymous_14)
FNDA:1,(anonymous_15)
FNDA:1,(anonymous_16)
FNDA:10,(anonymous_17)
FNDA:6,(anonymous_18)
FNDA:1,(anonymous_19)
FNDA:1,(anonymous_20)
FNDA:2,(anonymous_21)
FNDA:0,(anonymous_22)
FNDA:0,(anonymous_23)
FNDA:0,(anonymous_24)
DA:9,2
DA:10,8
DA:11,8
DA:12,8
DA:13,8
DA:14,8
DA:16,8
DA:17,8
DA:18,8
DA:20,8
DA:21,8
DA:23,8
DA:25,3
DA:26,3
DA:27,3
DA:28,3
DA:29,1
DA:38,0
DA:46,2
DA:49,8
DA:50,1
DA:59,1
DA:66,8
DA:67,1
DA:68,1
DA:69,1
DA:72,8
DA:73,1
DA:74,1
DA:75,1
DA:76,1
DA:77,0
DA:78,0
DA:80,1
DA:81,1
DA:84,8
DA:88,10
DA:91,6
DA:92,6
DA:93,6
DA:94,6
DA:95,6
DA:97,6
DA:121,1
DA:124,1
DA:127,2
DA:141,0
DA:160,0
DA:161,0
DA:162,0
DA:163,0
DA:176,0
DA:190,2
LF:53
LH:44
BRDA:20,0,0,6
BRDA:20,0,1,1
BRDA:25,1,0,3
BRDA:25,1,1,0
BRDA:25,2,0,3
BRDA:25,2,1,0
BRDA:27,3,0,1
BRDA:27,3,1,2
BRDA:28,4,0,1
BRDA:28,4,1,2
BRDA:28,5,0,3
BRDA:28,5,1,3
BRDA:69,6,0,1
BRDA:69,6,1,1
BRDA:73,7,0,0
BRDA:73,7,1,1
BRDA:75,8,0,1
BRDA:75,8,1,0
BRDA:76,9,0,0
BRDA:76,9,1,1
BRDA:93,10,0,5
BRDA:93,10,1,1
BRDA:93,11,0,1
BRDA:93,11,1,0
BRDA:94,12,0,5
BRDA:94,12,1,1
BRDA:94,13,0,1
BRDA:94,13,1,0
BRDA:101,14,0,6
BRDA:101,14,1,6
BRDA:101,15,0,0
BRDA:101,15,1,6
BRDA:103,16,0,6
BRDA:103,16,1,6
BRDA:103,17,0,0
BRDA:103,17,1,6
BRDA:105,18,0,0
BRDA:105,18,1,6
BRDA:118,19,0,6
BRDA:118,19,1,0
BRDA:162,20,0,0
BRDA:162,20,1,0
BRF:42
BRH:29
end_of_record
TN:
SF:src/screens/PinLockScreen.tsx
FN:4,(anonymous_0)
FNF:1
FNH:0
FNDA:0,(anonymous_0)
DA:4,0
DA:5,0
DA:12,0
LF:3
LH:0
BRF:0
BRH:0
end_of_record
TN:
SF:src/screens/RecurringTransactionsScreen.tsx
FN:10,(anonymous_0)
FN:11,(anonymous_1)
FN:12,(anonymous_2)
FN:13,(anonymous_3)
FN:15,(anonymous_4)
FN:15,(anonymous_5)
FN:16,(anonymous_6)
FN:16,(anonymous_7)
FN:22,(anonymous_8)
FN:24,(anonymous_9)
FN:34,(anonymous_10)
FN:76,(anonymous_11)
FNF:12
FNH:9
FNDA:2,(anonymous_0)
FNDA:2,(anonymous_1)
FNDA:2,(anonymous_2)
FNDA:2,(anonymous_3)
FNDA:3,(anonymous_4)
FNDA:4,(anonymous_5)
FNDA:2,(anonymous_6)
FNDA:0,(anonymous_7)
FNDA:3,(anonymous_8)
FNDA:2,(anonymous_9)
FNDA:0,(anonymous_10)
FNDA:0,(anonymous_11)
DA:10,1
DA:11,2
DA:12,2
DA:13,2
DA:15,4
DA:16,2
DA:18,2
DA:22,3
DA:25,2
DA:26,2
DA:27,2
DA:28,2
DA:29,2
DA:31,2
DA:34,0
DA:76,0
DA:88,1
LF:17
LH:15
BRDA:15,0,0,3
BRDA:15,0,1,0
BRDA:27,1,0,1
BRDA:27,1,1,1
BRDA:27,2,0,0
BRDA:27,2,1,1
BRDA:28,3,0,1
BRDA:28,3,1,1
BRDA:28,4,0,0
BRDA:28,4,1,1
BRDA:33,5,0,2
BRDA:33,5,1,1
BRDA:38,6,0,2
BRDA:38,6,1,2
BRDA:38,7,0,1
BRDA:38,7,1,1
BRDA:40,8,0,2
BRDA:40,8,1,2
BRDA:40,8,2,2
BRDA:40,9,0,1
BRDA:40,9,1,1
BRDA:42,10,0,1
BRDA:42,10,1,1
BRDA:59,11,0,2
BRDA:59,11,1,1
BRDA:65,12,0,2
BRDA:65,12,1,0
BRF:27
BRH:23
end_of_record
TN:
SF:src/screens/ReportsScreen.tsx
FN:13,(anonymous_0)
FN:20,(anonymous_1)
FN:31,(anonymous_2)
FN:42,(anonymous_3)
FN:53,(anonymous_4)
FN:64,(anonymous_5)
FN:75,(anonymous_6)
FNF:7
FNH:1
FNDA:1,(anonymous_0)
FNDA:0,(anonymous_1)
FNDA:0,(anonymous_2)
FNDA:0,(anonymous_3)
FNDA:0,(anonymous_4)
FNDA:0,(anonymous_5)
FNDA:0,(anonymous_6)
DA:13,1
DA:14,1
DA:20,0
DA:31,0
DA:42,0
DA:53,0
DA:64,0
DA:75,0
DA:87,1
LF:9
LH:3
BRF:0
BRH:0
end_of_record
TN:
SF:src/screens/SavingsGoalDetailScreen.tsx
FN:10,(anonymous_0)
FN:13,(anonymous_1)
FN:14,(anonymous_2)
FN:30,(anonymous_3)
FN:30,(anonymous_4)
FN:36,(anonymous_5)
FN:50,(anonymous_6)
FN:52,(anonymous_7)
FN:53,(anonymous_8)
FN:68,(anonymous_9)
FN:78,(anonymous_10)
FN:168,(anonymous_11)
FN:171,(anonymous_12)
FNF:13
FNH:9
FNDA:4,(anonymous_0)
FNDA:3,(anonymous_1)
FNDA:3,(anonymous_2)
FNDA:3,(anonymous_3)
FNDA:0,(anonymous_4)
FNDA:3,(anonymous_5)
FNDA:2,(anonymous_6)
FNDA:0,(anonymous_7)
FNDA:0,(anonymous_8)
FNDA:1,(anonymous_9)
FNDA:1,(anonymous_10)
FNDA:1,(anonymous_11)
FNDA:0,(anonymous_12)
DA:10,1
DA:11,4
DA:12,4
DA:13,4
DA:14,4
DA:16,4
DA:17,4
DA:18,4
DA:19,3
DA:20,3
DA:21,3
DA:22,3
DA:23,3
DA:27,4
DA:28,4
DA:29,4
DA:30,3
DA:31,3
DA:32,3
DA:33,3
DA:34,3
DA:36,3
DA:37,3
DA:39,3
DA:40,3
DA:41,3
DA:42,3
DA:43,3
DA:47,4
DA:50,4
DA:51,2
DA:53,0
DA:60,4
DA:61,1
DA:68,3
DA:69,1
DA:70,1
DA:71,1
DA:72,0
DA:73,0
DA:75,1
DA:78,3
DA:79,1
DA:80,1
DA:81,1
DA:83,1
DA:84,1
DA:86,1
DA:87,1
DA:89,0
DA:90,0
DA:93,1
DA:100,1
DA:101,1
DA:102,1
DA:105,3
DA:168,1
DA:171,0
DA:181,1
LF:59
LH:53
BRDA:13,0,0,4
BRDA:13,0,1,0
BRDA:14,1,0,3
BRDA:14,1,1,3
BRDA:18,2,0,3
BRDA:18,2,1,1
BRDA:22,3,0,0
BRDA:22,3,1,3
BRDA:29,4,0,3
BRDA:29,4,1,1
BRDA:34,5,0,3
BRDA:34,5,1,0
BRDA:39,6,0,3
BRDA:39,6,1,0
BRDA:39,7,0,3
BRDA:39,7,1,3
BRDA:60,8,0,1
BRDA:60,8,1,3
BRDA:71,9,0,0
BRDA:71,9,1,1
BRDA:80,10,0,1
BRDA:80,10,1,0
BRDA:81,11,0,0
BRDA:81,11,1,1
BRDA:86,12,0,1
BRDA:86,12,1,0
BRDA:90,13,0,0
BRDA:90,13,1,0
BRDA:102,14,0,1
BRDA:102,14,1,0
BRDA:108,15,0,3
BRDA:108,15,1,0
BRDA:109,16,0,3
BRDA:109,16,1,0
BRDA:122,17,0,3
BRDA:122,17,1,0
BRDA:139,18,0,3
BRDA:139,18,1,0
BRF:38
BRH:23
end_of_record
TN:
SF:src/screens/SavingsGoalsScreen.tsx
FN:11,(anonymous_0)
FN:12,(anonymous_1)
FN:18,(anonymous_2)
FN:20,(anonymous_3)
FN:21,(anonymous_4)
FN:32,(anonymous_5)
FNF:6
FNH:0
FNDA:0,(anonymous_0)
FNDA:0,(anonymous_1)
FNDA:0,(anonymous_2)
FNDA:0,(anonymous_3)
FNDA:0,(anonymous_4)
FNDA:0,(anonymous_5)
DA:11,0
DA:12,0
DA:14,0
DA:18,0
DA:21,0
DA:32,0
DA:44,0
LF:7
LH:0
BRF:0
BRH:0
end_of_record
TN:
SF:src/screens/SettingsScreen.tsx
FN:18,(anonymous_0)
FN:20,(anonymous_1)
FN:24,(anonymous_2)
FN:40,(anonymous_3)
FN:56,(anonymous_4)
FN:65,(anonymous_5)
FN:74,(anonymous_6)
FN:83,(anonymous_7)
FN:84,(anonymous_8)
FN:87,(anonymous_9)
FN:99,(anonymous_10)
FN:113,(anonymous_11)
FN:119,(anonymous_12)
FN:125,(anonymous_13)
FNF:14
FNH:7
FNDA:6,(anonymous_0)
FNDA:18,(anonymous_1)
FNDA:2,(anonymous_2)
FNDA:1,(anonymous_3)
FNDA:0,(anonymous_4)
FNDA:0,(anonymous_5)
FNDA:6,(anonymous_6)
FNDA:0,(anonymous_7)
FNDA:0,(anonymous_8)
FNDA:0,(anonymous_9)
FNDA:0,(anonymous_10)
FNDA:1,(anonymous_11)
FNDA:1,(anonymous_12)
FNDA:0,(anonymous_13)
DA:16,1
DA:18,1
DA:19,6
DA:20,18
DA:21,6
DA:22,6
DA:24,6
DA:25,2
DA:26,2
DA:27,2
DA:29,2
DA:30,1
DA:32,1
DA:33,1
DA:41,1
DA:42,1
DA:43,1
DA:50,0
DA:52,2
DA:56,6
DA:57,0
DA:66,0
DA:67,0
DA:74,6
DA:75,6
DA:83,0
DA:85,0
DA:88,0
DA:89,0
DA:99,0
DA:107,6
DA:113,1
DA:119,1
DA:125,0
DA:171,1
LF:35
LH:25
BRDA:29,0,0,1
BRDA:29,0,1,1
BRDA:50,1,0,0
BRDA:50,1,1,0
BRDA:92,2,0,0
BRDA:92,2,1,0
BRDA:95,3,0,0
BRDA:95,3,1,0
BRDA:139,4,0,6
BRDA:139,4,1,0
BRF:10
BRH:3
end_of_record
TN:
SF:src/screens/SpendingChartsScreen.tsx
FN:15,(anonymous_0)
FN:26,(anonymous_1)
FN:42,(anonymous_2)
FN:47,(anonymous_3)
FN:51,(anonymous_4)
FN:55,(anonymous_5)
FN:59,(anonymous_6)
FN:63,(anonymous_7)
FN:72,(anonymous_8)
FN:76,(anonymous_9)
FN:81,(anonymous_10)
FN:91,(anonymous_11)
FN:104,(anonymous_12)
FN:108,(anonymous_13)
FN:144,(anonymous_14)
FN:189,(anonymous_15)
FNF:16
FNH:0
FNDA:0,(anonymous_0)
FNDA:0,(anonymous_1)
FNDA:0,(anonymous_2)
FNDA:0,(anonymous_3)
FNDA:0,(anonymous_4)
FNDA:0,(anonymous_5)
FNDA:0,(anonymous_6)
FNDA:0,(anonymous_7)
FNDA:0,(anonymous_8)
FNDA:0,(anonymous_9)
FNDA:0,(anonymous_10)
FNDA:0,(anonymous_11)
FNDA:0,(anonymous_12)
FNDA:0,(anonymous_13)
FNDA:0,(anonymous_14)
FNDA:0,(anonymous_15)
DA:15,0
DA:16,0
DA:17,0
DA:18,0
DA:21,0
DA:22,0
DA:23,0
DA:26,0
DA:27,0
DA:28,0
DA:30,0
DA:32,0
DA:34,0
DA:36,0
DA:41,0
DA:42,0
DA:46,0
DA:47,0
DA:51,0
DA:52,0
DA:55,0
DA:56,0
DA:57,0
DA:60,0
DA:63,0
DA:72,0
DA:73,0
DA:74,0
DA:76,0
DA:81,0
DA:92,0
DA:93,0
DA:94,0
DA:95,0
DA:104,0
DA:105,0
DA:106,0
DA:109,0
DA:124,0
DA:145,0
DA:190,0
DA:191,0
DA:192,0
DA:193,0
DA:210,0
LF:45
LH:0
BRDA:28,0,0,0
BRDA:28,0,1,0
BRDA:28,0,2,0
BRDA:28,0,3,0
BRDA:62,1,0,0
BRDA:62,1,1,0
BRDA:65,2,0,0
BRDA:65,2,1,0
BRDA:73,3,0,0
BRDA:73,3,1,0
BRDA:86,4,0,0
BRDA:86,4,1,0
BRDA:88,5,0,0
BRDA:88,5,1,0
BRDA:93,6,0,0
BRDA:93,6,1,0
BRDA:94,7,0,0
BRDA:94,7,1,0
BRDA:105,8,0,0
BRDA:105,8,1,0
BRDA:133,9,0,0
BRDA:133,9,1,0
BRDA:176,10,0,0
BRDA:176,10,1,0
BRDA:191,11,0,0
BRDA:191,11,1,0
BRDA:192,12,0,0
BRDA:192,12,1,0
BRF:28
BRH:0
end_of_record
TN:
SF:src/screens/SubscriptionsScreen.tsx
FN:10,(anonymous_0)
FN:11,(anonymous_1)
FN:12,(anonymous_2)
FN:13,(anonymous_3)
FN:15,(anonymous_4)
FN:21,(anonymous_5)
FN:44,(anonymous_6)
FN:45,(anonymous_7)
FN:46,(anonymous_8)
FN:51,(anonymous_9)
FN:110,(anonymous_10)
FN:120,(anonymous_11)
FNF:12
FNH:8
FNDA:2,(anonymous_0)
FNDA:2,(anonymous_1)
FNDA:2,(anonymous_2)
FNDA:2,(anonymous_3)
FNDA:3,(anonymous_4)
FNDA:3,(anonymous_5)
FNDA:3,(anonymous_6)
FNDA:0,(anonymous_7)
FNDA:0,(anonymous_8)
FNDA:0,(anonymous_9)
FNDA:4,(anonymous_10)
FNDA:0,(anonymous_11)
DA:10,1
DA:11,2
DA:12,2
DA:13,2
DA:15,3
DA:18,2
DA:19,2
DA:21,2
DA:22,3
DA:23,3
DA:24,3
DA:26,0
DA:27,0
DA:28,0
DA:30,0
DA:31,0
DA:32,0
DA:34,2
DA:35,2
DA:36,2
DA:38,1
DA:39,1
DA:40,1
DA:44,2
DA:45,3
DA:46,3
DA:48,3
DA:51,0
DA:86,2
DA:110,4
DA:120,0
DA:128,1
LF:32
LH:24
BRDA:22,0,0,0
BRDA:22,0,1,3
BRDA:24,1,0,0
BRDA:24,1,1,0
BRDA:24,1,2,2
BRDA:24,1,3,1
BRDA:57,2,0,3
BRDA:57,2,1,3
BRDA:58,3,0,3
BRDA:58,3,1,0
BRDA:69,4,0,3
BRDA:69,4,1,3
BRDA:71,5,0,3
BRDA:71,5,1,0
BRDA:77,6,0,3
BRDA:77,6,1,0
BRDA:101,7,0,1
BRDA:101,7,1,1
BRF:18
BRH:12
end_of_record
TN:
SF:src/screens/TagsScreen.tsx
FN:9,(anonymous_0)
FN:10,(anonymous_1)
FN:11,(anonymous_2)
FN:12,(anonymous_3)
FN:13,(anonymous_4)
FN:19,(anonymous_5)
FN:30,(anonymous_6)
FN:35,(anonymous_7)
FN:53,(anonymous_8)
FN:59,(anonymous_9)
FN:64,(anonymous_10)
FN:66,(anonymous_11)
FN:69,(anonymous_12)
FN:88,(anonymous_13)
FN:94,(anonymous_14)
FN:103,(anonymous_15)
FNF:16
FNH:14
FNDA:5,(anonymous_0)
FNDA:5,(anonymous_1)
FNDA:5,(anonymous_2)
FNDA:5,(anonymous_3)
FNDA:5,(anonymous_4)
FNDA:1,(anonymous_5)
FNDA:1,(anonymous_6)
FNDA:1,(anonymous_7)
FNDA:1,(anonymous_8)
FNDA:1,(anonymous_9)
FNDA:5,(anonymous_10)
FNDA:0,(anonymous_11)
FNDA:1,(anonymous_12)
FNDA:7,(anonymous_13)
FNDA:1,(anonymous_14)
FNDA:0,(anonymous_15)
DA:9,1
DA:10,5
DA:11,5
DA:12,5
DA:13,5
DA:15,5
DA:16,5
DA:17,5
DA:19,5
DA:20,1
DA:21,0
DA:22,0
DA:24,1
DA:25,1
DA:27,1
DA:30,5
DA:31,1
DA:32,1
DA:35,1
DA:36,1
DA:37,0
DA:38,0
DA:41,1
DA:42,1
DA:43,0
DA:45,1
DA:47,1
DA:49,0
DA:53,5
DA:54,1
DA:59,1
DA:64,5
DA:65,5
DA:66,0
DA:69,1
DA:77,5
DA:88,7
DA:94,1
DA:103,0
DA:127,1
LF:40
LH:32
BRDA:20,0,0,0
BRDA:20,0,1,1
BRDA:32,1,0,0
BRDA:32,1,1,1
BRDA:35,2,0,1
BRDA:35,2,1,0
BRDA:36,3,0,0
BRDA:36,3,1,1
BRDA:42,4,0,0
BRDA:42,4,1,1
BRDA:79,5,0,0
BRDA:79,5,1,5
BRDA:102,6,0,0
BRDA:102,6,1,5
BRF:14
BRH:7
end_of_record
TN:
SF:src/screens/TemplatesScreen.tsx
FN:10,(anonymous_0)
FN:11,(anonymous_1)
FN:12,(anonymous_2)
FN:13,(anonymous_3)
FN:14,(anonymous_4)
FN:16,(anonymous_5)
FN:22,(anonymous_6)
FN:27,(anonymous_7)
FN:31,(anonymous_8)
FN:32,(anonymous_9)
FN:33,(anonymous_10)
FN:36,(anonymous_11)
FN:39,(anonymous_12)
FN:68,(anonymous_13)
FN:76,(anonymous_14)
FNF:15
FNH:11
FNDA:2,(anonymous_0)
FNDA:2,(anonymous_1)
FNDA:2,(anonymous_2)
FNDA:2,(anonymous_3)
FNDA:2,(anonymous_4)
FNDA:1,(anonymous_5)
FNDA:1,(anonymous_6)
FNDA:1,(anonymous_7)
FNDA:1,(anonymous_8)
FNDA:0,(anonymous_9)
FNDA:0,(anonymous_10)
FNDA:0,(anonymous_11)
FNDA:1,(anonymous_12)
FNDA:2,(anonymous_13)
FNDA:0,(anonymous_14)
DA:10,1
DA:11,2
DA:12,2
DA:13,2
DA:14,2
DA:16,2
DA:17,1
DA:22,1
DA:27,2
DA:28,1
DA:31,2
DA:32,1
DA:33,1
DA:35,1
DA:36,0
DA:39,1
DA:57,2
DA:68,2
DA:76,0
DA:84,1
LF:20
LH:18
BRDA:50,0,0,1
BRDA:50,0,1,1
BRDA:51,1,0,1
BRDA:51,1,1,0
BRDA:59,2,0,1
BRDA:59,2,1,1
BRF:6
BRH:5
end_of_record
TN:
SF:src/screens/TransactionsScreen.tsx
FN:17,(anonymous_0)
FN:41,(anonymous_1)
FN:48,(anonymous_2)
FN:49,(anonymous_3)
FN:52,(anonymous_4)
FN:59,(anonymous_5)
FNF:6
FNH:6
FNDA:8,(anonymous_0)
FNDA:1,(anonymous_1)
FNDA:5,(anonymous_2)
FNDA:3,(anonymous_3)
FNDA:1,(anonymous_4)
FNDA:1,(anonymous_5)
DA:17,1
DA:24,8
DA:26,8
DA:28,8
DA:30,8
DA:32,8
DA:41,1
DA:48,5
DA:50,3
DA:52,1
DA:59,1
DA:64,1
LF:12
LH:12
BRDA:42,0,0,1
BRDA:42,0,1,7
BRF:2
BRH:2
end_of_record
TN:
SF:src/screens/WalletsScreen.tsx
FN:16,(anonymous_0)
FN:17,(anonymous_1)
FN:18,(anonymous_2)
FN:24,(anonymous_3)
FN:25,(anonymous_4)
FN:28,(anonymous_5)
FNF:6
FNH:6
FNDA:3,(anonymous_0)
FNDA:3,(anonymous_1)
FNDA:4,(anonymous_2)
FNDA:5,(anonymous_3)
FNDA:3,(anonymous_4)
FNDA:1,(anonymous_5)
DA:16,1
DA:17,3
DA:18,4
DA:20,3
DA:24,5
DA:26,3
DA:28,1
DA:39,1
LF:8
LH:8
BRF:0
BRH:0
end_of_record
TN:
SF:src/services/BudgetService.ts
FN:8,(anonymous_0)
FN:14,(anonymous_1)
FN:32,(anonymous_2)
FN:47,(anonymous_3)
FN:56,(anonymous_4)
FN:62,(anonymous_5)
FN:77,(anonymous_6)
FN:92,(anonymous_7)
FNF:8
FNH:8
FNDA:3,(anonymous_0)
FNDA:4,(anonymous_1)
FNDA:12,(anonymous_2)
FNDA:1,(anonymous_3)
FNDA:2,(anonymous_4)
FNDA:1,(anonymous_5)
FNDA:1,(anonymous_6)
FNDA:1,(anonymous_7)
DA:7,3
DA:9,3
DA:10,3
DA:11,3
DA:13,2
DA:14,4
DA:16,2
DA:18,1
DA:19,1
DA:20,1
DA:23,1
DA:31,1
DA:32,12
DA:33,5
DA:34,2
DA:48,1
DA:49,1
DA:57,2
DA:58,2
DA:59,2
DA:63,1
DA:64,1
DA:78,1
DA:79,1
DA:93,1
DA:94,1
LF:26
LH:26
BRDA:11,0,0,1
BRDA:11,0,1,2
BRDA:11,1,0,3
BRDA:11,1,1,3
BRDA:16,2,0,1
BRDA:16,2,1,1
BRDA:33,3,0,2
BRDA:33,3,1,3
BRDA:59,4,0,2
BRDA:59,4,1,1
BRF:10
BRH:10
end_of_record
TN:
SF:src/services/CategoryService.ts
FN:6,(anonymous_0)
FN:66,(anonymous_1)
FN:71,(anonymous_2)
FN:77,(anonymous_3)
FN:94,(anonymous_4)
FN:111,(anonymous_5)
FNF:6
FNH:6
FNDA:2,(anonymous_0)
FNDA:2,(anonymous_1)
FNDA:2,(anonymous_2)
FNDA:2,(anonymous_3)
FNDA:2,(anonymous_4)
FNDA:1,(anonymous_5)
DA:5,3
DA:7,2
DA:8,2
DA:9,2
DA:11,1
DA:29,1
DA:39,1
DA:40,15
DA:52,1
DA:53,7
DA:67,2
DA:68,2
DA:72,2
DA:73,2
DA:74,2
DA:78,2
DA:79,2
DA:95,2
DA:96,2
DA:112,1
DA:113,1
LF:21
LH:21
BRDA:9,0,0,1
BRDA:9,0,1,1
BRDA:9,1,0,2
BRDA:9,1,1,2
BRDA:74,2,0,2
BRDA:74,2,1,1
BRDA:85,3,0,2
BRDA:85,3,1,1
BRDA:86,4,0,2
BRDA:86,4,1,1
BRDA:87,5,0,1
BRDA:87,5,1,1
BRDA:88,6,0,1
BRDA:88,6,1,1
BRDA:102,7,0,2
BRDA:102,7,1,1
BRDA:103,8,0,2
BRDA:103,8,1,1
BRDA:104,9,0,1
BRDA:104,9,1,1
BRDA:105,10,0,1
BRDA:105,10,1,1
BRF:22
BRH:22
end_of_record
TN:
SF:src/services/FinancialIntegrityService.ts
FN:23,(anonymous_0)
FN:28,(anonymous_1)
FN:35,(anonymous_2)
FN:37,(anonymous_3)
FN:67,(anonymous_4)
FN:98,(anonymous_5)
FNF:6
FNH:6
FNDA:3,(anonymous_0)
FNDA:4,(anonymous_1)
FNDA:4,(anonymous_2)
FNDA:3,(anonymous_3)
FNDA:4,(anonymous_4)
FNDA:1,(anonymous_5)
DA:24,3
DA:27,3
DA:28,4
DA:31,3
DA:34,3
DA:35,4
DA:37,3
DA:38,3
DA:41,3
DA:42,3
DA:43,3
DA:44,2
DA:45,1
DA:46,1
DA:48,3
DA:52,3
DA:53,1
DA:54,1
DA:55,1
DA:60,3
DA:67,3
DA:69,4
DA:70,4
DA:72,4
DA:73,1
DA:74,1
DA:75,1
DA:76,1
DA:83,1
DA:87,3
DA:88,2
DA:91,3
DA:99,1
DA:100,1
DA:101,1
LF:35
LH:35
BRDA:41,0,0,3
BRDA:41,0,1,0
BRDA:43,1,0,2
BRDA:43,1,1,1
BRDA:45,2,0,1
BRDA:45,2,1,0
BRDA:45,3,0,1
BRDA:45,3,1,1
BRDA:52,4,0,1
BRDA:52,4,1,2
BRDA:52,5,0,3
BRDA:52,5,1,1
BRDA:52,5,2,1
BRDA:69,6,0,4
BRDA:69,6,1,0
BRDA:72,7,0,1
BRDA:72,7,1,3
BRDA:87,8,0,2
BRDA:87,8,1,1
BRF:19
BRH:16
end_of_record
TN:
SF:src/services/InsightEngine.ts
FN:4,(anonymous_0)
FN:15,(anonymous_1)
FN:23,(anonymous_2)
FN:29,(anonymous_3)
FN:29,(anonymous_4)
FN:30,(anonymous_5)
FN:30,(anonymous_6)
FN:56,(anonymous_7)
FN:57,(anonymous_8)
FN:59,(anonymous_9)
FN:60,(anonymous_10)
FN:63,(anonymous_11)
FN:92,(anonymous_12)
FN:92,(anonymous_13)
FN:120,(anonymous_14)
FNF:15
FNH:15
FNDA:9,(anonymous_0)
FNDA:14,(anonymous_1)
FNDA:14,(anonymous_2)
FNDA:11,(anonymous_3)
FNDA:2,(anonymous_4)
FNDA:11,(anonymous_5)
FNDA:9,(anonymous_6)
FNDA:8,(anonymous_7)
FNDA:8,(anonymous_8)
FNDA:10,(anonymous_9)
FNDA:8,(anonymous_10)
FNDA:8,(anonymous_11)
FNDA:3,(anonymous_12)
FNDA:3,(anonymous_13)
FNDA:4,(anonymous_14)
DA:10,9
DA:11,9
DA:12,9
DA:13,9
DA:15,9
DA:16,14
DA:17,14
DA:20,9
DA:21,9
DA:23,9
DA:24,14
DA:25,14
DA:29,11
DA:30,11
DA:32,9
DA:33,2
DA:34,2
DA:35,1
DA:43,1
DA:44,1
DA:56,9
DA:57,9
DA:58,8
DA:59,10
DA:60,8
DA:62,8
DA:63,8
DA:64,8
DA:66,8
DA:67,6
DA:77,2
DA:78,2
DA:92,9
DA:93,9
DA:94,3
DA:98,3
DA:99,2
DA:107,1
DA:108,1
DA:120,9
LF:40
LH:40
BRDA:17,0,0,14
BRDA:17,0,1,11
BRDA:20,1,0,1
BRDA:20,1,1,8
BRDA:21,2,0,1
BRDA:21,2,1,8
BRDA:25,3,0,14
BRDA:25,3,1,3
BRDA:32,4,0,2
BRDA:32,4,1,7
BRDA:34,5,0,1
BRDA:34,5,1,1
BRDA:43,6,0,1
BRDA:43,6,1,0
BRDA:56,7,0,8
BRDA:56,7,1,8
BRDA:59,8,0,10
BRDA:59,8,1,8
BRDA:62,9,0,8
BRDA:62,9,1,0
BRDA:64,10,0,7
BRDA:64,10,1,1
BRDA:66,11,0,6
BRDA:66,11,1,2
BRDA:77,12,0,2
BRDA:77,12,1,0
BRDA:93,13,0,3
BRDA:93,13,1,6
BRDA:93,14,0,9
BRDA:93,14,1,3
BRDA:98,15,0,2
BRDA:98,15,1,1
BRDA:98,16,0,3
BRDA:98,16,1,2
BRDA:107,17,0,1
BRDA:107,17,1,0
BRDA:107,18,0,1
BRDA:107,18,1,1
BRF:38
BRH:34
end_of_record
TN:
SF:src/services/RecurringTransactionService.ts
FN:7,(anonymous_0)
FN:10,(anonymous_1)
FN:17,(anonymous_2)
FN:32,(anonymous_3)
FN:47,(anonymous_4)
FN:53,(anonymous_5)
FN:60,(anonymous_6)
FN:67,(anonymous_7)
FN:86,(anonymous_8)
FN:97,(anonymous_9)
FNF:10
FNH:10
FNDA:2,(anonymous_0)
FNDA:2,(anonymous_1)
FNDA:1,(anonymous_2)
FNDA:1,(anonymous_3)
FNDA:1,(anonymous_4)
FNDA:2,(anonymous_5)
FNDA:1,(anonymous_6)
FNDA:5,(anonymous_7)
FNDA:1,(anonymous_8)
FNDA:2,(anonymous_9)
DA:8,2
DA:9,2
DA:10,2
DA:18,1
DA:19,1
DA:33,1
DA:34,1
DA:48,1
DA:49,1
DA:54,2
DA:55,2
DA:56,2
DA:60,2
DA:68,5
DA:69,5
DA:71,1
DA:72,1
DA:74,1
DA:75,1
DA:77,2
DA:78,2
DA:80,1
DA:81,1
DA:83,5
DA:87,1
DA:88,1
DA:93,1
DA:94,1
DA:101,2
DA:115,2
DA:118,2
DA:120,2
LF:32
LH:32
BRDA:25,0,0,1
BRDA:25,0,1,1
BRDA:26,1,0,1
BRDA:26,1,1,0
BRDA:27,2,0,1
BRDA:27,2,1,0
BRDA:27,3,0,0
BRDA:27,3,1,1
BRDA:40,4,0,1
BRDA:40,4,1,1
BRDA:40,5,0,1
BRDA:40,5,1,0
BRDA:41,6,0,1
BRDA:41,6,1,0
BRDA:42,7,0,0
BRDA:42,7,1,1
BRDA:69,8,0,1
BRDA:69,8,1,1
BRDA:69,8,2,2
BRDA:69,8,3,1
BRDA:103,9,0,2
BRDA:103,9,1,2
BRDA:104,10,0,2
BRDA:104,10,1,1
BRDA:105,11,0,2
BRDA:105,11,1,2
BRDA:106,12,0,2
BRDA:106,12,1,2
BRDA:107,13,0,2
BRDA:107,13,1,2
BRDA:108,14,0,1
BRDA:108,14,1,1
BRF:32
BRH:26
end_of_record
TN:
SF:src/services/SavingsGoalService.ts
FN:5,(anonymous_0)
FN:12,(anonymous_1)
FN:21,(anonymous_2)
FN:40,(anonymous_3)
FN:60,(anonymous_4)
FN:78,(anonymous_5)
FNF:6
FNH:6
FNDA:2,(anonymous_0)
FNDA:6,(anonymous_1)
FNDA:2,(anonymous_2)
FNDA:2,(anonymous_3)
FNDA:4,(anonymous_4)
FNDA:1,(anonymous_5)
DA:4,3
DA:6,2
DA:7,2
DA:13,6
DA:14,6
DA:18,6
DA:22,2
DA:23,2
DA:41,2
DA:42,2
DA:61,4
DA:62,4
DA:63,4
DA:65,3
DA:66,3
DA:67,3
DA:69,3
DA:79,1
DA:80,1
LF:19
LH:19
BRDA:18,0,0,6
BRDA:18,0,1,2
BRDA:30,1,0,2
BRDA:30,1,1,1
BRDA:31,2,0,2
BRDA:31,2,1,1
BRDA:32,3,0,2
BRDA:32,3,1,1
BRDA:33,4,0,2
BRDA:33,4,1,1
BRDA:34,5,0,1
BRDA:34,5,1,1
BRDA:50,6,0,2
BRDA:50,6,1,1
BRDA:51,7,0,2
BRDA:51,7,1,1
BRDA:52,8,0,2
BRDA:52,8,1,1
BRDA:53,9,0,2
BRDA:53,9,1,1
BRDA:54,10,0,1
BRDA:54,10,1,1
BRDA:63,11,0,1
BRDA:63,11,1,3
BRDA:66,12,0,1
BRDA:66,12,1,2
BRDA:72,13,0,1
BRDA:72,13,1,2
BRF:28
BRH:28
end_of_record
TN:
SF:src/services/SettingsService.ts
FN:4,(anonymous_0)
FN:13,(anonymous_1)
FN:21,(anonymous_2)
FN:26,(anonymous_3)
FN:30,(anonymous_4)
FN:35,(anonymous_5)
FN:39,(anonymous_6)
FNF:7
FNH:0
FNDA:0,(anonymous_0)
FNDA:0,(anonymous_1)
FNDA:0,(anonymous_2)
FNDA:0,(anonymous_3)
FNDA:0,(anonymous_4)
FNDA:0,(anonymous_5)
FNDA:0,(anonymous_6)
DA:3,11
DA:5,0
DA:6,0
DA:10,0
DA:14,0
DA:15,0
DA:22,0
DA:23,0
DA:27,0
DA:31,0
DA:32,0
DA:36,0
DA:40,0
DA:42,0
DA:52,0
LF:15
LH:1
BRDA:10,0,0,0
BRDA:10,0,1,0
BRDA:23,1,0,0
BRDA:23,1,1,0
BRDA:32,2,0,0
BRDA:32,2,1,0
BRF:6
BRH:0
end_of_record
TN:
SF:src/services/TagService.ts
FN:6,(anonymous_0)
FN:11,(anonymous_1)
FN:30,(anonymous_2)
FN:38,(anonymous_3)
FN:43,(anonymous_4)
FN:57,(anonymous_5)
FNF:6
FNH:6
FNDA:2,(anonymous_0)
FNDA:2,(anonymous_1)
FNDA:2,(anonymous_2)
FNDA:1,(anonymous_3)
FNDA:1,(anonymous_4)
FNDA:1,(anonymous_5)
DA:7,2
DA:8,2
DA:12,2
DA:13,2
DA:14,2
DA:16,2
DA:22,2
DA:27,2
DA:31,2
DA:32,2
DA:39,1
DA:40,1
DA:44,1
DA:46,1
DA:49,1
DA:50,2
DA:58,1
DA:59,1
LF:18
LH:18
BRDA:24,0,0,2
BRDA:24,0,1,1
BRDA:34,1,0,2
BRDA:34,1,1,1
BRF:4
BRH:4
end_of_record
TN:
SF:src/services/TransactionService.ts
FN:7,(anonymous_0)
FN:29,(anonymous_1)
FN:42,(anonymous_2)
FN:72,(anonymous_3)
FN:113,(anonymous_4)
FN:122,(anonymous_5)
FN:146,(anonymous_6)
FNF:7
FNH:7
FNDA:3,(anonymous_0)
FNDA:2,(anonymous_1)
FNDA:2,(anonymous_2)
FNDA:2,(anonymous_3)
FNDA:2,(anonymous_4)
FNDA:8,(anonymous_5)
FNDA:8,(anonymous_6)
DA:6,3
DA:8,3
DA:9,3
DA:12,3
DA:16,3
DA:17,3
DA:18,3
DA:19,3
DA:22,3
DA:23,3
DA:26,3
DA:30,2
DA:31,2
DA:32,2
DA:34,1
DA:38,1
DA:39,1
DA:43,2
DA:45,2
DA:62,2
DA:63,1
DA:64,2
DA:69,2
DA:73,2
DA:76,2
DA:77,2
DA:78,2
DA:81,2
DA:102,2
DA:103,2
DA:104,1
DA:105,1
DA:110,2
DA:114,2
DA:115,2
DA:116,2
DA:117,1
DA:119,2
DA:123,8
DA:124,2
DA:125,2
DA:126,1
DA:128,6
DA:129,2
DA:130,2
DA:131,1
DA:133,4
DA:134,3
DA:135,3
DA:136,2
DA:138,3
DA:139,1
DA:141,1
DA:142,1
DA:147,8
DA:148,2
DA:149,2
DA:150,1
DA:152,6
DA:153,2
DA:154,2
DA:155,1
DA:157,4
DA:158,3
DA:159,3
DA:160,2
DA:162,3
DA:163,1
DA:165,1
DA:166,1
LF:70
LH:70
BRDA:18,0,0,2
BRDA:18,0,1,1
BRDA:23,1,0,3
BRDA:23,1,1,1
BRDA:32,2,0,1
BRDA:32,2,1,1
BRDA:47,3,0,1
BRDA:47,3,1,1
BRDA:47,4,0,1
BRDA:47,4,1,1
BRDA:47,5,0,1
BRDA:47,5,1,1
BRDA:52,6,0,1
BRDA:52,6,1,1
BRDA:53,7,0,1
BRDA:53,7,1,1
BRDA:54,8,0,1
BRDA:54,8,1,1
BRDA:55,9,0,2
BRDA:55,9,1,1
BRDA:62,10,0,1
BRDA:62,10,1,1
BRDA:62,11,0,2
BRDA:62,11,1,1
BRDA:77,12,0,2
BRDA:77,12,1,0
BRDA:84,13,0,1
BRDA:84,13,1,1
BRDA:85,14,0,1
BRDA:85,14,1,1
BRDA:86,15,0,1
BRDA:86,15,1,1
BRDA:92,16,0,1
BRDA:92,16,1,1
BRDA:93,17,0,1
BRDA:93,17,1,1
BRDA:94,18,0,1
BRDA:94,18,1,1
BRDA:95,19,0,2
BRDA:95,19,1,1
BRDA:103,20,0,1
BRDA:103,20,1,1
BRDA:103,21,0,2
BRDA:103,21,1,1
BRDA:116,22,0,1
BRDA:116,22,1,1
BRDA:123,23,0,2
BRDA:123,23,1,6
BRDA:125,24,0,1
BRDA:125,24,1,1
BRDA:128,25,0,2
BRDA:128,25,1,4
BRDA:130,26,0,1
BRDA:130,26,1,1
BRDA:133,27,0,3
BRDA:133,27,1,1
BRDA:135,28,0,2
BRDA:135,28,1,1
BRDA:138,29,0,1
BRDA:138,29,1,2
BRDA:141,30,0,1
BRDA:141,30,1,0
BRDA:147,31,0,2
BRDA:147,31,1,6
BRDA:149,32,0,1
BRDA:149,32,1,1
BRDA:152,33,0,2
BRDA:152,33,1,4
BRDA:154,34,0,1
BRDA:154,34,1,1
BRDA:157,35,0,3
BRDA:157,35,1,1
BRDA:159,36,0,2
BRDA:159,36,1,1
BRDA:162,37,0,1
BRDA:162,37,1,2
BRDA:165,38,0,1
BRDA:165,38,1,0
BRF:78
BRH:75
end_of_record
TN:
SF:src/services/TransactionTemplateService.ts
FN:6,(anonymous_0)
FN:12,(anonymous_1)
FN:45,(anonymous_2)
FN:68,(anonymous_3)
FNF:4
FNH:4
FNDA:2,(anonymous_0)
FNDA:2,(anonymous_1)
FNDA:2,(anonymous_2)
FNDA:1,(anonymous_3)
DA:7,2
DA:8,2
DA:9,2
DA:13,2
DA:14,2
DA:15,2
DA:17,2
DA:24,2
DA:42,2
DA:46,2
DA:47,2
DA:49,2
DA:69,1
DA:70,1
LF:14
LH:14
BRDA:33,0,0,2
BRDA:33,0,1,1
BRDA:34,1,0,2
BRDA:34,1,1,1
BRDA:35,2,0,2
BRDA:35,2,1,1
BRDA:36,3,0,2
BRDA:36,3,1,1
BRDA:58,4,0,2
BRDA:58,4,1,1
BRDA:59,5,0,2
BRDA:59,5,1,1
BRDA:60,6,0,2
BRDA:60,6,1,1
BRDA:61,7,0,2
BRDA:61,7,1,1
BRF:16
BRH:16
end_of_record
TN:
SF:src/services/WalletService.ts
FN:5,(anonymous_0)
FN:8,(anonymous_1)
FN:15,(anonymous_2)
FN:26,(anonymous_3)
FN:46,(anonymous_4)
FN:66,(anonymous_5)
FN:71,(anonymous_6)
FNF:7
FNH:7
FNDA:2,(anonymous_0)
FNDA:2,(anonymous_1)
FNDA:2,(anonymous_2)
FNDA:2,(anonymous_3)
FNDA:2,(anonymous_4)
FNDA:1,(anonymous_5)
FNDA:1,(anonymous_6)
DA:4,3
DA:6,2
DA:7,2
DA:8,2
DA:16,2
DA:17,2
DA:18,2
DA:19,1
DA:27,2
DA:28,2
DA:47,2
DA:48,2
DA:67,1
DA:68,1
DA:72,1
DA:73,1
LF:16
LH:16
BRDA:18,0,0,1
BRDA:18,0,1,1
BRDA:37,1,0,2
BRDA:37,1,1,1
BRDA:38,2,0,2
BRDA:38,2,1,1
BRDA:39,3,0,1
BRDA:39,3,1,1
BRDA:40,4,0,1
BRDA:40,4,1,1
BRDA:57,5,0,2
BRDA:57,5,1,1
BRDA:58,6,0,2
BRDA:58,6,1,1
BRDA:59,7,0,1
BRDA:59,7,1,1
BRDA:60,8,0,1
BRDA:60,8,1,1
BRF:18
BRH:18
end_of_record
TN:
SF:src/store/useFinanceStore.ts
FN:72,(anonymous_0)
FN:87,(anonymous_1)
FN:106,(anonymous_2)
FN:111,(anonymous_3)
FN:116,(anonymous_4)
FN:121,(anonymous_5)
FN:126,(anonymous_6)
FN:131,(anonymous_7)
FN:136,(anonymous_8)
FN:141,(anonymous_9)
FN:143,(anonymous_10)
FN:146,(anonymous_11)
FN:148,(anonymous_12)
FN:149,(anonymous_13)
FN:153,(anonymous_14)
FN:159,(anonymous_15)
FN:164,(anonymous_16)
FN:169,(anonymous_17)
FN:174,(anonymous_18)
FN:179,(anonymous_19)
FN:184,(anonymous_20)
FN:189,(anonymous_21)
FN:194,(anonymous_22)
FN:199,(anonymous_23)
FN:204,(anonymous_24)
FN:206,(anonymous_25)
FN:210,(anonymous_26)
FN:217,(anonymous_27)
FN:226,(anonymous_28)
FN:229,(anonymous_29)
FN:230,(anonymous_30)
FN:233,(anonymous_31)
FN:235,(anonymous_32)
FN:242,(anonymous_33)
FN:247,(anonymous_34)
FN:247,(anonymous_35)
FN:248,(anonymous_36)
FN:248,(anonymous_37)
FN:249,(anonymous_38)
FN:249,(anonymous_39)
FN:250,(anonymous_40)
FN:250,(anonymous_41)
FN:258,(anonymous_42)
FN:260,(anonymous_43)
FN:265,(anonymous_44)
FN:265,(anonymous_45)
FN:266,(anonymous_46)
FN:266,(anonymous_47)
FN:272,(anonymous_48)
FN:274,(anonymous_49)
FN:284,(anonymous_50)
FN:296,(anonymous_51)
FN:303,(anonymous_52)
FN:313,(anonymous_53)
FN:318,(anonymous_54)
FN:322,(anonymous_55)
FN:326,(anonymous_56)
FN:331,(anonymous_57)
FN:335,(anonymous_58)
FN:339,(anonymous_59)
FN:344,(anonymous_60)
FN:345,(anonymous_61)
FN:346,(anonymous_62)
FN:348,(anonymous_63)
FN:355,(anonymous_64)
FN:356,(anonymous_65)
FN:357,(anonymous_66)
FN:362,(anonymous_67)
FN:371,(anonymous_68)
FN:375,(anonymous_69)
FN:378,(anonymous_70)
FN:381,(anonymous_71)
FN:384,(anonymous_72)
FN:387,(anonymous_73)
FN:390,(anonymous_74)
FN:393,(anonymous_75)
FN:393,(anonymous_76)
FN:397,(anonymous_77)
FNF:78
FNH:69
FNDA:2,(anonymous_0)
FNDA:22,(anonymous_1)
FNDA:1,(anonymous_2)
FNDA:1,(anonymous_3)
FNDA:1,(anonymous_4)
FNDA:1,(anonymous_5)
FNDA:1,(anonymous_6)
FNDA:1,(anonymous_7)
FNDA:2,(anonymous_8)
FNDA:1,(anonymous_9)
FNDA:1,(anonymous_10)
FNDA:1,(anonymous_11)
FNDA:1,(anonymous_12)
FNDA:1,(anonymous_13)
FNDA:1,(anonymous_14)
FNDA:1,(anonymous_15)
FNDA:1,(anonymous_16)
FNDA:1,(anonymous_17)
FNDA:1,(anonymous_18)
FNDA:1,(anonymous_19)
FNDA:1,(anonymous_20)
FNDA:1,(anonymous_21)
FNDA:1,(anonymous_22)
FNDA:1,(anonymous_23)
FNDA:1,(anonymous_24)
FNDA:1,(anonymous_25)
FNDA:1,(anonymous_26)
FNDA:1,(anonymous_27)
FNDA:1,(anonymous_28)
FNDA:2,(anonymous_29)
FNDA:1,(anonymous_30)
FNDA:1,(anonymous_31)
FNDA:4,(anonymous_32)
FNDA:4,(anonymous_33)
FNDA:2,(anonymous_34)
FNDA:1,(anonymous_35)
FNDA:2,(anonymous_36)
FNDA:1,(anonymous_37)
FNDA:2,(anonymous_38)
FNDA:1,(anonymous_39)
FNDA:2,(anonymous_40)
FNDA:1,(anonymous_41)
FNDA:1,(anonymous_42)
FNDA:4,(anonymous_43)
FNDA:2,(anonymous_44)
FNDA:1,(anonymous_45)
FNDA:2,(anonymous_46)
FNDA:1,(anonymous_47)
FNDA:1,(anonymous_48)
FNDA:1,(anonymous_49)
FNDA:1,(anonymous_50)
FNDA:1,(anonymous_51)
FNDA:1,(anonymous_52)
FNDA:1,(anonymous_53)
FNDA:1,(anonymous_54)
FNDA:1,(anonymous_55)
FNDA:1,(anonymous_56)
FNDA:1,(anonymous_57)
FNDA:1,(anonymous_58)
FNDA:1,(anonymous_59)
FNDA:1,(anonymous_60)
FNDA:1,(anonymous_61)
FNDA:1,(anonymous_62)
FNDA:3,(anonymous_63)
FNDA:2,(anonymous_64)
FNDA:3,(anonymous_65)
FNDA:2,(anonymous_66)
FNDA:0,(anonymous_67)
FNDA:0,(anonymous_68)
FNDA:0,(anonymous_69)
FNDA:2,(anonymous_70)
FNDA:0,(anonymous_71)
FNDA:0,(anonymous_72)
FNDA:0,(anonymous_73)
FNDA:0,(anonymous_74)
FNDA:0,(anonymous_75)
FNDA:0,(anonymous_76)
FNDA:1,(anonymous_77)
DA:72,2
DA:88,22
DA:89,22
DA:90,22
DA:91,22
DA:92,22
DA:93,22
DA:94,22
DA:95,22
DA:96,22
DA:97,22
DA:99,22
DA:101,0
DA:102,0
DA:107,1
DA:108,1
DA:112,1
DA:113,1
DA:117,1
DA:118,1
DA:122,1
DA:123,1
DA:127,1
DA:128,1
DA:132,1
DA:133,1
DA:137,2
DA:138,2
DA:142,1
DA:143,1
DA:147,1
DA:148,1
DA:149,1
DA:154,1
DA:155,1
DA:156,1
DA:160,1
DA:161,1
DA:165,1
DA:166,1
DA:170,1
DA:171,1
DA:175,1
DA:176,1
DA:180,1
DA:181,1
DA:185,1
DA:186,1
DA:190,1
DA:191,1
DA:195,1
DA:196,1
DA:200,1
DA:201,1
DA:205,1
DA:206,1
DA:209,1
DA:211,1
DA:212,1
DA:217,1
DA:219,1
DA:220,1
DA:221,1
DA:223,1
DA:227,1
DA:228,1
DA:229,2
DA:230,1
DA:234,1
DA:235,1
DA:236,4
DA:237,4
DA:240,1
DA:241,1
DA:242,1
DA:243,4
DA:244,4
DA:247,2
DA:248,2
DA:249,2
DA:250,2
DA:252,1
DA:253,1
DA:255,1
DA:259,1
DA:260,1
DA:261,4
DA:262,4
DA:265,2
DA:266,2
DA:267,1
DA:269,1
DA:273,1
DA:274,1
DA:275,1
DA:276,1
DA:279,1
DA:281,1
DA:282,1
DA:284,1
DA:285,1
DA:286,1
DA:287,1
DA:291,1
DA:293,1
DA:294,1
DA:296,1
DA:297,1
DA:298,1
DA:299,1
DA:303,1
DA:304,1
DA:306,1
DA:314,1
DA:315,1
DA:319,1
DA:320,1
DA:323,1
DA:324,1
DA:327,1
DA:328,1
DA:332,1
DA:333,1
DA:336,1
DA:337,1
DA:340,1
DA:341,1
DA:344,1
DA:345,1
DA:346,1
DA:349,3
DA:350,3
DA:353,3
DA:354,1
DA:355,1
DA:356,3
DA:357,2
DA:358,2
DA:362,0
DA:368,3
DA:369,3
DA:370,0
DA:371,0
DA:373,3
DA:374,0
DA:375,0
DA:377,3
DA:378,2
DA:380,3
DA:381,0
DA:383,3
DA:384,0
DA:386,3
DA:387,0
DA:389,3
DA:390,0
DA:392,3
DA:393,0
DA:397,3
DA:398,1
DA:400,0
DA:402,0
DA:404,1
DA:406,0
DA:408,0
DA:412,3
LF:166
LH:150
BRDA:143,0,0,1
BRDA:143,0,1,1
BRDA:149,1,0,1
BRDA:149,1,1,0
BRDA:149,2,0,1
BRDA:149,2,1,0
BRDA:206,3,0,1
BRDA:206,3,1,1
BRDA:206,3,2,1
BRDA:212,4,0,1
BRDA:212,4,1,1
BRDA:212,4,2,1
BRDA:212,4,3,1
BRDA:219,5,0,1
BRDA:219,5,1,0
BRDA:221,6,0,1
BRDA:221,6,1,0
BRDA:229,7,0,2
BRDA:229,7,1,1
BRDA:237,8,0,4
BRDA:237,8,1,2
BRDA:240,9,0,0
BRDA:240,9,1,1
BRDA:241,10,0,0
BRDA:241,10,1,1
BRDA:244,11,0,4
BRDA:244,11,1,2
BRDA:252,12,0,1
BRDA:252,12,1,0
BRDA:253,13,0,1
BRDA:253,13,1,0
BRDA:262,14,0,4
BRDA:262,14,1,2
BRDA:276,15,0,1
BRDA:276,15,1,1
BRDA:276,15,2,1
BRDA:279,16,0,0
BRDA:279,16,1,1
BRDA:285,17,0,1
BRDA:285,17,1,0
BRDA:286,18,0,1
BRDA:286,18,1,1
BRDA:291,19,0,0
BRDA:291,19,1,1
BRDA:297,20,0,1
BRDA:297,20,1,0
BRDA:307,21,0,1
BRDA:307,21,1,0
BRDA:353,22,0,1
BRDA:353,22,1,2
BRDA:359,23,0,2
BRDA:359,23,1,2
BRDA:359,23,2,2
BRDA:359,23,3,2
BRDA:369,24,0,0
BRDA:369,24,1,3
BRDA:373,25,0,0
BRDA:373,25,1,3
BRDA:377,26,0,2
BRDA:377,26,1,1
BRDA:380,27,0,0
BRDA:380,27,1,3
BRDA:383,28,0,0
BRDA:383,28,1,3
BRDA:383,29,0,3
BRDA:383,29,1,0
BRDA:386,30,0,0
BRDA:386,30,1,3
BRDA:386,31,0,3
BRDA:386,31,1,0
BRDA:387,32,0,0
BRDA:387,32,1,0
BRDA:389,33,0,0
BRDA:389,33,1,3
BRDA:389,34,0,3
BRDA:389,34,1,0
BRDA:392,35,0,0
BRDA:392,35,1,3
BRDA:392,36,0,3
BRDA:392,36,1,0
BRDA:393,37,0,0
BRDA:393,37,1,0
BRDA:398,38,0,0
BRDA:398,38,1,0
BRDA:398,38,2,1
BRDA:398,38,3,0
BRDA:398,38,4,0
BRF:87
BRH:55
end_of_record
TN:
SF:src/store/useSettingsStore.ts
FN:14,(anonymous_0)
FN:22,(anonymous_1)
FN:42,(anonymous_2)
FN:44,(anonymous_3)
FN:48,(anonymous_4)
FN:50,(anonymous_5)
FN:54,(anonymous_6)
FN:62,(anonymous_7)
FNF:8
FNH:8
FNDA:12,(anonymous_0)
FNDA:1,(anonymous_1)
FNDA:1,(anonymous_2)
FNDA:1,(anonymous_3)
FNDA:1,(anonymous_4)
FNDA:1,(anonymous_5)
FNDA:1,(anonymous_6)
FNDA:1,(anonymous_7)
DA:14,12
DA:23,1
DA:24,1
DA:25,1
DA:26,1
DA:28,1
DA:38,0
DA:39,0
DA:43,1
DA:44,1
DA:49,1
DA:50,1
DA:55,1
DA:56,1
DA:57,1
DA:59,1
DA:60,1
DA:62,1
LF:18
LH:16
BRF:0
BRH:0
end_of_record
TN:
SF:src/utils/chartHelpers.ts
FN:10,(anonymous_0)
FN:14,(anonymous_1)
FN:27,(anonymous_2)
FN:33,(anonymous_3)
FN:39,(anonymous_4)
FN:49,(anonymous_5)
FN:50,(anonymous_6)
FN:66,(anonymous_7)
FN:77,(anonymous_8)
FN:93,(anonymous_9)
FN:94,(anonymous_10)
FN:95,(anonymous_11)
FN:95,(anonymous_12)
FN:96,(anonymous_13)
FN:96,(anonymous_14)
FN:121,(anonymous_15)
FN:122,(anonymous_16)
FN:123,(anonymous_17)
FN:123,(anonymous_18)
FN:124,(anonymous_19)
FN:124,(anonymous_20)
FNF:21
FNH:21
FNDA:4,(anonymous_0)
FNDA:16,(anonymous_1)
FNDA:1,(anonymous_2)
FNDA:3,(anonymous_3)
FNDA:2,(anonymous_4)
FNDA:2,(anonymous_5)
FNDA:2,(anonymous_6)
FNDA:1,(anonymous_7)
FNDA:2,(anonymous_8)
FNDA:3,(anonymous_9)
FNDA:9,(anonymous_10)
FNDA:3,(anonymous_11)
FNDA:1,(anonymous_12)
FNDA:3,(anonymous_13)
FNDA:2,(anonymous_14)
FNDA:6,(anonymous_15)
FNDA:18,(anonymous_16)
FNDA:3,(anonymous_17)
FNDA:1,(anonymous_18)
FNDA:3,(anonymous_19)
FNDA:2,(anonymous_20)
DA:10,1
DA:14,4
DA:16,16
DA:18,12
DA:19,12
DA:27,1
DA:32,1
DA:33,3
DA:36,1
DA:37,1
DA:39,1
DA:40,2
DA:41,2
DA:42,2
DA:46,1
DA:48,1
DA:50,2
DA:51,2
DA:52,2
DA:53,2
DA:55,2
DA:66,1
DA:69,1
DA:70,1
DA:73,1
DA:77,1
DA:81,2
DA:84,2
DA:85,2
DA:87,2
DA:88,2
DA:89,2
DA:91,2
DA:92,1
DA:93,1
DA:94,9
DA:95,3
DA:96,3
DA:98,3
DA:99,3
DA:102,3
DA:111,3
DA:120,1
DA:121,1
DA:122,18
DA:123,6
DA:124,6
DA:126,6
DA:127,6
DA:129,6
DA:138,6
DA:147,2
LF:52
LH:52
BRDA:16,0,0,4
BRDA:16,0,1,12
BRDA:16,1,0,16
BRDA:16,1,1,12
BRDA:40,2,0,0
BRDA:40,2,1,2
BRDA:41,3,0,2
BRDA:41,3,1,2
BRDA:52,4,0,2
BRDA:52,4,1,0
BRDA:53,5,0,2
BRDA:53,5,1,1
BRDA:59,6,0,2
BRDA:59,6,1,1
BRDA:69,7,0,1
BRDA:69,7,1,0
BRDA:85,8,0,1
BRDA:85,8,1,1
BRDA:91,9,0,1
BRDA:91,9,1,1
BRDA:107,10,0,3
BRDA:107,10,1,0
BRF:22
BRH:18
end_of_record
